Port monitor named: Port1_e1[4].prt

nx        = 82
ny        = 68
nz        = 26

nu        = 14
nv        = 70
iu        = 7
iv        = 7

idir      = 1
dcut      = -2.845000e-002
icut      = 7
type      = 0
frequency = 4.000000e+009

fcutoff   = 0.000000e+000
alpha     = 0.000000e+000
beta      = 1.489331e+002
accuracy  = 5.373075e-010

type          = QTEM
wave imp.     = 2.185051e+002
wave imp.sig. = 3.931009e-009
line imp.     = 7.997473e+001

ref. port     = 0

-7.667334e-002  -1.172675e-001  -1.605579e-001  -2.065137e-001  -2.537203e-001  -3.004662e-001  -3.452607e-001  -3.859692e-001  -4.255799e-001  -4.560146e-001  -4.701529e-001  -4.648347e-001  -2.138577e-001  -0.000000e+000  
-5.051635e-002  -8.378147e-002  -1.290339e-001  -1.892270e-001  -2.619545e-001  -3.395212e-001  -4.170063e-001  -4.906653e-001  -5.643603e-001  -6.128853e-001  -6.268327e-001  -5.898920e-001  -2.600396e-001  -0.000000e+000  
-1.521115e-002  -3.185196e-002  -6.729071e-002  -1.377792e-001  -2.451887e-001  -3.534963e-001  -4.547574e-001  -5.597456e-001  -6.853528e-001  -7.388103e-001  -7.388674e-001  -6.599226e-001  -2.848570e-001  -0.000000e+000  
3.396016e-002  4.904621e-002  4.843480e-002  -2.793046e-002  -2.260542e-001  -3.802447e-001  -4.882668e-001  -6.240921e-001  -8.937855e-001  -9.187811e-001  -8.834024e-001  -7.440892e-001  -3.148844e-001  -0.000000e+000  
8.632546e-002  1.544314e-001  2.815936e-001  5.691677e-001  -5.286574e-001  -4.830978e-001  -4.787553e-001  -5.312097e-001  -1.373701e+000  -1.160183e+000  -1.049658e+000  -8.399372e-001  -3.500935e-001  -0.000000e+000  
1.006846e-001  1.685658e-001  2.655723e-001  4.008168e-001  -5.701569e-001  -5.013727e-001  -4.567178e-001  -4.074879e-001  -1.454437e+000  -1.308916e+000  -1.194558e+000  -9.460452e-001  -3.911877e-001  -0.000000e+000  
8.790979e-002  1.369897e-001  1.897175e-001  2.339924e-001  -5.057846e-001  -4.783737e-001  -4.412493e-001  -3.931885e-001  -1.536499e+000  -1.432207e+000  -1.327277e+000  -1.061230e+000  -4.380259e-001  -0.000000e+000  
6.767194e-002  1.001554e-001  1.280914e-001  1.452616e-001  -4.858510e-001  -4.704410e-001  -4.429656e-001  -4.054933e-001  -1.644855e+000  -1.561901e+000  -1.464398e+000  -1.187828e+000  -4.912182e-001  -0.000000e+000  
2.954977e-002  4.232357e-002  5.182103e-002  5.678747e-002  -5.403184e-001  -5.309761e-001  -5.128677e-001  -4.869136e-001  -2.037167e+000  -1.965653e+000  -1.868155e+000  -1.559062e+000  -6.515618e-001  -0.000000e+000  
1.102455e-002  1.565385e-002  1.896208e-002  2.062656e-002  -7.062799e-001  -6.970336e-001  -6.787645e-001  -6.518959e-001  -2.752307e+000  -2.668929e+000  -2.549299e+000  -2.156019e+000  -9.085206e-001  -0.000000e+000  
4.057679e-003  5.749856e-003  6.948286e-003  7.546483e-003  -9.787675e-001  -9.669031e-001  -9.433504e-001  -9.084554e-001  -3.843644e+000  -3.731924e+000  -3.569672e+000  -3.031491e+000  -1.281631e+000  -0.000000e+000  
1.488942e-003  2.108900e-003  2.547061e-003  2.765416e-003  -1.386668e+000  -1.370126e+000  -1.337256e+000  -1.288481e+000  -5.453828e+000  -5.296677e+000  -5.067891e+000  -4.307614e+000  -1.821727e+000  -0.000000e+000  
5.461084e-004  7.734375e-004  9.339906e-004  1.014003e-003  -1.982979e+000  -1.959296e+000  -1.912236e+000  -1.842401e+000  -7.798073e+000  -7.572945e+000  -7.245166e+000  -6.156029e+000  -2.599617e+000  -0.000000e+000  
2.006853e-004  2.841985e-004  3.431937e-004  3.725699e-004  -2.849072e+000  -2.814746e+000  -2.746555e+000  -2.645412e+000  -1.119388e+001  -1.086825e+001  -1.039453e+001  -8.821934e+000  -3.713996e+000  -0.000000e+000  
7.478086e-005  1.059111e-004  1.278876e-004  1.388441e-004  -4.106636e+000  -4.056331e+000  -3.956458e+000  -3.808466e+000  -1.610711e+001  -1.563203e+001  -1.494195e+001  -1.265534e+001  -5.300611e+000  -0.000000e+000  
3.170984e-005  4.491752e-005  5.423685e-005  5.888600e-005  -5.685842e+000  -5.614424e+000  -5.472763e+000  -5.263165e+000  -2.224216e+001  -2.157245e+001  -2.060210e+001  -1.739575e+001  -7.233848e+000  -0.000000e+000  
2.181773e-005  3.089077e-005  3.731443e-005  4.051655e-005  -6.514351e+000  -6.431213e+000  -6.266402e+000  -6.022787e+000  -2.543955e+001  -2.466363e+001  -2.354122e+001  -1.983910e+001  -8.214811e+000  -0.000000e+000  
1.498655e-005  2.125396e-005  2.564579e-005  2.784521e-005  -7.466303e+000  -7.369199e+000  -7.176837e+000  -6.892830e+000  -2.909689e+001  -2.819584e+001  -2.689498e+001  -2.261340e+001  -9.317519e+000  -0.000000e+000  
1.030484e-005  1.457337e-005  1.759341e-005  1.911905e-005  -8.562759e+000  -8.448839e+000  -8.223358e+000  -7.890920e+000  -3.328549e+001  -3.223587e+001  -3.072420e+001  -2.576154e+001  -1.055379e+001  -0.000000e+000  
7.059107e-006  9.974867e-006  1.207463e-005  1.307713e-005  -9.825316e+000  -9.690978e+000  -9.425362e+000  -9.034418e+000  -3.807419e+001  -3.684729e+001  -3.508553e+001  -2.931989e+001  -1.193116e+001  -0.000000e+000  
4.810526e-006  6.839751e-006  8.202486e-006  8.916614e-006  -1.128778e+001  -1.112827e+001  -1.081328e+001  -1.035063e+001  -4.357163e+001  -4.213066e+001  -4.006913e+001  -3.334789e+001  -1.346388e+001  -0.000000e+000  
3.257472e-006  4.592680e-006  5.548501e-006  5.999165e-006  -1.298847e+001  -1.279748e+001  -1.242091e+001  -1.186920e+001  -4.989328e+001  -4.819118e+001  -4.576717e+001  -3.790026e+001  -1.516133e+001  -0.000000e+000  
1.337035e-006  1.884559e-006  2.297862e-006  2.491275e-006  -1.823921e+001  -1.793799e+001  -1.734666e+001  -1.648656e+001  -6.899085e+001  -6.641326e+001  -6.279284e+001  -5.120141e+001  -1.993499e+001  -0.000000e+000  
4.820199e-007  6.797742e-007  8.236777e-007  9.042597e-007  -2.753401e+001  -2.697983e+001  -2.589980e+001  -2.434774e+001  -1.009601e+002  -9.655378e+001  -9.052119e+001  -7.166364e+001  -2.663770e+001  -0.000000e+000  
1.588358e-007  2.558806e-007  2.916291e-007  3.353435e-007  -4.333953e+001  -4.218487e+001  -3.995626e+001  -3.680569e+001  -1.500117e+002  -1.417957e+002  -1.310022e+002  -9.848061e+001  -3.407107e+001  -0.000000e+000  
6.311593e-008  8.021842e-008  9.958574e-008  9.789450e-008  -7.295246e+001  -7.020000e+001  -6.494533e+001  -5.765660e+001  -2.275069e+002  -2.106281e+002  -1.897979e+002  -1.303326e+002  -4.033602e+001  -0.000000e+000  
2.739426e-008  5.022305e-008  5.503389e-008  6.270745e-008  -1.360035e+002  -1.285460e+002  -1.144547e+002  -9.527138e+001  -3.536559e+002  -3.154201e+002  -2.723831e+002  -1.590543e+002  -4.097910e+001  -0.000000e+000  
1.184484e-008  1.782824e-008  2.877807e-008  3.665536e-008  -2.907159e+002  -2.682991e+002  -2.261765e+002  -1.695870e+002  -5.605972e+002  -4.657244e+002  -3.726307e+002  -1.582683e+002  -2.769357e+001  -0.000000e+000  
2.075070e-008  1.032840e-008  2.242350e-008  2.187586e-008  -6.507461e+002  -5.878694e+002  -4.683086e+002  -3.063071e+002  -8.267850e+002  -5.971539e+002  -4.124233e+002  -7.933964e+001  4.229408e+000  -0.000000e+000  
7.804222e-009  1.039938e-008  1.675594e-008  -0.000000e+000  -9.750165e+002  -8.781143e+002  -6.867062e+002  -4.150572e+002  -9.345435e+002  -5.811639e+002  -3.408863e+002  -1.584512e+000  2.379534e+001  -0.000000e+000  
5.768559e-009  2.917745e-008  -5.980439e-009  -8.383847e-009  -1.457326e+003  -1.322656e+003  -1.036243e+003  -5.871921e+002  -9.970438e+002  -4.566493e+002  -1.651708e+002  1.064266e+002  4.610101e+001  -0.000000e+000  
-8.708752e-009  1.224564e-008  -3.297904e-008  -1.334065e-008  -2.159041e+003  -2.015137e+003  -1.652389e+003  -9.314684e+002  -8.879531e+002  -8.999507e+001  1.915433e+002  2.432080e+002  6.928462e+001  -0.000000e+000  
9.048899e-009  -3.007906e-008  -1.221443e-008  -2.844023e-008  -3.064532e+003  -3.030743e+003  -2.815413e+003  -1.901857e+003  -1.642588e+002  7.511846e+002  7.845293e+002  3.902207e+002  8.985588e+001  -0.000000e+000  
-3.220011e-008  -5.700137e-009  -4.335315e-008  -1.498826e-008  -4.016263e+003  -4.323524e+003  -5.063393e+003  -6.669702e+003  4.445693e+003  2.412103e+003  1.554065e+003  5.185578e+002  1.050567e+002  -0.000000e+000  
-1.559206e-008  -0.000000e+000  -0.000000e+000  -2.731461e-008  -4.412070e+003  -4.846915e+003  -5.858124e+003  -7.746554e+003  5.068489e+003  2.951817e+003  1.861546e+003  5.698118e+002  1.108079e+002  -0.000000e+000  
-0.000000e+000  -1.451744e-008  -1.557687e-008  -0.000000e+000  -4.412070e+003  -4.846915e+003  -5.858124e+003  -7.746554e+003  5.068489e+003  2.951817e+003  1.861546e+003  5.698118e+002  1.108079e+002  -0.000000e+000  
-0.000000e+000  -2.703177e-008  -1.030877e-008  -0.000000e+000  -4.016263e+003  -4.323524e+003  -5.063393e+003  -6.669702e+003  4.445693e+003  2.412103e+003  1.554065e+003  5.185578e+002  1.050567e+002  -0.000000e+000  
-2.179534e-008  -8.650919e-009  -1.587316e-008  -1.802423e-008  -3.064532e+003  -3.030743e+003  -2.815413e+003  -1.901857e+003  -1.642588e+002  7.511846e+002  7.845293e+002  3.902207e+002  8.985588e+001  -0.000000e+000  
-7.260391e-009  -1.542224e-008  -1.683993e-008  -3.594558e-008  -2.159041e+003  -2.015137e+003  -1.652389e+003  -9.314684e+002  -8.879531e+002  -8.999507e+001  1.915433e+002  2.432080e+002  6.928462e+001  -0.000000e+000  
-1.700772e-008  -2.546655e-008  -6.125150e-009  -1.479949e-008  -1.457326e+003  -1.322656e+003  -1.036243e+003  -5.871921e+002  -9.970438e+002  -4.566493e+002  -1.651708e+002  1.064266e+002  4.610101e+001  -0.000000e+000  
-0.000000e+000  -1.890664e-008  -8.346617e-009  -1.190948e-008  -9.750165e+002  -8.781143e+002  -6.867062e+002  -4.150572e+002  -9.345435e+002  -5.811639e+002  -3.408863e+002  -1.584512e+000  2.379534e+001  -0.000000e+000  
-2.197732e-008  -1.169248e-008  -7.362847e-009  -0.000000e+000  -6.507461e+002  -5.878694e+002  -4.683086e+002  -3.063071e+002  -8.267850e+002  -5.971539e+002  -4.124233e+002  -7.933964e+001  4.229408e+000  -0.000000e+000  
-0.000000e+000  -1.577673e-008  3.575468e-008  2.741109e-008  -2.907159e+002  -2.682991e+002  -2.261765e+002  -1.695870e+002  -5.605972e+002  -4.657244e+002  -3.726307e+002  -1.582683e+002  -2.769357e+001  -0.000000e+000  
1.548301e-008  3.005207e-008  5.093808e-008  6.779027e-008  -1.360035e+002  -1.285460e+002  -1.144547e+002  -9.527138e+001  -3.536559e+002  -3.154201e+002  -2.723831e+002  -1.590543e+002  -4.097910e+001  -0.000000e+000  
5.921201e-008  9.576022e-008  1.311168e-007  1.510442e-007  -7.295246e+001  -7.020000e+001  -6.494533e+001  -5.765660e+001  -2.275069e+002  -2.106281e+002  -1.897979e+002  -1.303326e+002  -4.033602e+001  -0.000000e+000  
1.827291e-007  2.495918e-007  3.209692e-007  3.369976e-007  -4.333953e+001  -4.218487e+001  -3.995626e+001  -3.680569e+001  -1.500117e+002  -1.417957e+002  -1.310022e+002  -9.848061e+001  -3.407107e+001  -0.000000e+000  
4.948015e-007  6.959669e-007  8.321502e-007  8.971936e-007  -2.753401e+001  -2.697983e+001  -2.589980e+001  -2.434774e+001  -1.009601e+002  -9.655378e+001  -9.052119e+001  -7.166364e+001  -2.663770e+001  -0.000000e+000  
1.332882e-006  1.878722e-006  2.264816e-006  2.455702e-006  -1.823921e+001  -1.793799e+001  -1.734666e+001  -1.648656e+001  -6.899085e+001  -6.641326e+001  -6.279284e+001  -5.120141e+001  -1.993499e+001  -0.000000e+000  
3.237674e-006  4.567391e-006  5.553784e-006  6.010702e-006  -1.298847e+001  -1.279748e+001  -1.242091e+001  -1.186920e+001  -4.989328e+001  -4.819118e+001  -4.576717e+001  -3.790026e+001  -1.516133e+001  -0.000000e+000  
4.802022e-006  6.806230e-006  8.224767e-006  8.934114e-006  -1.128778e+001  -1.112827e+001  -1.081328e+001  -1.035063e+001  -4.357163e+001  -4.213066e+001  -4.006913e+001  -3.334789e+001  -1.346388e+001  -0.000000e+000  
7.030901e-006  9.999173e-006  1.205511e-005  1.311053e-005  -9.825316e+000  -9.690978e+000  -9.425362e+000  -9.034418e+000  -3.807419e+001  -3.684729e+001  -3.508553e+001  -2.931989e+001  -1.193116e+001  -0.000000e+000  
1.030145e-005  1.456056e-005  1.761038e-005  1.912084e-005  -8.562759e+000  -8.448839e+000  -8.223358e+000  -7.890920e+000  -3.328549e+001  -3.223587e+001  -3.072420e+001  -2.576154e+001  -1.055379e+001  -0.000000e+000  
1.499115e-005  2.123344e-005  2.566300e-005  2.784487e-005  -7.466303e+000  -7.369199e+000  -7.176837e+000  -6.892829e+000  -2.909689e+001  -2.819584e+001  -2.689498e+001  -2.261340e+001  -9.317519e+000  -0.000000e+000  
2.181082e-005  3.089994e-005  3.729749e-005  4.051156e-005  -6.514351e+000  -6.431213e+000  -6.266402e+000  -6.022787e+000  -2.543955e+001  -2.466363e+001  -2.354122e+001  -1.983910e+001  -8.214811e+000  -0.000000e+000  
3.170994e-005  4.490054e-005  5.423660e-005  5.886985e-005  -5.685842e+000  -5.614424e+000  -5.472763e+000  -5.263165e+000  -2.224216e+001  -2.157245e+001  -2.060209e+001  -1.739575e+001  -7.233848e+000  -0.000000e+000  
7.480780e-005  1.059192e-004  1.279045e-004  1.388446e-004  -4.106636e+000  -4.056331e+000  -3.956458e+000  -3.808466e+000  -1.610711e+001  -1.563203e+001  -1.494195e+001  -1.265534e+001  -5.300611e+000  -0.000000e+000  
2.006598e-004  2.841913e-004  3.431463e-004  3.725414e-004  -2.849072e+000  -2.814746e+000  -2.746555e+000  -2.645412e+000  -1.119388e+001  -1.086825e+001  -1.039453e+001  -8.821934e+000  -3.713996e+000  -0.000000e+000  
5.461134e-004  7.734219e-004  9.340145e-004  1.014009e-003  -1.982979e+000  -1.959296e+000  -1.912236e+000  -1.842401e+000  -7.798073e+000  -7.572945e+000  -7.245166e+000  -6.156029e+000  -2.599617e+000  -0.000000e+000  
1.488931e-003  2.108865e-003  2.547078e-003  2.765416e-003  -1.386668e+000  -1.370126e+000  -1.337256e+000  -1.288481e+000  -5.453828e+000  -5.296677e+000  -5.067890e+000  -4.307613e+000  -1.821727e+000  -0.000000e+000  
4.057657e-003  5.749826e-003  6.948298e-003  7.546495e-003  -9.787675e-001  -9.669030e-001  -9.433504e-001  -9.084554e-001  -3.843644e+000  -3.731923e+000  -3.569672e+000  -3.031491e+000  -1.281631e+000  -0.000000e+000  
1.102450e-002  1.565382e-002  1.896209e-002  2.062660e-002  -7.062799e-001  -6.970335e-001  -6.787645e-001  -6.518959e-001  -2.752307e+000  -2.668929e+000  -2.549299e+000  -2.156019e+000  -9.085206e-001  -0.000000e+000  
2.954976e-002  4.232358e-002  5.182103e-002  5.678749e-002  -5.403185e-001  -5.309761e-001  -5.128677e-001  -4.869136e-001  -2.037167e+000  -1.965653e+000  -1.868155e+000  -1.559062e+000  -6.515618e-001  -0.000000e+000  
6.767193e-002  1.001555e-001  1.280913e-001  1.452616e-001  -4.858510e-001  -4.704410e-001  -4.429656e-001  -4.054933e-001  -1.644855e+000  -1.561901e+000  -1.464398e+000  -1.187828e+000  -4.912182e-001  -0.000000e+000  
8.790982e-002  1.369896e-001  1.897175e-001  2.339924e-001  -5.057846e-001  -4.783737e-001  -4.412493e-001  -3.931885e-001  -1.536499e+000  -1.432207e+000  -1.327277e+000  -1.061230e+000  -4.380259e-001  -0.000000e+000  
1.006846e-001  1.685658e-001  2.655724e-001  4.008169e-001  -5.701569e-001  -5.013728e-001  -4.567178e-001  -4.074879e-001  -1.454437e+000  -1.308916e+000  -1.194558e+000  -9.460451e-001  -3.911877e-001  -0.000000e+000  
8.632549e-002  1.544314e-001  2.815936e-001  5.691678e-001  -5.286574e-001  -4.830978e-001  -4.787553e-001  -5.312097e-001  -1.373701e+000  -1.160183e+000  -1.049658e+000  -8.399372e-001  -3.500935e-001  -0.000000e+000  
3.396016e-002  4.904625e-002  4.843484e-002  -2.793045e-002  -2.260542e-001  -3.802447e-001  -4.882668e-001  -6.240921e-001  -8.937855e-001  -9.187811e-001  -8.834024e-001  -7.440892e-001  -3.148844e-001  -0.000000e+000  
-1.521111e-002  -3.185193e-002  -6.729070e-002  -1.377792e-001  -2.451887e-001  -3.534963e-001  -4.547574e-001  -5.597457e-001  -6.853528e-001  -7.388103e-001  -7.388674e-001  -6.599226e-001  -2.848570e-001  -0.000000e+000  
-5.051630e-002  -8.378143e-002  -1.290338e-001  -1.892270e-001  -2.619545e-001  -3.395212e-001  -4.170063e-001  -4.906653e-001  -5.643603e-001  -6.128853e-001  -6.268327e-001  -5.898920e-001  -2.600396e-001  -0.000000e+000  
-7.667332e-002  -1.172675e-001  -1.605579e-001  -2.065138e-001  -2.537203e-001  -3.004663e-001  -3.452608e-001  -3.859692e-001  -4.255799e-001  -4.560146e-001  -4.701529e-001  -4.648347e-001  -2.138577e-001  -0.000000e+000  

1.681199e-001  1.761380e-001  1.869385e-001  1.985133e-001  2.081772e-001  2.132824e-001  2.127653e-001  2.060510e-001  1.928854e-001  1.668992e-001  1.360933e-001  1.051449e-001  8.231635e-003  -3.353687e-002  
2.821734e-001  3.150631e-001  3.638129e-001  4.232580e-001  4.775153e-001  5.063202e-001  5.133967e-001  5.035345e-001  4.701188e-001  3.744447e-001  2.736651e-001  1.862898e-001  -1.133649e-002  -9.136253e-002  
3.061545e-001  3.507700e-001  4.238260e-001  5.284225e-001  6.326406e-001  6.679100e-001  6.704993e-001  6.699514e-001  6.463142e-001  4.689726e-001  3.203417e-001  2.067500e-001  -2.639678e-002  -1.216026e-001  
2.966396e-001  3.438343e-001  4.366847e-001  6.362433e-001  8.969033e-001  8.849328e-001  8.352991e-001  8.763092e-001  9.837670e-001  5.378371e-001  3.347104e-001  2.066937e-001  -4.943660e-002  -1.586438e-001  
2.512598e-001  2.670334e-001  2.850148e-001  2.817049e-001  -0.000000e+000  1.770478e-001  2.043927e-001  2.640043e-001  4.023267e-001  3.750660e-001  2.780380e-001  1.826376e-001  -8.136938e-002  -2.038863e-001  
1.939434e-001  1.872415e-001  1.673176e-001  1.138258e-001  -0.000000e+000  1.019672e-001  1.721524e-001  2.363729e-001  2.988416e-001  2.814140e-001  2.204755e-001  1.470920e-001  -1.224394e-001  -2.586520e-001  
1.427729e-001  1.292642e-001  1.037614e-001  5.954947e-002  -0.000000e+000  7.951504e-002  1.494409e-001  2.111167e-001  2.631807e-001  2.317887e-001  1.760700e-001  1.090845e-001  -1.723096e-001  -3.237732e-001  
7.427537e-002  6.323163e-002  4.636143e-002  2.392726e-002  -0.000000e+000  6.800662e-002  1.333763e-001  1.943293e-001  2.494300e-001  1.892446e-001  1.199601e-001  4.529623e-002  -2.736526e-001  -4.559729e-001  
2.867594e-002  2.390775e-002  1.703278e-002  8.546766e-003  -0.000000e+000  7.755282e-002  1.539564e-001  2.281664e-001  2.992922e-001  1.868210e-001  7.176315e-002  -4.346503e-002  -4.917214e-001  -7.478662e-001  
1.054322e-002  8.745785e-003  6.189690e-003  3.087792e-003  -0.000000e+000  1.011369e-001  2.013783e-001  2.998561e-001  3.957521e-001  2.097932e-001  2.398776e-002  -1.583164e-001  -8.367758e-001  -1.217434e+000  
3.867648e-003  3.204569e-003  2.264644e-003  1.128345e-003  -0.000000e+000  1.344604e-001  2.679437e-001  3.994829e-001  5.281304e-001  2.381397e-001  -4.973984e-002  -3.303996e-001  -1.357787e+000  -1.926303e+000  
1.417943e-003  1.174544e-003  8.297704e-004  4.133210e-004  -0.000000e+000  1.779867e-001  3.548024e-001  5.292794e-001  7.002576e-001  2.578153e-001  -1.800756e-001  -6.056780e-001  -2.150568e+000  -2.995943e+000  
5.194182e-004  4.302276e-004  3.039134e-004  1.513723e-004  -0.000000e+000  2.334454e-001  4.655002e-001  6.947699e-001  9.198537e-001  2.508253e-001  -4.097392e-001  -1.050172e+000  -3.358400e+000  -4.606146e+000  
1.892683e-004  1.567710e-004  1.107465e-004  5.516144e-005  -0.000000e+000  3.026848e-001  6.038312e-001  9.018800e-001  1.195233e+000  1.871146e-001  -8.057031e-001  -1.765549e+000  -5.195717e+000  -7.019950e+000  
7.369268e-005  6.104793e-005  4.312705e-005  2.148431e-005  -0.000000e+000  3.813030e-001  7.612033e-001  1.138236e+000  1.510816e+000  2.315849e-002  -1.437392e+000  -2.844322e+000  -7.814961e+000  -1.039906e+001  
4.141199e-005  3.431123e-005  2.422724e-005  1.207911e-005  -0.000000e+000  4.392786e-001  8.776959e-001  1.314260e+000  1.747732e+000  -1.969277e-001  -2.100476e+000  -3.927472e+000  -1.030592e+001  -1.354578e+001  
2.851661e-005  2.362320e-005  1.667461e-005  8.321649e-006  -0.000000e+000  4.733833e-001  9.464383e-001  1.418648e+000  1.889133e+000  -3.660756e-001  -2.569530e+000  -4.679523e+000  -1.199013e+001  -1.564954e+001  
1.965222e-005  1.628473e-005  1.149636e-005  5.721298e-006  -0.000000e+000  5.069559e-001  1.014432e+000  1.522671e+000  2.031391e+000  -5.877185e-001  -3.141077e+000  -5.579376e+000  -1.394943e+001  -1.806658e+001  
1.358083e-005  1.125851e-005  7.928572e-006  3.960486e-006  -0.000000e+000  5.384639e-001  1.078753e+000  1.622287e+000  2.169709e+000  -8.761321e-001  -3.837715e+000  -6.656475e+000  -1.622426e+001  -2.083399e+001  
9.407236e-006  7.803401e-006  5.486035e-006  2.746256e-006  -0.000000e+000  5.656889e-001  1.135175e+000  1.711655e+000  2.297184e+000  -1.250229e+000  -4.688724e+000  -7.948435e+000  -1.886316e+001  -2.399430e+001  
6.568302e-006  5.418831e-006  3.841458e-006  1.908671e-006  -0.000000e+000  5.853539e-001  1.177461e+000  1.782182e+000  2.403688e+000  -1.736091e+000  -5.733765e+000  -9.505594e+000  -2.192771e+001  -2.759962e+001  
3.332874e-006  2.756615e-006  1.948386e-006  9.681651e-007  -0.000000e+000  5.975475e-001  1.209354e+000  1.848036e+000  2.523108e+000  -2.810729e+000  -7.925842e+000  -1.270950e+001  -2.797597e+001  -3.457259e+001  
1.289189e-006  1.071713e-006  7.525675e-007  3.773858e-007  -0.000000e+000  4.616291e-001  9.655173e-001  1.549349e+000  2.242203e+000  -5.839553e+000  -1.346221e+001  -2.044183e+001  -4.102908e+001  -4.879281e+001  
4.735925e-007  3.875221e-007  2.773084e-007  1.343378e-007  -0.000000e+000  -2.244699e-001  -3.197898e-001  -1.712702e-001  3.087321e-001  -1.268867e+001  -2.460141e+001  -3.512105e+001  -6.187158e+001  -6.952122e+001  
1.738257e-007  1.399948e-007  1.006179e-007  4.680695e-008  -0.000000e+000  -2.534745e+000  -4.673388e+000  -6.067567e+000  -6.457832e+000  -2.802951e+001  -4.690092e+001  -6.262121e+001  -9.266346e+001  -9.633824e+001  
5.475624e-008  4.618959e-008  3.357641e-008  1.630582e-008  -0.000000e+000  -9.794493e+000  -1.833096e+001  -2.451435e+001  -2.755463e+001  -6.440182e+001  -9.417708e+001  -1.166331e+002  -1.368536e+002  -1.280038e+002  
1.677283e-008  1.812885e-008  1.942182e-008  1.064319e-008  -0.000000e+000  -3.274370e+001  -6.133479e+001  -8.215972e+001  -9.265992e+001  -1.555796e+002  -1.990162e+002  -2.254376e+002  -1.958303e+002  -1.589959e+002  
1.343067e-008  1.467867e-008  8.014539e-009  5.618234e-009  -0.000000e+000  -1.025927e+002  -1.920428e+002  -2.563626e+002  -2.865336e+002  -3.812999e+002  -4.215130e+002  -4.252957e+002  -2.563891e+002  -1.746656e+002  
2.188147e-008  1.090569e-008  -0.000000e+000  4.808293e-009  -0.000000e+000  -2.363481e+002  -4.459579e+002  -5.991965e+002  -6.665679e+002  -7.544278e+002  -7.206933e+002  -6.339400e+002  -2.787608e+002  -1.651781e+002  
9.493027e-009  6.971965e-009  -1.065450e-008  -0.000000e+000  -0.000000e+000  -3.587052e+002  -6.875228e+002  -9.414944e+002  -1.056258e+003  -1.096106e+003  -9.515270e+002  -7.590147e+002  -2.794876e+002  -1.525389e+002  
-0.000000e+000  -8.395978e-009  -0.000000e+000  -2.125211e-008  -0.000000e+000  -5.296752e+002  -1.051304e+003  -1.511868e+003  -1.758628e+003  -1.622942e+003  -1.233157e+003  -8.579986e+002  -2.619730e+002  -1.318818e+002  
5.099145e-009  4.577478e-009  -1.030324e-008  1.221302e-008  -0.000000e+000  -7.101926e+002  -1.507222e+003  -2.419516e+003  -3.173432e+003  -2.394397e+003  -1.501587e+003  -8.719697e+002  -2.209047e+002  -1.033156e+002  
6.451514e-009  -0.000000e+000  1.941344e-008  1.234012e-008  -0.000000e+000  -7.509486e+002  -1.773348e+003  -3.556583e+003  -6.759251e+003  -3.269347e+003  -1.528161e+003  -7.184083e+002  -1.543235e+002  -6.799337e+001  
1.034262e-008  2.144461e-008  1.118932e-008  -0.000000e+000  -0.000000e+000  -4.125401e+002  -9.589793e+002  -1.790056e+003  -0.000000e+000  -1.546055e+003  -7.984008e+002  -3.718082e+002  -7.527938e+001  -3.229774e+001  
-8.785683e-009  -0.000000e+000  3.945486e-008  1.967536e-008  -0.000000e+000  8.509330e-009  -8.127450e-009  7.953098e-009  -0.000000e+000  6.315263e-009  2.635985e-008  3.225220e-008  -8.412088e-009  3.213328e-008  
-0.000000e+000  -0.000000e+000  6.091213e-009  -0.000000e+000  -0.000000e+000  4.125401e+002  9.589793e+002  1.790056e+003  -0.000000e+000  1.546055e+003  7.984008e+002  3.718082e+002  7.527938e+001  3.229774e+001  
-1.085516e-008  -0.000000e+000  9.876095e-009  -0.000000e+000  -0.000000e+000  7.509486e+002  1.773348e+003  3.556583e+003  6.759251e+003  3.269347e+003  1.528161e+003  7.184083e+002  1.543235e+002  6.799337e+001  
-5.887469e-009  1.101166e-008  7.757513e-009  -0.000000e+000  -0.000000e+000  7.101926e+002  1.507222e+003  2.419516e+003  3.173432e+003  2.394397e+003  1.501587e+003  8.719697e+002  2.209047e+002  1.033156e+002  
4.614484e-009  -1.390222e-008  5.125680e-009  -0.000000e+000  -0.000000e+000  5.296752e+002  1.051304e+003  1.511868e+003  1.758628e+003  1.622942e+003  1.233157e+003  8.579986e+002  2.619730e+002  1.318818e+002  
-9.530637e-009  9.428017e-009  -0.000000e+000  -5.137478e-009  -0.000000e+000  3.587052e+002  6.875228e+002  9.414944e+002  1.056258e+003  1.096106e+003  9.515270e+002  7.590147e+002  2.794876e+002  1.525389e+002  
-9.736093e-009  -1.832896e-008  -0.000000e+000  6.535041e-009  -0.000000e+000  2.363481e+002  4.459579e+002  5.991965e+002  6.665679e+002  7.544278e+002  7.206933e+002  6.339400e+002  2.787608e+002  1.651781e+002  
-1.060995e-008  -1.109878e-008  -0.000000e+000  -7.874833e-009  -0.000000e+000  1.025927e+002  1.920428e+002  2.563626e+002  2.865336e+002  3.812999e+002  4.215130e+002  4.252957e+002  2.563891e+002  1.746656e+002  
-1.866747e-008  -2.360001e-008  -1.715979e-008  -1.281477e-008  -0.000000e+000  3.274370e+001  6.133479e+001  8.215972e+001  9.265992e+001  1.555796e+002  1.990162e+002  2.254376e+002  1.958303e+002  1.589959e+002  
-6.709047e-008  -5.593275e-008  -4.140146e-008  -2.192063e-008  -0.000000e+000  9.794493e+000  1.833096e+001  2.451435e+001  2.755463e+001  6.440182e+001  9.417708e+001  1.166331e+002  1.368536e+002  1.280038e+002  
-1.721758e-007  -1.468572e-007  -1.001734e-007  -5.340850e-008  -0.000000e+000  2.534745e+000  4.673388e+000  6.067567e+000  6.457832e+000  2.802951e+001  4.690092e+001  6.262121e+001  9.266346e+001  9.633824e+001  
-4.770474e-007  -3.942091e-007  -2.755511e-007  -1.375893e-007  -0.000000e+000  2.244699e-001  3.197898e-001  1.712702e-001  -3.087321e-001  1.268867e+001  2.460141e+001  3.512105e+001  6.187158e+001  6.952122e+001  
-1.277224e-006  -1.059288e-006  -7.530599e-007  -3.736382e-007  -0.000000e+000  -4.616291e-001  -9.655174e-001  -1.549349e+000  -2.242203e+000  5.839553e+000  1.346221e+001  2.044183e+001  4.102908e+001  4.879281e+001  
-3.321699e-006  -2.747745e-006  -1.940919e-006  -9.617031e-007  -0.000000e+000  -5.975476e-001  -1.209354e+000  -1.848036e+000  -2.523108e+000  2.810729e+000  7.925842e+000  1.270950e+001  2.797597e+001  3.457259e+001  
-6.568604e-006  -5.439237e-006  -3.840000e-006  -1.915675e-006  -0.000000e+000  -5.853539e-001  -1.177461e+000  -1.782182e+000  -2.403688e+000  1.736091e+000  5.733765e+000  9.505594e+000  2.192771e+001  2.759962e+001  
-9.409644e-006  -7.785915e-006  -5.514195e-006  -2.747705e-006  -0.000000e+000  -5.656889e-001  -1.135175e+000  -1.711655e+000  -2.297184e+000  1.250229e+000  4.688724e+000  7.948435e+000  1.886316e+001  2.399430e+001  
-1.357986e-005  -1.125584e-005  -7.941006e-006  -3.957915e-006  -0.000000e+000  -5.384639e-001  -1.078753e+000  -1.622287e+000  -2.169709e+000  8.761321e-001  3.837715e+000  6.656475e+000  1.622426e+001  2.083399e+001  
-1.965127e-005  -1.627702e-005  -1.150642e-005  -5.720397e-006  -0.000000e+000  -5.069559e-001  -1.014432e+000  -1.522671e+000  -2.031391e+000  5.877184e-001  3.141077e+000  5.579376e+000  1.394943e+001  1.806658e+001  
-2.850575e-005  -2.360034e-005  -1.669074e-005  -8.309625e-006  -0.000000e+000  -4.733833e-001  -9.464383e-001  -1.418648e+000  -1.889133e+000  3.660756e-001  2.569530e+000  4.679523e+000  1.199013e+001  1.564954e+001  
-4.139093e-005  -3.430171e-005  -2.420753e-005  -1.207697e-005  -0.000000e+000  -4.392786e-001  -8.776960e-001  -1.314260e+000  -1.747732e+000  1.969277e-001  2.100476e+000  3.927472e+000  1.030592e+001  1.354578e+001  
-7.370794e-005  -6.105739e-005  -4.313198e-005  -2.148543e-005  -0.000000e+000  -3.813030e-001  -7.612033e-001  -1.138236e+000  -1.510816e+000  -2.315854e-002  1.437392e+000  2.844322e+000  7.814961e+000  1.039906e+001  
-1.892651e-004  -1.567612e-004  -1.107336e-004  -5.515382e-005  -0.000000e+000  -3.026848e-001  -6.038312e-001  -9.018800e-001  -1.195233e+000  -1.871146e-001  8.057031e-001  1.765549e+000  5.195717e+000  7.019950e+000  
-5.194147e-004  -4.302250e-004  -3.039129e-004  -1.513710e-004  -0.000000e+000  -2.334454e-001  -4.655002e-001  -6.947700e-001  -9.198538e-001  -2.508253e-001  4.097392e-001  1.050172e+000  3.358400e+000  4.606146e+000  
-1.417940e-003  -1.174537e-003  -8.297673e-004  -4.133151e-004  -0.000000e+000  -1.779867e-001  -3.548024e-001  -5.292794e-001  -7.002577e-001  -2.578153e-001  1.800756e-001  6.056780e-001  2.150568e+000  2.995943e+000  
-3.867655e-003  -3.204579e-003  -2.264648e-003  -1.128352e-003  -0.000000e+000  -1.344604e-001  -2.679437e-001  -3.994829e-001  -5.281303e-001  -2.381397e-001  4.973986e-002  3.303997e-001  1.357787e+000  1.926303e+000  
-1.054323e-002  -8.745793e-003  -6.189692e-003  -3.087794e-003  -0.000000e+000  -1.011368e-001  -2.013783e-001  -2.998561e-001  -3.957521e-001  -2.097932e-001  -2.398773e-002  1.583164e-001  8.367758e-001  1.217434e+000  
-2.867596e-002  -2.390777e-002  -1.703280e-002  -8.546773e-003  -0.000000e+000  -7.755282e-002  -1.539564e-001  -2.281664e-001  -2.992922e-001  -1.868210e-001  -7.176316e-002  4.346502e-002  4.917214e-001  7.478661e-001  
-7.427538e-002  -6.323163e-002  -4.636143e-002  -2.392726e-002  -0.000000e+000  -6.800662e-002  -1.333763e-001  -1.943292e-001  -2.494300e-001  -1.892446e-001  -1.199601e-001  -4.529627e-002  2.736526e-001  4.559728e-001  
-1.427729e-001  -1.292643e-001  -1.037615e-001  -5.954949e-002  -0.000000e+000  -7.951507e-002  -1.494409e-001  -2.111167e-001  -2.631807e-001  -2.317888e-001  -1.760701e-001  -1.090845e-001  1.723095e-001  3.237732e-001  
-1.939435e-001  -1.872415e-001  -1.673176e-001  -1.138258e-001  -0.000000e+000  -1.019672e-001  -1.721524e-001  -2.363729e-001  -2.988416e-001  -2.814140e-001  -2.204755e-001  -1.470921e-001  1.224393e-001  2.586519e-001  
-2.512598e-001  -2.670334e-001  -2.850148e-001  -2.817049e-001  -0.000000e+000  -1.770478e-001  -2.043927e-001  -2.640043e-001  -4.023267e-001  -3.750661e-001  -2.780381e-001  -1.826377e-001  8.136933e-002  2.038862e-001  
-2.966396e-001  -3.438343e-001  -4.366848e-001  -6.362433e-001  -8.969034e-001  -8.849329e-001  -8.352992e-001  -8.763093e-001  -9.837670e-001  -5.378371e-001  -3.347105e-001  -2.066938e-001  4.943655e-002  1.586437e-001  
-3.061546e-001  -3.507700e-001  -4.238260e-001  -5.284226e-001  -6.326406e-001  -6.679101e-001  -6.704994e-001  -6.699515e-001  -6.463142e-001  -4.689727e-001  -3.203418e-001  -2.067501e-001  2.639673e-002  1.216025e-001  
-2.821734e-001  -3.150632e-001  -3.638130e-001  -4.232581e-001  -4.775154e-001  -5.063203e-001  -5.133968e-001  -5.035346e-001  -4.701189e-001  -3.744447e-001  -2.736652e-001  -1.862899e-001  1.133645e-002  9.136245e-002  
-1.681200e-001  -1.761381e-001  -1.869385e-001  -1.985133e-001  -2.081772e-001  -2.132824e-001  -2.127654e-001  -2.060510e-001  -1.928855e-001  -1.668992e-001  -1.360933e-001  -1.051449e-001  -8.231668e-003  3.353681e-002  
-0.000000e+000  -0.000000e+000  -0.000000e+000  -0.000000e+000  -0.000000e+000  -0.000000e+000  -0.000000e+000  -0.000000e+000  -0.000000e+000  -0.000000e+000  -0.000000e+000  -0.000000e+000  -0.000000e+000  -0.000000e+000  

0.000000e+000  0.000000e+000  0.000000e+000  0.000000e+000  0.000000e+000  0.000000e+000  0.000000e+000  0.000000e+000  0.000000e+000  0.000000e+000  0.000000e+000  0.000000e+000  0.000000e+000  0.000000e+000  
0.000000e+000  0.000000e+000  0.000000e+000  0.000000e+000  0.000000e+000  0.000000e+000  0.000000e+000  0.000000e+000  0.000000e+000  0.000000e+000  0.000000e+000  0.000000e+000  0.000000e+000  0.000000e+000  
0.000000e+000  0.000000e+000  0.000000e+000  0.000000e+000  0.000000e+000  0.000000e+000  0.000000e+000  0.000000e+000  0.000000e+000  0.000000e+000  0.000000e+000  0.000000e+000  0.000000e+000  0.000000e+000  
0.000000e+000  0.000000e+000  0.000000e+000  0.000000e+000  0.000000e+000  0.000000e+000  0.000000e+000  0.000000e+000  0.000000e+000  0.000000e+000  0.000000e+000  0.000000e+000  0.000000e+000  0.000000e+000  
0.000000e+000  0.000000e+000  0.000000e+000  0.000000e+000  0.000000e+000  0.000000e+000  0.000000e+000  0.000000e+000  0.000000e+000  0.000000e+000  0.000000e+000  0.000000e+000  0.000000e+000  0.000000e+000  
0.000000e+000  0.000000e+000  0.000000e+000  0.000000e+000  0.000000e+000  0.000000e+000  0.000000e+000  0.000000e+000  0.000000e+000  0.000000e+000  0.000000e+000  0.000000e+000  0.000000e+000  0.000000e+000  
0.000000e+000  0.000000e+000  0.000000e+000  0.000000e+000  0.000000e+000  0.000000e+000  0.000000e+000  0.000000e+000  0.000000e+000  0.000000e+000  0.000000e+000  0.000000e+000  0.000000e+000  0.000000e+000  
0.000000e+000  0.000000e+000  0.000000e+000  0.000000e+000  0.000000e+000  0.000000e+000  0.000000e+000  0.000000e+000  0.000000e+000  0.000000e+000  0.000000e+000  0.000000e+000  0.000000e+000  0.000000e+000  
0.000000e+000  0.000000e+000  0.000000e+000  0.000000e+000  0.000000e+000  0.000000e+000  0.000000e+000  0.000000e+000  0.000000e+000  0.000000e+000  0.000000e+000  0.000000e+000  0.000000e+000  0.000000e+000  
0.000000e+000  0.000000e+000  0.000000e+000  0.000000e+000  0.000000e+000  0.000000e+000  0.000000e+000  0.000000e+000  0.000000e+000  0.000000e+000  0.000000e+000  0.000000e+000  0.000000e+000  0.000000e+000  
0.000000e+000  0.000000e+000  0.000000e+000  0.000000e+000  0.000000e+000  0.000000e+000  0.000000e+000  0.000000e+000  0.000000e+000  0.000000e+000  0.000000e+000  0.000000e+000  0.000000e+000  0.000000e+000  
0.000000e+000  0.000000e+000  0.000000e+000  0.000000e+000  0.000000e+000  0.000000e+000  0.000000e+000  0.000000e+000  0.000000e+000  0.000000e+000  0.000000e+000  0.000000e+000  0.000000e+000  0.000000e+000  
0.000000e+000  0.000000e+000  0.000000e+000  0.000000e+000  0.000000e+000  0.000000e+000  0.000000e+000  0.000000e+000  0.000000e+000  0.000000e+000  0.000000e+000  0.000000e+000  0.000000e+000  0.000000e+000  
0.000000e+000  0.000000e+000  0.000000e+000  0.000000e+000  0.000000e+000  0.000000e+000  0.000000e+000  0.000000e+000  0.000000e+000  0.000000e+000  0.000000e+000  0.000000e+000  0.000000e+000  0.000000e+000  
0.000000e+000  0.000000e+000  0.000000e+000  0.000000e+000  0.000000e+000  0.000000e+000  0.000000e+000  0.000000e+000  0.000000e+000  0.000000e+000  0.000000e+000  0.000000e+000  0.000000e+000  0.000000e+000  
0.000000e+000  0.000000e+000  0.000000e+000  0.000000e+000  0.000000e+000  0.000000e+000  0.000000e+000  0.000000e+000  0.000000e+000  0.000000e+000  0.000000e+000  0.000000e+000  0.000000e+000  0.000000e+000  
0.000000e+000  0.000000e+000  0.000000e+000  0.000000e+000  0.000000e+000  0.000000e+000  0.000000e+000  0.000000e+000  0.000000e+000  0.000000e+000  0.000000e+000  0.000000e+000  0.000000e+000  0.000000e+000  
0.000000e+000  0.000000e+000  0.000000e+000  0.000000e+000  0.000000e+000  0.000000e+000  0.000000e+000  0.000000e+000  0.000000e+000  0.000000e+000  0.000000e+000  0.000000e+000  0.000000e+000  0.000000e+000  
0.000000e+000  0.000000e+000  0.000000e+000  0.000000e+000  0.000000e+000  0.000000e+000  0.000000e+000  0.000000e+000  0.000000e+000  0.000000e+000  0.000000e+000  0.000000e+000  0.000000e+000  0.000000e+000  
0.000000e+000  0.000000e+000  0.000000e+000  0.000000e+000  0.000000e+000  0.000000e+000  0.000000e+000  0.000000e+000  0.000000e+000  0.000000e+000  0.000000e+000  0.000000e+000  0.000000e+000  0.000000e+000  
0.000000e+000  0.000000e+000  0.000000e+000  0.000000e+000  0.000000e+000  0.000000e+000  0.000000e+000  0.000000e+000  0.000000e+000  0.000000e+000  0.000000e+000  0.000000e+000  0.000000e+000  0.000000e+000  
0.000000e+000  0.000000e+000  0.000000e+000  0.000000e+000  0.000000e+000  0.000000e+000  0.000000e+000  0.000000e+000  0.000000e+000  0.000000e+000  0.000000e+000  0.000000e+000  0.000000e+000  0.000000e+000  
0.000000e+000  0.000000e+000  0.000000e+000  0.000000e+000  0.000000e+000  0.000000e+000  0.000000e+000  0.000000e+000  0.000000e+000  0.000000e+000  0.000000e+000  0.000000e+000  0.000000e+000  0.000000e+000  
0.000000e+000  0.000000e+000  0.000000e+000  0.000000e+000  0.000000e+000  0.000000e+000  0.000000e+000  0.000000e+000  0.000000e+000  0.000000e+000  0.000000e+000  0.000000e+000  0.000000e+000  0.000000e+000  
0.000000e+000  0.000000e+000  0.000000e+000  0.000000e+000  0.000000e+000  0.000000e+000  0.000000e+000  0.000000e+000  0.000000e+000  0.000000e+000  0.000000e+000  0.000000e+000  0.000000e+000  0.000000e+000  
0.000000e+000  0.000000e+000  0.000000e+000  0.000000e+000  0.000000e+000  0.000000e+000  0.000000e+000  0.000000e+000  0.000000e+000  0.000000e+000  0.000000e+000  0.000000e+000  0.000000e+000  0.000000e+000  
0.000000e+000  0.000000e+000  0.000000e+000  0.000000e+000  0.000000e+000  0.000000e+000  0.000000e+000  0.000000e+000  0.000000e+000  0.000000e+000  0.000000e+000  0.000000e+000  0.000000e+000  0.000000e+000  
0.000000e+000  0.000000e+000  0.000000e+000  0.000000e+000  0.000000e+000  0.000000e+000  0.000000e+000  0.000000e+000  0.000000e+000  0.000000e+000  0.000000e+000  0.000000e+000  0.000000e+000  0.000000e+000  
0.000000e+000  0.000000e+000  0.000000e+000  0.000000e+000  0.000000e+000  0.000000e+000  0.000000e+000  0.000000e+000  0.000000e+000  0.000000e+000  0.000000e+000  0.000000e+000  0.000000e+000  0.000000e+000  
0.000000e+000  0.000000e+000  0.000000e+000  0.000000e+000  0.000000e+000  0.000000e+000  0.000000e+000  0.000000e+000  0.000000e+000  0.000000e+000  0.000000e+000  0.000000e+000  0.000000e+000  0.000000e+000  
0.000000e+000  0.000000e+000  0.000000e+000  0.000000e+000  0.000000e+000  0.000000e+000  0.000000e+000  0.000000e+000  0.000000e+000  0.000000e+000  0.000000e+000  0.000000e+000  0.000000e+000  0.000000e+000  
0.000000e+000  0.000000e+000  0.000000e+000  0.000000e+000  0.000000e+000  0.000000e+000  0.000000e+000  0.000000e+000  0.000000e+000  0.000000e+000  0.000000e+000  0.000000e+000  0.000000e+000  0.000000e+000  
0.000000e+000  0.000000e+000  0.000000e+000  0.000000e+000  0.000000e+000  0.000000e+000  0.000000e+000  0.000000e+000  0.000000e+000  0.000000e+000  0.000000e+000  0.000000e+000  0.000000e+000  0.000000e+000  
0.000000e+000  0.000000e+000  0.000000e+000  0.000000e+000  0.000000e+000  0.000000e+000  0.000000e+000  0.000000e+000  0.000000e+000  0.000000e+000  0.000000e+000  0.000000e+000  0.000000e+000  0.000000e+000  
0.000000e+000  0.000000e+000  0.000000e+000  0.000000e+000  0.000000e+000  0.000000e+000  0.000000e+000  0.000000e+000  0.000000e+000  0.000000e+000  0.000000e+000  0.000000e+000  0.000000e+000  0.000000e+000  
0.000000e+000  0.000000e+000  0.000000e+000  0.000000e+000  0.000000e+000  0.000000e+000  0.000000e+000  0.000000e+000  0.000000e+000  0.000000e+000  0.000000e+000  0.000000e+000  0.000000e+000  0.000000e+000  
0.000000e+000  0.000000e+000  0.000000e+000  0.000000e+000  0.000000e+000  0.000000e+000  0.000000e+000  0.000000e+000  0.000000e+000  0.000000e+000  0.000000e+000  0.000000e+000  0.000000e+000  0.000000e+000  
0.000000e+000  0.000000e+000  0.000000e+000  0.000000e+000  0.000000e+000  0.000000e+000  0.000000e+000  0.000000e+000  0.000000e+000  0.000000e+000  0.000000e+000  0.000000e+000  0.000000e+000  0.000000e+000  
0.000000e+000  0.000000e+000  0.000000e+000  0.000000e+000  0.000000e+000  0.000000e+000  0.000000e+000  0.000000e+000  0.000000e+000  0.000000e+000  0.000000e+000  0.000000e+000  0.000000e+000  0.000000e+000  
0.000000e+000  0.000000e+000  0.000000e+000  0.000000e+000  0.000000e+000  0.000000e+000  0.000000e+000  0.000000e+000  0.000000e+000  0.000000e+000  0.000000e+000  0.000000e+000  0.000000e+000  0.000000e+000  
0.000000e+000  0.000000e+000  0.000000e+000  0.000000e+000  0.000000e+000  0.000000e+000  0.000000e+000  0.000000e+000  0.000000e+000  0.000000e+000  0.000000e+000  0.000000e+000  0.000000e+000  0.000000e+000  
0.000000e+000  0.000000e+000  0.000000e+000  0.000000e+000  0.000000e+000  0.000000e+000  0.000000e+000  0.000000e+000  0.000000e+000  0.000000e+000  0.000000e+000  0.000000e+000  0.000000e+000  0.000000e+000  
0.000000e+000  0.000000e+000  0.000000e+000  0.000000e+000  0.000000e+000  0.000000e+000  0.000000e+000  0.000000e+000  0.000000e+000  0.000000e+000  0.000000e+000  0.000000e+000  0.000000e+000  0.000000e+000  
0.000000e+000  0.000000e+000  0.000000e+000  0.000000e+000  0.000000e+000  0.000000e+000  0.000000e+000  0.000000e+000  0.000000e+000  0.000000e+000  0.000000e+000  0.000000e+000  0.000000e+000  0.000000e+000  
0.000000e+000  0.000000e+000  0.000000e+000  0.000000e+000  0.000000e+000  0.000000e+000  0.000000e+000  0.000000e+000  0.000000e+000  0.000000e+000  0.000000e+000  0.000000e+000  0.000000e+000  0.000000e+000  
0.000000e+000  0.000000e+000  0.000000e+000  0.000000e+000  0.000000e+000  0.000000e+000  0.000000e+000  0.000000e+000  0.000000e+000  0.000000e+000  0.000000e+000  0.000000e+000  0.000000e+000  0.000000e+000  
0.000000e+000  0.000000e+000  0.000000e+000  0.000000e+000  0.000000e+000  0.000000e+000  0.000000e+000  0.000000e+000  0.000000e+000  0.000000e+000  0.000000e+000  0.000000e+000  0.000000e+000  0.000000e+000  
0.000000e+000  0.000000e+000  0.000000e+000  0.000000e+000  0.000000e+000  0.000000e+000  0.000000e+000  0.000000e+000  0.000000e+000  0.000000e+000  0.000000e+000  0.000000e+000  0.000000e+000  0.000000e+000  
0.000000e+000  0.000000e+000  0.000000e+000  0.000000e+000  0.000000e+000  0.000000e+000  0.000000e+000  0.000000e+000  0.000000e+000  0.000000e+000  0.000000e+000  0.000000e+000  0.000000e+000  0.000000e+000  
0.000000e+000  0.000000e+000  0.000000e+000  0.000000e+000  0.000000e+000  0.000000e+000  0.000000e+000  0.000000e+000  0.000000e+000  0.000000e+000  0.000000e+000  0.000000e+000  0.000000e+000  0.000000e+000  
0.000000e+000  0.000000e+000  0.000000e+000  0.000000e+000  0.000000e+000  0.000000e+000  0.000000e+000  0.000000e+000  0.000000e+000  0.000000e+000  0.000000e+000  0.000000e+000  0.000000e+000  0.000000e+000  
0.000000e+000  0.000000e+000  0.000000e+000  0.000000e+000  0.000000e+000  0.000000e+000  0.000000e+000  0.000000e+000  0.000000e+000  0.000000e+000  0.000000e+000  0.000000e+000  0.000000e+000  0.000000e+000  
0.000000e+000  0.000000e+000  0.000000e+000  0.000000e+000  0.000000e+000  0.000000e+000  0.000000e+000  0.000000e+000  0.000000e+000  0.000000e+000  0.000000e+000  0.000000e+000  0.000000e+000  0.000000e+000  
0.000000e+000  0.000000e+000  0.000000e+000  0.000000e+000  0.000000e+000  0.000000e+000  0.000000e+000  0.000000e+000  0.000000e+000  0.000000e+000  0.000000e+000  0.000000e+000  0.000000e+000  0.000000e+000  
0.000000e+000  0.000000e+000  0.000000e+000  0.000000e+000  0.000000e+000  0.000000e+000  0.000000e+000  0.000000e+000  0.000000e+000  0.000000e+000  0.000000e+000  0.000000e+000  0.000000e+000  0.000000e+000  
0.000000e+000  0.000000e+000  0.000000e+000  0.000000e+000  0.000000e+000  0.000000e+000  0.000000e+000  0.000000e+000  0.000000e+000  0.000000e+000  0.000000e+000  0.000000e+000  0.000000e+000  0.000000e+000  
0.000000e+000  0.000000e+000  0.000000e+000  0.000000e+000  0.000000e+000  0.000000e+000  0.000000e+000  0.000000e+000  0.000000e+000  0.000000e+000  0.000000e+000  0.000000e+000  0.000000e+000  0.000000e+000  
0.000000e+000  0.000000e+000  0.000000e+000  0.000000e+000  0.000000e+000  0.000000e+000  0.000000e+000  0.000000e+000  0.000000e+000  0.000000e+000  0.000000e+000  0.000000e+000  0.000000e+000  0.000000e+000  
0.000000e+000  0.000000e+000  0.000000e+000  0.000000e+000  0.000000e+000  0.000000e+000  0.000000e+000  0.000000e+000  0.000000e+000  0.000000e+000  0.000000e+000  0.000000e+000  0.000000e+000  0.000000e+000  
0.000000e+000  0.000000e+000  0.000000e+000  0.000000e+000  0.000000e+000  0.000000e+000  0.000000e+000  0.000000e+000  0.000000e+000  0.000000e+000  0.000000e+000  0.000000e+000  0.000000e+000  0.000000e+000  
0.000000e+000  0.000000e+000  0.000000e+000  0.000000e+000  0.000000e+000  0.000000e+000  0.000000e+000  0.000000e+000  0.000000e+000  0.000000e+000  0.000000e+000  0.000000e+000  0.000000e+000  0.000000e+000  
0.000000e+000  0.000000e+000  0.000000e+000  0.000000e+000  0.000000e+000  0.000000e+000  0.000000e+000  0.000000e+000  0.000000e+000  0.000000e+000  0.000000e+000  0.000000e+000  0.000000e+000  0.000000e+000  
0.000000e+000  0.000000e+000  0.000000e+000  0.000000e+000  0.000000e+000  0.000000e+000  0.000000e+000  0.000000e+000  0.000000e+000  0.000000e+000  0.000000e+000  0.000000e+000  0.000000e+000  0.000000e+000  
0.000000e+000  0.000000e+000  0.000000e+000  0.000000e+000  0.000000e+000  0.000000e+000  0.000000e+000  0.000000e+000  0.000000e+000  0.000000e+000  0.000000e+000  0.000000e+000  0.000000e+000  0.000000e+000  
0.000000e+000  0.000000e+000  0.000000e+000  0.000000e+000  0.000000e+000  0.000000e+000  0.000000e+000  0.000000e+000  0.000000e+000  0.000000e+000  0.000000e+000  0.000000e+000  0.000000e+000  0.000000e+000  
0.000000e+000  0.000000e+000  0.000000e+000  0.000000e+000  0.000000e+000  0.000000e+000  0.000000e+000  0.000000e+000  0.000000e+000  0.000000e+000  0.000000e+000  0.000000e+000  0.000000e+000  0.000000e+000  
0.000000e+000  0.000000e+000  0.000000e+000  0.000000e+000  0.000000e+000  0.000000e+000  0.000000e+000  0.000000e+000  0.000000e+000  0.000000e+000  0.000000e+000  0.000000e+000  0.000000e+000  0.000000e+000  
0.000000e+000  0.000000e+000  0.000000e+000  0.000000e+000  0.000000e+000  0.000000e+000  0.000000e+000  0.000000e+000  0.000000e+000  0.000000e+000  0.000000e+000  0.000000e+000  0.000000e+000  0.000000e+000  
0.000000e+000  0.000000e+000  0.000000e+000  0.000000e+000  0.000000e+000  0.000000e+000  0.000000e+000  0.000000e+000  0.000000e+000  0.000000e+000  0.000000e+000  0.000000e+000  0.000000e+000  0.000000e+000  
0.000000e+000  0.000000e+000  0.000000e+000  0.000000e+000  0.000000e+000  0.000000e+000  0.000000e+000  0.000000e+000  0.000000e+000  0.000000e+000  0.000000e+000  0.000000e+000  0.000000e+000  0.000000e+000  

0.000000e+000  0.000000e+000  0.000000e+000  0.000000e+000  0.000000e+000  0.000000e+000  0.000000e+000  0.000000e+000  0.000000e+000  0.000000e+000  0.000000e+000  0.000000e+000  0.000000e+000  0.000000e+000  
0.000000e+000  0.000000e+000  0.000000e+000  0.000000e+000  0.000000e+000  0.000000e+000  0.000000e+000  0.000000e+000  0.000000e+000  0.000000e+000  0.000000e+000  0.000000e+000  0.000000e+000  0.000000e+000  
0.000000e+000  0.000000e+000  0.000000e+000  0.000000e+000  0.000000e+000  0.000000e+000  0.000000e+000  0.000000e+000  0.000000e+000  0.000000e+000  0.000000e+000  0.000000e+000  0.000000e+000  0.000000e+000  
0.000000e+000  0.000000e+000  0.000000e+000  0.000000e+000  0.000000e+000  0.000000e+000  0.000000e+000  0.000000e+000  0.000000e+000  0.000000e+000  0.000000e+000  0.000000e+000  0.000000e+000  0.000000e+000  
0.000000e+000  0.000000e+000  0.000000e+000  0.000000e+000  0.000000e+000  0.000000e+000  0.000000e+000  0.000000e+000  0.000000e+000  0.000000e+000  0.000000e+000  0.000000e+000  0.000000e+000  0.000000e+000  
0.000000e+000  0.000000e+000  0.000000e+000  0.000000e+000  0.000000e+000  0.000000e+000  0.000000e+000  0.000000e+000  0.000000e+000  0.000000e+000  0.000000e+000  0.000000e+000  0.000000e+000  0.000000e+000  
0.000000e+000  0.000000e+000  0.000000e+000  0.000000e+000  0.000000e+000  0.000000e+000  0.000000e+000  0.000000e+000  0.000000e+000  0.000000e+000  0.000000e+000  0.000000e+000  0.000000e+000  0.000000e+000  
0.000000e+000  0.000000e+000  0.000000e+000  0.000000e+000  0.000000e+000  0.000000e+000  0.000000e+000  0.000000e+000  0.000000e+000  0.000000e+000  0.000000e+000  0.000000e+000  0.000000e+000  0.000000e+000  
0.000000e+000  0.000000e+000  0.000000e+000  0.000000e+000  0.000000e+000  0.000000e+000  0.000000e+000  0.000000e+000  0.000000e+000  0.000000e+000  0.000000e+000  0.000000e+000  0.000000e+000  0.000000e+000  
0.000000e+000  0.000000e+000  0.000000e+000  0.000000e+000  0.000000e+000  0.000000e+000  0.000000e+000  0.000000e+000  0.000000e+000  0.000000e+000  0.000000e+000  0.000000e+000  0.000000e+000  0.000000e+000  
0.000000e+000  0.000000e+000  0.000000e+000  0.000000e+000  0.000000e+000  0.000000e+000  0.000000e+000  0.000000e+000  0.000000e+000  0.000000e+000  0.000000e+000  0.000000e+000  0.000000e+000  0.000000e+000  
0.000000e+000  0.000000e+000  0.000000e+000  0.000000e+000  0.000000e+000  0.000000e+000  0.000000e+000  0.000000e+000  0.000000e+000  0.000000e+000  0.000000e+000  0.000000e+000  0.000000e+000  0.000000e+000  
0.000000e+000  0.000000e+000  0.000000e+000  0.000000e+000  0.000000e+000  0.000000e+000  0.000000e+000  0.000000e+000  0.000000e+000  0.000000e+000  0.000000e+000  0.000000e+000  0.000000e+000  0.000000e+000  
0.000000e+000  0.000000e+000  0.000000e+000  0.000000e+000  0.000000e+000  0.000000e+000  0.000000e+000  0.000000e+000  0.000000e+000  0.000000e+000  0.000000e+000  0.000000e+000  0.000000e+000  0.000000e+000  
0.000000e+000  0.000000e+000  0.000000e+000  0.000000e+000  0.000000e+000  0.000000e+000  0.000000e+000  0.000000e+000  0.000000e+000  0.000000e+000  0.000000e+000  0.000000e+000  0.000000e+000  0.000000e+000  
0.000000e+000  0.000000e+000  0.000000e+000  0.000000e+000  0.000000e+000  0.000000e+000  0.000000e+000  0.000000e+000  0.000000e+000  0.000000e+000  0.000000e+000  0.000000e+000  0.000000e+000  0.000000e+000  
0.000000e+000  0.000000e+000  0.000000e+000  0.000000e+000  0.000000e+000  0.000000e+000  0.000000e+000  0.000000e+000  0.000000e+000  0.000000e+000  0.000000e+000  0.000000e+000  0.000000e+000  0.000000e+000  
0.000000e+000  0.000000e+000  0.000000e+000  0.000000e+000  0.000000e+000  0.000000e+000  0.000000e+000  0.000000e+000  0.000000e+000  0.000000e+000  0.000000e+000  0.000000e+000  0.000000e+000  0.000000e+000  
0.000000e+000  0.000000e+000  0.000000e+000  0.000000e+000  0.000000e+000  0.000000e+000  0.000000e+000  0.000000e+000  0.000000e+000  0.000000e+000  0.000000e+000  0.000000e+000  0.000000e+000  0.000000e+000  
0.000000e+000  0.000000e+000  0.000000e+000  0.000000e+000  0.000000e+000  0.000000e+000  0.000000e+000  0.000000e+000  0.000000e+000  0.000000e+000  0.000000e+000  0.000000e+000  0.000000e+000  0.000000e+000  
0.000000e+000  0.000000e+000  0.000000e+000  0.000000e+000  0.000000e+000  0.000000e+000  0.000000e+000  0.000000e+000  0.000000e+000  0.000000e+000  0.000000e+000  0.000000e+000  0.000000e+000  0.000000e+000  
0.000000e+000  0.000000e+000  0.000000e+000  0.000000e+000  0.000000e+000  0.000000e+000  0.000000e+000  0.000000e+000  0.000000e+000  0.000000e+000  0.000000e+000  0.000000e+000  0.000000e+000  0.000000e+000  
0.000000e+000  0.000000e+000  0.000000e+000  0.000000e+000  0.000000e+000  0.000000e+000  0.000000e+000  0.000000e+000  0.000000e+000  0.000000e+000  0.000000e+000  0.000000e+000  0.000000e+000  0.000000e+000  
0.000000e+000  0.000000e+000  0.000000e+000  0.000000e+000  0.000000e+000  0.000000e+000  0.000000e+000  0.000000e+000  0.000000e+000  0.000000e+000  0.000000e+000  0.000000e+000  0.000000e+000  0.000000e+000  
0.000000e+000  0.000000e+000  0.000000e+000  0.000000e+000  0.000000e+000  0.000000e+000  0.000000e+000  0.000000e+000  0.000000e+000  0.000000e+000  0.000000e+000  0.000000e+000  0.000000e+000  0.000000e+000  
0.000000e+000  0.000000e+000  0.000000e+000  0.000000e+000  0.000000e+000  0.000000e+000  0.000000e+000  0.000000e+000  0.000000e+000  0.000000e+000  0.000000e+000  0.000000e+000  0.000000e+000  0.000000e+000  
0.000000e+000  0.000000e+000  0.000000e+000  0.000000e+000  0.000000e+000  0.000000e+000  0.000000e+000  0.000000e+000  0.000000e+000  0.000000e+000  0.000000e+000  0.000000e+000  0.000000e+000  0.000000e+000  
0.000000e+000  0.000000e+000  0.000000e+000  0.000000e+000  0.000000e+000  0.000000e+000  0.000000e+000  0.000000e+000  0.000000e+000  0.000000e+000  0.000000e+000  0.000000e+000  0.000000e+000  0.000000e+000  
0.000000e+000  0.000000e+000  0.000000e+000  0.000000e+000  0.000000e+000  0.000000e+000  0.000000e+000  0.000000e+000  0.000000e+000  0.000000e+000  0.000000e+000  0.000000e+000  0.000000e+000  0.000000e+000  
0.000000e+000  0.000000e+000  0.000000e+000  0.000000e+000  0.000000e+000  0.000000e+000  0.000000e+000  0.000000e+000  0.000000e+000  0.000000e+000  0.000000e+000  0.000000e+000  0.000000e+000  0.000000e+000  
0.000000e+000  0.000000e+000  0.000000e+000  0.000000e+000  0.000000e+000  0.000000e+000  0.000000e+000  0.000000e+000  0.000000e+000  0.000000e+000  0.000000e+000  0.000000e+000  0.000000e+000  0.000000e+000  
0.000000e+000  0.000000e+000  0.000000e+000  0.000000e+000  0.000000e+000  0.000000e+000  0.000000e+000  0.000000e+000  0.000000e+000  0.000000e+000  0.000000e+000  0.000000e+000  0.000000e+000  0.000000e+000  
0.000000e+000  0.000000e+000  0.000000e+000  0.000000e+000  0.000000e+000  0.000000e+000  0.000000e+000  0.000000e+000  0.000000e+000  0.000000e+000  0.000000e+000  0.000000e+000  0.000000e+000  0.000000e+000  
0.000000e+000  0.000000e+000  0.000000e+000  0.000000e+000  0.000000e+000  0.000000e+000  0.000000e+000  0.000000e+000  0.000000e+000  0.000000e+000  0.000000e+000  0.000000e+000  0.000000e+000  0.000000e+000  
0.000000e+000  0.000000e+000  0.000000e+000  0.000000e+000  0.000000e+000  0.000000e+000  0.000000e+000  0.000000e+000  0.000000e+000  0.000000e+000  0.000000e+000  0.000000e+000  0.000000e+000  0.000000e+000  
0.000000e+000  0.000000e+000  0.000000e+000  0.000000e+000  0.000000e+000  0.000000e+000  0.000000e+000  0.000000e+000  0.000000e+000  0.000000e+000  0.000000e+000  0.000000e+000  0.000000e+000  0.000000e+000  
0.000000e+000  0.000000e+000  0.000000e+000  0.000000e+000  0.000000e+000  0.000000e+000  0.000000e+000  0.000000e+000  0.000000e+000  0.000000e+000  0.000000e+000  0.000000e+000  0.000000e+000  0.000000e+000  
0.000000e+000  0.000000e+000  0.000000e+000  0.000000e+000  0.000000e+000  0.000000e+000  0.000000e+000  0.000000e+000  0.000000e+000  0.000000e+000  0.000000e+000  0.000000e+000  0.000000e+000  0.000000e+000  
0.000000e+000  0.000000e+000  0.000000e+000  0.000000e+000  0.000000e+000  0.000000e+000  0.000000e+000  0.000000e+000  0.000000e+000  0.000000e+000  0.000000e+000  0.000000e+000  0.000000e+000  0.000000e+000  
0.000000e+000  0.000000e+000  0.000000e+000  0.000000e+000  0.000000e+000  0.000000e+000  0.000000e+000  0.000000e+000  0.000000e+000  0.000000e+000  0.000000e+000  0.000000e+000  0.000000e+000  0.000000e+000  
0.000000e+000  0.000000e+000  0.000000e+000  0.000000e+000  0.000000e+000  0.000000e+000  0.000000e+000  0.000000e+000  0.000000e+000  0.000000e+000  0.000000e+000  0.000000e+000  0.000000e+000  0.000000e+000  
0.000000e+000  0.000000e+000  0.000000e+000  0.000000e+000  0.000000e+000  0.000000e+000  0.000000e+000  0.000000e+000  0.000000e+000  0.000000e+000  0.000000e+000  0.000000e+000  0.000000e+000  0.000000e+000  
0.000000e+000  0.000000e+000  0.000000e+000  0.000000e+000  0.000000e+000  0.000000e+000  0.000000e+000  0.000000e+000  0.000000e+000  0.000000e+000  0.000000e+000  0.000000e+000  0.000000e+000  0.000000e+000  
0.000000e+000  0.000000e+000  0.000000e+000  0.000000e+000  0.000000e+000  0.000000e+000  0.000000e+000  0.000000e+000  0.000000e+000  0.000000e+000  0.000000e+000  0.000000e+000  0.000000e+000  0.000000e+000  
0.000000e+000  0.000000e+000  0.000000e+000  0.000000e+000  0.000000e+000  0.000000e+000  0.000000e+000  0.000000e+000  0.000000e+000  0.000000e+000  0.000000e+000  0.000000e+000  0.000000e+000  0.000000e+000  
0.000000e+000  0.000000e+000  0.000000e+000  0.000000e+000  0.000000e+000  0.000000e+000  0.000000e+000  0.000000e+000  0.000000e+000  0.000000e+000  0.000000e+000  0.000000e+000  0.000000e+000  0.000000e+000  
0.000000e+000  0.000000e+000  0.000000e+000  0.000000e+000  0.000000e+000  0.000000e+000  0.000000e+000  0.000000e+000  0.000000e+000  0.000000e+000  0.000000e+000  0.000000e+000  0.000000e+000  0.000000e+000  
0.000000e+000  0.000000e+000  0.000000e+000  0.000000e+000  0.000000e+000  0.000000e+000  0.000000e+000  0.000000e+000  0.000000e+000  0.000000e+000  0.000000e+000  0.000000e+000  0.000000e+000  0.000000e+000  
0.000000e+000  0.000000e+000  0.000000e+000  0.000000e+000  0.000000e+000  0.000000e+000  0.000000e+000  0.000000e+000  0.000000e+000  0.000000e+000  0.000000e+000  0.000000e+000  0.000000e+000  0.000000e+000  
0.000000e+000  0.000000e+000  0.000000e+000  0.000000e+000  0.000000e+000  0.000000e+000  0.000000e+000  0.000000e+000  0.000000e+000  0.000000e+000  0.000000e+000  0.000000e+000  0.000000e+000  0.000000e+000  
0.000000e+000  0.000000e+000  0.000000e+000  0.000000e+000  0.000000e+000  0.000000e+000  0.000000e+000  0.000000e+000  0.000000e+000  0.000000e+000  0.000000e+000  0.000000e+000  0.000000e+000  0.000000e+000  
0.000000e+000  0.000000e+000  0.000000e+000  0.000000e+000  0.000000e+000  0.000000e+000  0.000000e+000  0.000000e+000  0.000000e+000  0.000000e+000  0.000000e+000  0.000000e+000  0.000000e+000  0.000000e+000  
0.000000e+000  0.000000e+000  0.000000e+000  0.000000e+000  0.000000e+000  0.000000e+000  0.000000e+000  0.000000e+000  0.000000e+000  0.000000e+000  0.000000e+000  0.000000e+000  0.000000e+000  0.000000e+000  
0.000000e+000  0.000000e+000  0.000000e+000  0.000000e+000  0.000000e+000  0.000000e+000  0.000000e+000  0.000000e+000  0.000000e+000  0.000000e+000  0.000000e+000  0.000000e+000  0.000000e+000  0.000000e+000  
0.000000e+000  0.000000e+000  0.000000e+000  0.000000e+000  0.000000e+000  0.000000e+000  0.000000e+000  0.000000e+000  0.000000e+000  0.000000e+000  0.000000e+000  0.000000e+000  0.000000e+000  0.000000e+000  
0.000000e+000  0.000000e+000  0.000000e+000  0.000000e+000  0.000000e+000  0.000000e+000  0.000000e+000  0.000000e+000  0.000000e+000  0.000000e+000  0.000000e+000  0.000000e+000  0.000000e+000  0.000000e+000  
0.000000e+000  0.000000e+000  0.000000e+000  0.000000e+000  0.000000e+000  0.000000e+000  0.000000e+000  0.000000e+000  0.000000e+000  0.000000e+000  0.000000e+000  0.000000e+000  0.000000e+000  0.000000e+000  
0.000000e+000  0.000000e+000  0.000000e+000  0.000000e+000  0.000000e+000  0.000000e+000  0.000000e+000  0.000000e+000  0.000000e+000  0.000000e+000  0.000000e+000  0.000000e+000  0.000000e+000  0.000000e+000  
0.000000e+000  0.000000e+000  0.000000e+000  0.000000e+000  0.000000e+000  0.000000e+000  0.000000e+000  0.000000e+000  0.000000e+000  0.000000e+000  0.000000e+000  0.000000e+000  0.000000e+000  0.000000e+000  
0.000000e+000  0.000000e+000  0.000000e+000  0.000000e+000  0.000000e+000  0.000000e+000  0.000000e+000  0.000000e+000  0.000000e+000  0.000000e+000  0.000000e+000  0.000000e+000  0.000000e+000  0.000000e+000  
0.000000e+000  0.000000e+000  0.000000e+000  0.000000e+000  0.000000e+000  0.000000e+000  0.000000e+000  0.000000e+000  0.000000e+000  0.000000e+000  0.000000e+000  0.000000e+000  0.000000e+000  0.000000e+000  
0.000000e+000  0.000000e+000  0.000000e+000  0.000000e+000  0.000000e+000  0.000000e+000  0.000000e+000  0.000000e+000  0.000000e+000  0.000000e+000  0.000000e+000  0.000000e+000  0.000000e+000  0.000000e+000  
0.000000e+000  0.000000e+000  0.000000e+000  0.000000e+000  0.000000e+000  0.000000e+000  0.000000e+000  0.000000e+000  0.000000e+000  0.000000e+000  0.000000e+000  0.000000e+000  0.000000e+000  0.000000e+000  
0.000000e+000  0.000000e+000  0.000000e+000  0.000000e+000  0.000000e+000  0.000000e+000  0.000000e+000  0.000000e+000  0.000000e+000  0.000000e+000  0.000000e+000  0.000000e+000  0.000000e+000  0.000000e+000  
0.000000e+000  0.000000e+000  0.000000e+000  0.000000e+000  0.000000e+000  0.000000e+000  0.000000e+000  0.000000e+000  0.000000e+000  0.000000e+000  0.000000e+000  0.000000e+000  0.000000e+000  0.000000e+000  
0.000000e+000  0.000000e+000  0.000000e+000  0.000000e+000  0.000000e+000  0.000000e+000  0.000000e+000  0.000000e+000  0.000000e+000  0.000000e+000  0.000000e+000  0.000000e+000  0.000000e+000  0.000000e+000  
0.000000e+000  0.000000e+000  0.000000e+000  0.000000e+000  0.000000e+000  0.000000e+000  0.000000e+000  0.000000e+000  0.000000e+000  0.000000e+000  0.000000e+000  0.000000e+000  0.000000e+000  0.000000e+000  
0.000000e+000  0.000000e+000  0.000000e+000  0.000000e+000  0.000000e+000  0.000000e+000  0.000000e+000  0.000000e+000  0.000000e+000  0.000000e+000  0.000000e+000  0.000000e+000  0.000000e+000  0.000000e+000  
0.000000e+000  0.000000e+000  0.000000e+000  0.000000e+000  0.000000e+000  0.000000e+000  0.000000e+000  0.000000e+000  0.000000e+000  0.000000e+000  0.000000e+000  0.000000e+000  0.000000e+000  0.000000e+000  
0.000000e+000  0.000000e+000  0.000000e+000  0.000000e+000  0.000000e+000  0.000000e+000  0.000000e+000  0.000000e+000  0.000000e+000  0.000000e+000  0.000000e+000  0.000000e+000  0.000000e+000  0.000000e+000  

0.000000e+000  0.000000e+000  0.000000e+000  0.000000e+000  0.000000e+000  0.000000e+000  0.000000e+000  0.000000e+000  0.000000e+000  0.000000e+000  0.000000e+000  0.000000e+000  0.000000e+000  0.000000e+000  
0.000000e+000  0.000000e+000  0.000000e+000  0.000000e+000  0.000000e+000  0.000000e+000  0.000000e+000  0.000000e+000  0.000000e+000  0.000000e+000  0.000000e+000  0.000000e+000  0.000000e+000  0.000000e+000  
0.000000e+000  0.000000e+000  0.000000e+000  0.000000e+000  0.000000e+000  0.000000e+000  0.000000e+000  0.000000e+000  0.000000e+000  0.000000e+000  0.000000e+000  0.000000e+000  0.000000e+000  0.000000e+000  
0.000000e+000  0.000000e+000  0.000000e+000  0.000000e+000  0.000000e+000  0.000000e+000  0.000000e+000  0.000000e+000  0.000000e+000  0.000000e+000  0.000000e+000  0.000000e+000  0.000000e+000  0.000000e+000  
0.000000e+000  0.000000e+000  0.000000e+000  0.000000e+000  0.000000e+000  0.000000e+000  0.000000e+000  0.000000e+000  0.000000e+000  0.000000e+000  0.000000e+000  0.000000e+000  0.000000e+000  0.000000e+000  
0.000000e+000  0.000000e+000  0.000000e+000  0.000000e+000  0.000000e+000  0.000000e+000  0.000000e+000  0.000000e+000  0.000000e+000  0.000000e+000  0.000000e+000  0.000000e+000  0.000000e+000  0.000000e+000  
0.000000e+000  0.000000e+000  0.000000e+000  0.000000e+000  0.000000e+000  0.000000e+000  0.000000e+000  0.000000e+000  0.000000e+000  0.000000e+000  0.000000e+000  0.000000e+000  0.000000e+000  0.000000e+000  
0.000000e+000  0.000000e+000  0.000000e+000  0.000000e+000  0.000000e+000  0.000000e+000  0.000000e+000  0.000000e+000  0.000000e+000  0.000000e+000  0.000000e+000  0.000000e+000  0.000000e+000  0.000000e+000  
0.000000e+000  0.000000e+000  0.000000e+000  0.000000e+000  0.000000e+000  0.000000e+000  0.000000e+000  0.000000e+000  0.000000e+000  0.000000e+000  0.000000e+000  0.000000e+000  0.000000e+000  0.000000e+000  
0.000000e+000  0.000000e+000  0.000000e+000  0.000000e+000  0.000000e+000  0.000000e+000  0.000000e+000  0.000000e+000  0.000000e+000  0.000000e+000  0.000000e+000  0.000000e+000  0.000000e+000  0.000000e+000  
0.000000e+000  0.000000e+000  0.000000e+000  0.000000e+000  0.000000e+000  0.000000e+000  0.000000e+000  0.000000e+000  0.000000e+000  0.000000e+000  0.000000e+000  0.000000e+000  0.000000e+000  0.000000e+000  
0.000000e+000  0.000000e+000  0.000000e+000  0.000000e+000  0.000000e+000  0.000000e+000  0.000000e+000  0.000000e+000  0.000000e+000  0.000000e+000  0.000000e+000  0.000000e+000  0.000000e+000  0.000000e+000  
0.000000e+000  0.000000e+000  0.000000e+000  0.000000e+000  0.000000e+000  0.000000e+000  0.000000e+000  0.000000e+000  0.000000e+000  0.000000e+000  0.000000e+000  0.000000e+000  0.000000e+000  0.000000e+000  
0.000000e+000  0.000000e+000  0.000000e+000  0.000000e+000  0.000000e+000  0.000000e+000  0.000000e+000  0.000000e+000  0.000000e+000  0.000000e+000  0.000000e+000  0.000000e+000  0.000000e+000  0.000000e+000  
0.000000e+000  0.000000e+000  0.000000e+000  0.000000e+000  0.000000e+000  0.000000e+000  0.000000e+000  0.000000e+000  0.000000e+000  0.000000e+000  0.000000e+000  0.000000e+000  0.000000e+000  0.000000e+000  
0.000000e+000  0.000000e+000  0.000000e+000  0.000000e+000  0.000000e+000  0.000000e+000  0.000000e+000  0.000000e+000  0.000000e+000  0.000000e+000  0.000000e+000  0.000000e+000  0.000000e+000  0.000000e+000  
0.000000e+000  0.000000e+000  0.000000e+000  0.000000e+000  0.000000e+000  0.000000e+000  0.000000e+000  0.000000e+000  0.000000e+000  0.000000e+000  0.000000e+000  0.000000e+000  0.000000e+000  0.000000e+000  
0.000000e+000  0.000000e+000  0.000000e+000  0.000000e+000  0.000000e+000  0.000000e+000  0.000000e+000  0.000000e+000  0.000000e+000  0.000000e+000  0.000000e+000  0.000000e+000  0.000000e+000  0.000000e+000  
0.000000e+000  0.000000e+000  0.000000e+000  0.000000e+000  0.000000e+000  0.000000e+000  0.000000e+000  0.000000e+000  0.000000e+000  0.000000e+000  0.000000e+000  0.000000e+000  0.000000e+000  0.000000e+000  
0.000000e+000  0.000000e+000  0.000000e+000  0.000000e+000  0.000000e+000  0.000000e+000  0.000000e+000  0.000000e+000  0.000000e+000  0.000000e+000  0.000000e+000  0.000000e+000  0.000000e+000  0.000000e+000  
0.000000e+000  0.000000e+000  0.000000e+000  0.000000e+000  0.000000e+000  0.000000e+000  0.000000e+000  0.000000e+000  0.000000e+000  0.000000e+000  0.000000e+000  0.000000e+000  0.000000e+000  0.000000e+000  
0.000000e+000  0.000000e+000  0.000000e+000  0.000000e+000  0.000000e+000  0.000000e+000  0.000000e+000  0.000000e+000  0.000000e+000  0.000000e+000  0.000000e+000  0.000000e+000  0.000000e+000  0.000000e+000  
0.000000e+000  0.000000e+000  0.000000e+000  0.000000e+000  0.000000e+000  0.000000e+000  0.000000e+000  0.000000e+000  0.000000e+000  0.000000e+000  0.000000e+000  0.000000e+000  0.000000e+000  0.000000e+000  
0.000000e+000  0.000000e+000  0.000000e+000  0.000000e+000  0.000000e+000  0.000000e+000  0.000000e+000  0.000000e+000  0.000000e+000  0.000000e+000  0.000000e+000  0.000000e+000  0.000000e+000  0.000000e+000  
0.000000e+000  0.000000e+000  0.000000e+000  0.000000e+000  0.000000e+000  0.000000e+000  0.000000e+000  0.000000e+000  0.000000e+000  0.000000e+000  0.000000e+000  0.000000e+000  0.000000e+000  0.000000e+000  
0.000000e+000  0.000000e+000  0.000000e+000  0.000000e+000  0.000000e+000  0.000000e+000  0.000000e+000  0.000000e+000  0.000000e+000  0.000000e+000  0.000000e+000  0.000000e+000  0.000000e+000  0.000000e+000  
0.000000e+000  0.000000e+000  0.000000e+000  0.000000e+000  0.000000e+000  0.000000e+000  0.000000e+000  0.000000e+000  0.000000e+000  0.000000e+000  0.000000e+000  0.000000e+000  0.000000e+000  0.000000e+000  
0.000000e+000  0.000000e+000  0.000000e+000  0.000000e+000  0.000000e+000  0.000000e+000  0.000000e+000  0.000000e+000  0.000000e+000  0.000000e+000  0.000000e+000  0.000000e+000  0.000000e+000  0.000000e+000  
0.000000e+000  0.000000e+000  0.000000e+000  0.000000e+000  0.000000e+000  0.000000e+000  0.000000e+000  0.000000e+000  0.000000e+000  0.000000e+000  0.000000e+000  0.000000e+000  0.000000e+000  0.000000e+000  
0.000000e+000  0.000000e+000  0.000000e+000  0.000000e+000  0.000000e+000  0.000000e+000  0.000000e+000  0.000000e+000  0.000000e+000  0.000000e+000  0.000000e+000  0.000000e+000  0.000000e+000  0.000000e+000  
0.000000e+000  0.000000e+000  0.000000e+000  0.000000e+000  0.000000e+000  0.000000e+000  0.000000e+000  0.000000e+000  0.000000e+000  0.000000e+000  0.000000e+000  0.000000e+000  0.000000e+000  0.000000e+000  
0.000000e+000  0.000000e+000  0.000000e+000  0.000000e+000  0.000000e+000  0.000000e+000  0.000000e+000  0.000000e+000  0.000000e+000  0.000000e+000  0.000000e+000  0.000000e+000  0.000000e+000  0.000000e+000  
0.000000e+000  0.000000e+000  0.000000e+000  0.000000e+000  0.000000e+000  0.000000e+000  0.000000e+000  0.000000e+000  0.000000e+000  0.000000e+000  0.000000e+000  0.000000e+000  0.000000e+000  0.000000e+000  
0.000000e+000  0.000000e+000  0.000000e+000  0.000000e+000  0.000000e+000  0.000000e+000  0.000000e+000  0.000000e+000  0.000000e+000  0.000000e+000  0.000000e+000  0.000000e+000  0.000000e+000  0.000000e+000  
0.000000e+000  0.000000e+000  0.000000e+000  0.000000e+000  0.000000e+000  0.000000e+000  0.000000e+000  0.000000e+000  0.000000e+000  0.000000e+000  0.000000e+000  0.000000e+000  0.000000e+000  0.000000e+000  
0.000000e+000  0.000000e+000  0.000000e+000  0.000000e+000  0.000000e+000  0.000000e+000  0.000000e+000  0.000000e+000  0.000000e+000  0.000000e+000  0.000000e+000  0.000000e+000  0.000000e+000  0.000000e+000  
0.000000e+000  0.000000e+000  0.000000e+000  0.000000e+000  0.000000e+000  0.000000e+000  0.000000e+000  0.000000e+000  0.000000e+000  0.000000e+000  0.000000e+000  0.000000e+000  0.000000e+000  0.000000e+000  
0.000000e+000  0.000000e+000  0.000000e+000  0.000000e+000  0.000000e+000  0.000000e+000  0.000000e+000  0.000000e+000  0.000000e+000  0.000000e+000  0.000000e+000  0.000000e+000  0.000000e+000  0.000000e+000  
0.000000e+000  0.000000e+000  0.000000e+000  0.000000e+000  0.000000e+000  0.000000e+000  0.000000e+000  0.000000e+000  0.000000e+000  0.000000e+000  0.000000e+000  0.000000e+000  0.000000e+000  0.000000e+000  
0.000000e+000  0.000000e+000  0.000000e+000  0.000000e+000  0.000000e+000  0.000000e+000  0.000000e+000  0.000000e+000  0.000000e+000  0.000000e+000  0.000000e+000  0.000000e+000  0.000000e+000  0.000000e+000  
0.000000e+000  0.000000e+000  0.000000e+000  0.000000e+000  0.000000e+000  0.000000e+000  0.000000e+000  0.000000e+000  0.000000e+000  0.000000e+000  0.000000e+000  0.000000e+000  0.000000e+000  0.000000e+000  
0.000000e+000  0.000000e+000  0.000000e+000  0.000000e+000  0.000000e+000  0.000000e+000  0.000000e+000  0.000000e+000  0.000000e+000  0.000000e+000  0.000000e+000  0.000000e+000  0.000000e+000  0.000000e+000  
0.000000e+000  0.000000e+000  0.000000e+000  0.000000e+000  0.000000e+000  0.000000e+000  0.000000e+000  0.000000e+000  0.000000e+000  0.000000e+000  0.000000e+000  0.000000e+000  0.000000e+000  0.000000e+000  
0.000000e+000  0.000000e+000  0.000000e+000  0.000000e+000  0.000000e+000  0.000000e+000  0.000000e+000  0.000000e+000  0.000000e+000  0.000000e+000  0.000000e+000  0.000000e+000  0.000000e+000  0.000000e+000  
0.000000e+000  0.000000e+000  0.000000e+000  0.000000e+000  0.000000e+000  0.000000e+000  0.000000e+000  0.000000e+000  0.000000e+000  0.000000e+000  0.000000e+000  0.000000e+000  0.000000e+000  0.000000e+000  
0.000000e+000  0.000000e+000  0.000000e+000  0.000000e+000  0.000000e+000  0.000000e+000  0.000000e+000  0.000000e+000  0.000000e+000  0.000000e+000  0.000000e+000  0.000000e+000  0.000000e+000  0.000000e+000  
0.000000e+000  0.000000e+000  0.000000e+000  0.000000e+000  0.000000e+000  0.000000e+000  0.000000e+000  0.000000e+000  0.000000e+000  0.000000e+000  0.000000e+000  0.000000e+000  0.000000e+000  0.000000e+000  
0.000000e+000  0.000000e+000  0.000000e+000  0.000000e+000  0.000000e+000  0.000000e+000  0.000000e+000  0.000000e+000  0.000000e+000  0.000000e+000  0.000000e+000  0.000000e+000  0.000000e+000  0.000000e+000  
0.000000e+000  0.000000e+000  0.000000e+000  0.000000e+000  0.000000e+000  0.000000e+000  0.000000e+000  0.000000e+000  0.000000e+000  0.000000e+000  0.000000e+000  0.000000e+000  0.000000e+000  0.000000e+000  
0.000000e+000  0.000000e+000  0.000000e+000  0.000000e+000  0.000000e+000  0.000000e+000  0.000000e+000  0.000000e+000  0.000000e+000  0.000000e+000  0.000000e+000  0.000000e+000  0.000000e+000  0.000000e+000  
0.000000e+000  0.000000e+000  0.000000e+000  0.000000e+000  0.000000e+000  0.000000e+000  0.000000e+000  0.000000e+000  0.000000e+000  0.000000e+000  0.000000e+000  0.000000e+000  0.000000e+000  0.000000e+000  
0.000000e+000  0.000000e+000  0.000000e+000  0.000000e+000  0.000000e+000  0.000000e+000  0.000000e+000  0.000000e+000  0.000000e+000  0.000000e+000  0.000000e+000  0.000000e+000  0.000000e+000  0.000000e+000  
0.000000e+000  0.000000e+000  0.000000e+000  0.000000e+000  0.000000e+000  0.000000e+000  0.000000e+000  0.000000e+000  0.000000e+000  0.000000e+000  0.000000e+000  0.000000e+000  0.000000e+000  0.000000e+000  
0.000000e+000  0.000000e+000  0.000000e+000  0.000000e+000  0.000000e+000  0.000000e+000  0.000000e+000  0.000000e+000  0.000000e+000  0.000000e+000  0.000000e+000  0.000000e+000  0.000000e+000  0.000000e+000  
0.000000e+000  0.000000e+000  0.000000e+000  0.000000e+000  0.000000e+000  0.000000e+000  0.000000e+000  0.000000e+000  0.000000e+000  0.000000e+000  0.000000e+000  0.000000e+000  0.000000e+000  0.000000e+000  
0.000000e+000  0.000000e+000  0.000000e+000  0.000000e+000  0.000000e+000  0.000000e+000  0.000000e+000  0.000000e+000  0.000000e+000  0.000000e+000  0.000000e+000  0.000000e+000  0.000000e+000  0.000000e+000  
0.000000e+000  0.000000e+000  0.000000e+000  0.000000e+000  0.000000e+000  0.000000e+000  0.000000e+000  0.000000e+000  0.000000e+000  0.000000e+000  0.000000e+000  0.000000e+000  0.000000e+000  0.000000e+000  
0.000000e+000  0.000000e+000  0.000000e+000  0.000000e+000  0.000000e+000  0.000000e+000  0.000000e+000  0.000000e+000  0.000000e+000  0.000000e+000  0.000000e+000  0.000000e+000  0.000000e+000  0.000000e+000  
0.000000e+000  0.000000e+000  0.000000e+000  0.000000e+000  0.000000e+000  0.000000e+000  0.000000e+000  0.000000e+000  0.000000e+000  0.000000e+000  0.000000e+000  0.000000e+000  0.000000e+000  0.000000e+000  
0.000000e+000  0.000000e+000  0.000000e+000  0.000000e+000  0.000000e+000  0.000000e+000  0.000000e+000  0.000000e+000  0.000000e+000  0.000000e+000  0.000000e+000  0.000000e+000  0.000000e+000  0.000000e+000  
0.000000e+000  0.000000e+000  0.000000e+000  0.000000e+000  0.000000e+000  0.000000e+000  0.000000e+000  0.000000e+000  0.000000e+000  0.000000e+000  0.000000e+000  0.000000e+000  0.000000e+000  0.000000e+000  
0.000000e+000  0.000000e+000  0.000000e+000  0.000000e+000  0.000000e+000  0.000000e+000  0.000000e+000  0.000000e+000  0.000000e+000  0.000000e+000  0.000000e+000  0.000000e+000  0.000000e+000  0.000000e+000  
0.000000e+000  0.000000e+000  0.000000e+000  0.000000e+000  0.000000e+000  0.000000e+000  0.000000e+000  0.000000e+000  0.000000e+000  0.000000e+000  0.000000e+000  0.000000e+000  0.000000e+000  0.000000e+000  
0.000000e+000  0.000000e+000  0.000000e+000  0.000000e+000  0.000000e+000  0.000000e+000  0.000000e+000  0.000000e+000  0.000000e+000  0.000000e+000  0.000000e+000  0.000000e+000  0.000000e+000  0.000000e+000  
0.000000e+000  0.000000e+000  0.000000e+000  0.000000e+000  0.000000e+000  0.000000e+000  0.000000e+000  0.000000e+000  0.000000e+000  0.000000e+000  0.000000e+000  0.000000e+000  0.000000e+000  0.000000e+000  
0.000000e+000  0.000000e+000  0.000000e+000  0.000000e+000  0.000000e+000  0.000000e+000  0.000000e+000  0.000000e+000  0.000000e+000  0.000000e+000  0.000000e+000  0.000000e+000  0.000000e+000  0.000000e+000  
0.000000e+000  0.000000e+000  0.000000e+000  0.000000e+000  0.000000e+000  0.000000e+000  0.000000e+000  0.000000e+000  0.000000e+000  0.000000e+000  0.000000e+000  0.000000e+000  0.000000e+000  0.000000e+000  
0.000000e+000  0.000000e+000  0.000000e+000  0.000000e+000  0.000000e+000  0.000000e+000  0.000000e+000  0.000000e+000  0.000000e+000  0.000000e+000  0.000000e+000  0.000000e+000  0.000000e+000  0.000000e+000  
0.000000e+000  0.000000e+000  0.000000e+000  0.000000e+000  0.000000e+000  0.000000e+000  0.000000e+000  0.000000e+000  0.000000e+000  0.000000e+000  0.000000e+000  0.000000e+000  0.000000e+000  0.000000e+000  
0.000000e+000  0.000000e+000  0.000000e+000  0.000000e+000  0.000000e+000  0.000000e+000  0.000000e+000  0.000000e+000  0.000000e+000  0.000000e+000  0.000000e+000  0.000000e+000  0.000000e+000  0.000000e+000  

-2.799446e-001  -2.895015e-001  -3.038508e-001  -3.229125e-001  -3.464459e-001  -3.733235e-001  -4.032724e-001  -4.354064e-001  -4.688106e-001  -5.128613e-001  -5.562010e-001  -5.977341e-001  -7.408580e-001  -8.145826e-001  
-2.228184e-001  -2.328526e-001  -2.488150e-001  -2.719121e-001  -3.032311e-001  -3.417350e-001  -3.856998e-001  -4.322661e-001  -4.789256e-001  -5.371226e-001  -5.914577e-001  -6.417291e-001  -8.051849e-001  -8.875281e-001  
-1.910993e-001  -1.981237e-001  -2.102763e-001  -2.307081e-001  -2.648148e-001  -3.155913e-001  -3.746246e-001  -4.350485e-001  -4.922151e-001  -5.573259e-001  -6.155849e-001  -6.688336e-001  -8.415066e-001  -9.282639e-001  
-1.546668e-001  -1.562344e-001  -1.597450e-001  -1.692462e-001  -1.996182e-001  -2.773403e-001  -3.627704e-001  -4.447975e-001  -5.173330e-001  -5.862763e-001  -6.469237e-001  -7.027953e-001  -8.863164e-001  -9.784007e-001  
-1.176208e-001  -1.119503e-001  -1.005696e-001  -7.614489e-002  -0.000000e+000  -2.277201e-001  -3.578372e-001  -4.716301e-001  -5.718348e-001  -6.254711e-001  -6.853714e-001  -7.437433e-001  -9.401212e-001  -1.038489e+000  
-8.501609e-002  -7.650344e-002  -6.156829e-002  -3.653008e-002  -0.000000e+000  -1.773762e-001  -3.299455e-001  -4.667280e-001  -5.931354e-001  -6.616059e-001  -7.286153e-001  -7.923470e-001  -1.004512e+000  -1.110280e+000  
-5.956674e-002  -5.159662e-002  -3.890629e-002  -2.083791e-002  -0.000000e+000  -1.678865e-001  -3.275620e-001  -4.780198e-001  -6.201316e-001  -7.018493e-001  -7.780282e-001  -8.488494e-001  -1.079552e+000  -1.193780e+000  
-4.073721e-002  -3.441289e-002  -2.497061e-002  -1.275935e-002  -0.000000e+000  -1.716739e-001  -3.397613e-001  -5.021048e-001  -6.575735e-001  -7.503821e-001  -8.358607e-001  -9.144751e-001  -1.166150e+000  -1.289904e+000  
-1.671027e-002  -1.390863e-002  -9.888046e-003  -4.952260e-003  -0.000000e+000  -2.043834e-001  -4.065043e-001  -6.042540e-001  -7.957155e-001  -9.121035e-001  -1.019823e+000  -1.118705e+000  -1.430758e+000  -1.582261e+000  
-6.139516e-003  -5.090773e-003  -3.600834e-003  -1.795554e-003  -0.000000e+000  -2.655756e-001  -5.285854e-001  -7.865043e-001  -1.036878e+000  -1.184993e+000  -1.322410e+000  -1.448616e+000  -1.845582e+000  -2.036661e+000  
-2.251871e-003  -1.865689e-003  -1.318225e-003  -6.567843e-004  -0.000000e+000  -3.551019e-001  -7.068618e-001  -1.051974e+000  -1.387197e+000  -1.576419e+000  -1.751753e+000  -1.912541e+000  -2.415620e+000  -2.655653e+000  
-8.256475e-004  -6.839549e-004  -4.827791e-004  -2.407534e-004  -0.000000e+000  -4.813661e-001  -9.582304e-001  -1.426136e+000  -1.880710e+000  -2.122932e+000  -2.346671e+000  -2.551220e+000  -3.185421e+000  -3.484438e+000  
-3.026809e-004  -2.510935e-004  -1.765065e-004  -8.849160e-005  -0.000000e+000  -6.570690e-001  -1.307996e+000  -1.946699e+000  -2.567213e+000  -2.876617e+000  -3.161128e+000  -3.420096e+000  -4.212553e+000  -4.580065e+000  
-1.114273e-004  -9.215168e-005  -6.513458e-005  -3.231702e-005  -0.000000e+000  -9.002229e-001  -1.792006e+000  -2.666993e+000  -3.516993e+000  -3.909873e+000  -4.268984e+000  -4.593922e+000  -5.570399e+000  -6.012940e+000  
-4.140018e-005  -3.444687e-005  -2.410243e-005  -1.219002e-005  -0.000000e+000  -1.236112e+000  -2.460558e+000  -3.661792e+000  -4.828508e+000  -5.322607e+000  -5.770621e+000  -6.172735e+000  -7.350846e+000  -7.867441e+000  
-1.769772e-005  -1.483823e-005  -1.020992e-005  -5.270135e-006  -0.000000e+000  -1.637090e+000  -3.258576e+000  -4.849020e+000  -6.393320e+000  -6.990763e+000  -7.527228e+000  -8.003976e+000  -9.356479e+000  -9.924655e+000  
-1.223617e-005  -9.926369e-006  -7.215604e-006  -3.693577e-006  -0.000000e+000  -1.839458e+000  -3.661280e+000  -5.448021e+000  -7.182627e+000  -7.825483e+000  -8.399734e+000  -8.907346e+000  -1.032209e+001  -1.090235e+001  
-8.319457e-006  -7.436450e-006  -4.743889e-006  -2.283450e-006  -0.000000e+000  -2.066971e+000  -4.113991e+000  -6.121331e+000  -8.069713e+000  -8.759388e+000  -9.371806e+000  -9.909834e+000  -1.137840e+001  -1.196369e+001  
-5.916794e-006  -4.603346e-006  -3.104776e-006  -2.109930e-006  -0.000000e+000  -2.322962e+000  -4.623329e+000  -6.878764e+000  -9.067453e+000  -9.804774e+000  -1.045500e+001  -1.102216e+001  -1.253224e+001  -1.311328e+001  
-3.785805e-006  -2.795801e-006  -2.609055e-006  -6.180173e-007  -0.000000e+000  -2.610372e+000  -5.195131e+000  -7.728967e+000  -1.018717e+001  -1.097201e+001  -1.165860e+001  -1.225245e+001  -1.378681e+001  -1.435178e+001  
-2.648007e-006  -2.206993e-006  -9.180991e-007  -7.975469e-007  -0.000000e+000  -2.934228e+000  -5.839383e+000  -8.686744e+000  -1.144829e+001  -1.227955e+001  -1.299985e+001  -1.361659e+001  -1.515219e+001  -1.568623e+001  
-2.045155e-006  -1.492618e-006  -1.165994e-006  -1.817465e-007  -0.000000e+000  -3.299518e+000  -6.565989e+000  -9.766772e+000  -1.287003e+001  -1.374510e+001  -1.449470e+001  -1.512874e+001  -1.663515e+001  -1.711987e+001  
-6.981327e-007  -4.712719e-007  -7.403834e-007  -1.887990e-007  -0.000000e+000  -4.368796e+000  -8.692575e+000  -1.292688e+001  -1.702838e+001  -1.798936e+001  -1.878192e+001  -1.942488e+001  -2.070073e+001  -2.097542e+001  
-1.225273e-007  -1.371717e-008  -1.169171e-007  -1.746076e-007  -0.000000e+000  -6.058724e+000  -1.205276e+001  -1.791817e+001  -2.359248e+001  -2.456157e+001  -2.529480e+001  -2.583074e+001  -2.635396e+001  -2.614272e+001  
1.062366e-007  -4.238612e-007  2.481327e-007  -3.042528e-007  -0.000000e+000  -8.459485e+000  -1.682648e+001  -2.500907e+001  -3.291659e+001  -3.364654e+001  -3.405490e+001  -3.421984e+001  -3.308155e+001  -3.199956e+001  
4.198968e-008  1.625575e-007  -1.180490e-009  1.719857e-007  -0.000000e+000  -1.188015e+001  -2.363444e+001  -3.513573e+001  -4.625483e+001  -4.616254e+001  -4.567444e+001  -4.494348e+001  -4.071063e+001  -3.827375e+001  
-4.652954e-008  -2.423356e-007  -1.210591e-008  -9.927949e-008  -0.000000e+000  -1.668232e+001  -3.322371e+001  -4.947384e+001  -6.526515e+001  -6.304669e+001  -6.050443e+001  -5.790768e+001  -4.868709e+001  -4.445498e+001  
-8.086009e-008  -8.083568e-008  -1.221682e-007  -1.039803e-007  -0.000000e+000  -2.297315e+001  -4.591116e+001  -6.874193e+001  -9.132259e+001  -8.427699e+001  -7.759080e+001  -7.159754e+001  -5.586596e+001  -4.980195e+001  
-2.361588e-007  2.001732e-007  -1.371473e-007  1.521461e-008  -0.000000e+000  -2.847986e+001  -5.739524e+001  -8.709016e+001  -1.177110e+002  -1.026442e+002  -9.016487e+001  -8.012145e+001  -6.003581e+001  -5.313388e+001  
9.729504e-008  8.718256e-009  3.465890e-008  3.380093e-007  -0.000000e+000  -2.944010e+001  -5.976731e+001  -9.179636e+001  -1.261001e+002  -1.066846e+002  -9.195934e+001  -8.085513e+001  -6.091255e+001  -5.408663e+001  
7.630243e-008  -1.839289e-007  4.384524e-007  3.168903e-007  -0.000000e+000  -2.886666e+001  -5.918976e+001  -9.253299e+001  -1.303898e+002  -1.065557e+002  -9.057341e+001  -7.951478e+001  -6.129085e+001  -5.479224e+001  
4.376339e-009  -5.159598e-007  8.792917e-007  -7.656195e-007  -0.000000e+000  -2.581937e+001  -5.348379e+001  -8.559607e+001  -1.260080e+002  -9.915821e+001  -8.472480e+001  -7.595263e+001  -6.124680e+001  -5.527578e+001  
-9.284921e-008  7.042144e-007  -6.925180e-007  2.648300e-007  -0.000000e+000  -1.987690e+001  -4.077157e+001  -6.551270e+001  -1.036391e+002  -8.068472e+001  -7.404716e+001  -7.087267e+001  -6.095080e+001  -5.556919e+001  
2.063295e-007  -7.629257e-007  7.441587e-007  -2.774171e-007  -0.000000e+000  -1.230166e+001  -2.196203e+001  -2.437471e+001  -0.000000e+000  -4.740625e+001  -6.044295e+001  -6.578432e+001  -6.061249e+001  -5.572748e+001  
4.675750e-007  1.237895e-007  -5.007565e-007  1.001179e-007  -0.000000e+000  -9.291857e+000  -1.521841e+001  -1.361248e+001  -0.000000e+000  -3.643484e+001  -5.503176e+001  -6.368416e+001  -6.046713e+001  -5.577907e+001  
-1.556485e-007  2.384740e-007  6.084783e-007  9.269477e-008  -0.000000e+000  -9.291857e+000  -1.521841e+001  -1.361248e+001  -0.000000e+000  -3.643484e+001  -5.503176e+001  -6.368416e+001  -6.046713e+001  -5.577907e+001  
1.658388e-007  4.440434e-007  -3.325274e-007  -1.693392e-007  -0.000000e+000  -1.230166e+001  -2.196203e+001  -2.437471e+001  -0.000000e+000  -4.740625e+001  -6.044295e+001  -6.578432e+001  -6.061249e+001  -5.572748e+001  
1.131856e-007  -3.637936e-007  1.470879e-007  3.533495e-008  -0.000000e+000  -1.987690e+001  -4.077157e+001  -6.551270e+001  -1.036391e+002  -8.068472e+001  -7.404716e+001  -7.087267e+001  -6.095080e+001  -5.556919e+001  
-7.910284e-008  4.638927e-007  5.812919e-008  3.138433e-007  -0.000000e+000  -2.581937e+001  -5.348379e+001  -8.559607e+001  -1.260080e+002  -9.915821e+001  -8.472480e+001  -7.595263e+001  -6.124680e+001  -5.527578e+001  
3.250202e-007  -1.655860e-007  -2.508086e-007  2.095520e-007  -0.000000e+000  -2.886666e+001  -5.918976e+001  -9.253299e+001  -1.303898e+002  -1.065557e+002  -9.057341e+001  -7.951478e+001  -6.129085e+001  -5.479224e+001  
2.681871e-009  6.728943e-007  -1.734665e-007  -9.383880e-008  -0.000000e+000  -2.944010e+001  -5.976731e+001  -9.179636e+001  -1.261001e+002  -1.066846e+002  -9.195934e+001  -8.085513e+001  -6.091255e+001  -5.408663e+001  
1.881075e-007  -2.244594e-007  -7.112171e-008  -1.030851e-008  -0.000000e+000  -2.847986e+001  -5.739524e+001  -8.709016e+001  -1.177110e+002  -1.026442e+002  -9.016487e+001  -8.012145e+001  -6.003581e+001  -5.313388e+001  
4.075738e-008  3.223951e-007  -7.596927e-007  1.620455e-007  -0.000000e+000  -2.297315e+001  -4.591116e+001  -6.874193e+001  -9.132259e+001  -8.427699e+001  -7.759080e+001  -7.159754e+001  -5.586596e+001  -4.980195e+001  
1.011411e-007  -8.645825e-008  -2.284781e-007  -2.337753e-007  -0.000000e+000  -1.668232e+001  -3.322371e+001  -4.947384e+001  -6.526515e+001  -6.304669e+001  -6.050443e+001  -5.790768e+001  -4.868709e+001  -4.445498e+001  
8.097365e-009  -1.704915e-007  -3.029292e-007  -1.784729e-007  -0.000000e+000  -1.188015e+001  -2.363444e+001  -3.513573e+001  -4.625483e+001  -4.616254e+001  -4.567444e+001  -4.494347e+001  -4.071063e+001  -3.827375e+001  
-6.684079e-008  7.110221e-008  -3.433404e-007  1.346994e-007  -0.000000e+000  -8.459485e+000  -1.682648e+001  -2.500907e+001  -3.291659e+001  -3.364654e+001  -3.405490e+001  -3.421984e+001  -3.308155e+001  -3.199956e+001  
-3.009286e-007  -1.601058e-007  2.053632e-008  4.755036e-008  -0.000000e+000  -6.058724e+000  -1.205276e+001  -1.791817e+001  -2.359248e+001  -2.456157e+001  -2.529480e+001  -2.583074e+001  -2.635396e+001  -2.614272e+001  
-6.598524e-007  -4.256357e-007  -3.337009e-007  -1.610216e-007  -0.000000e+000  -4.368796e+000  -8.692574e+000  -1.292688e+001  -1.702839e+001  -1.798936e+001  -1.878192e+001  -1.942488e+001  -2.070073e+001  -2.097542e+001  
-1.793627e-006  -1.177634e-006  -1.622058e-006  -1.810796e-007  -0.000000e+000  -3.299517e+000  -6.565989e+000  -9.766772e+000  -1.287003e+001  -1.374510e+001  -1.449470e+001  -1.512874e+001  -1.663515e+001  -1.711987e+001  
-2.550308e-006  -2.290676e-006  -1.448142e-006  -7.915022e-007  -0.000000e+000  -2.934228e+000  -5.839383e+000  -8.686744e+000  -1.144829e+001  -1.227955e+001  -1.299985e+001  -1.361659e+001  -1.515219e+001  -1.568623e+001  
-3.597056e-006  -3.465043e-006  -2.094398e-006  -1.539785e-006  -0.000000e+000  -2.610373e+000  -5.195131e+000  -7.728967e+000  -1.018717e+001  -1.097202e+001  -1.165860e+001  -1.225245e+001  -1.378681e+001  -1.435178e+001  
-5.888677e-006  -4.514267e-006  -3.624890e-006  -1.838869e-006  -0.000000e+000  -2.322962e+000  -4.623329e+000  -6.878764e+000  -9.067452e+000  -9.804774e+000  -1.045500e+001  -1.102216e+001  -1.253224e+001  -1.311328e+001  
-8.486283e-006  -7.221029e-006  -5.284694e-006  -2.139907e-006  -0.000000e+000  -2.066971e+000  -4.113990e+000  -6.121332e+000  -8.069712e+000  -8.759388e+000  -9.371806e+000  -9.909834e+000  -1.137840e+001  -1.196369e+001  
-1.231194e-005  -1.001671e-005  -7.253193e-006  -3.761426e-006  -0.000000e+000  -1.839459e+000  -3.661279e+000  -5.448022e+000  -7.182627e+000  -7.825483e+000  -8.399734e+000  -8.907346e+000  -1.032209e+001  -1.090235e+001  
-1.742398e-005  -1.441420e-005  -1.029833e-005  -4.984486e-006  -0.000000e+000  -1.637090e+000  -3.258576e+000  -4.849020e+000  -6.393320e+000  -6.990762e+000  -7.527228e+000  -8.003976e+000  -9.356479e+000  -9.924655e+000  
-4.171447e-005  -3.423399e-005  -2.433436e-005  -1.196529e-005  -0.000000e+000  -1.236112e+000  -2.460558e+000  -3.661793e+000  -4.828508e+000  -5.322608e+000  -5.770620e+000  -6.172735e+000  -7.350846e+000  -7.867441e+000  
-1.112184e-004  -9.242021e-005  -6.441457e-005  -3.259865e-005  -0.000000e+000  -9.002228e-001  -1.792006e+000  -2.666993e+000  -3.516993e+000  -3.909873e+000  -4.268985e+000  -4.593922e+000  -5.570399e+000  -6.012940e+000  
-3.027174e-004  -2.507762e-004  -1.771683e-004  -8.822874e-005  -0.000000e+000  -6.570690e-001  -1.307996e+000  -1.946699e+000  -2.567213e+000  -2.876617e+000  -3.161128e+000  -3.420097e+000  -4.212552e+000  -4.580065e+000  
-8.255143e-004  -6.834805e-004  -4.835860e-004  -2.404296e-004  -0.000000e+000  -4.813662e-001  -9.582311e-001  -1.426136e+000  -1.880711e+000  -2.122932e+000  -2.346671e+000  -2.551220e+000  -3.185421e+000  -3.484438e+000  
-2.251672e-003  -1.865552e-003  -1.318937e-003  -6.568062e-004  -0.000000e+000  -3.551018e-001  -7.068617e-001  -1.051974e+000  -1.387197e+000  -1.576420e+000  -1.751753e+000  -1.912541e+000  -2.415619e+000  -2.655653e+000  
-6.139070e-003  -5.090905e-003  -3.601627e-003  -1.796057e-003  -0.000000e+000  -2.655758e-001  -5.285853e-001  -7.865044e-001  -1.036878e+000  -1.184992e+000  -1.322410e+000  -1.448616e+000  -1.845582e+000  -2.036660e+000  
-1.671019e-002  -1.390895e-002  -9.888089e-003  -4.952591e-003  -0.000000e+000  -2.043836e-001  -4.065043e-001  -6.042541e-001  -7.957159e-001  -9.121036e-001  -1.019823e+000  -1.118705e+000  -1.430758e+000  -1.582260e+000  
-4.073689e-002  -3.441308e-002  -2.496996e-002  -1.275949e-002  -0.000000e+000  -1.716740e-001  -3.397615e-001  -5.021042e-001  -6.575736e-001  -7.503823e-001  -8.358609e-001  -9.144751e-001  -1.166150e+000  -1.289904e+000  
-5.956703e-002  -5.159602e-002  -3.890693e-002  -2.083746e-002  -0.000000e+000  -1.678868e-001  -3.275616e-001  -4.780196e-001  -6.201321e-001  -7.018491e-001  -7.780286e-001  -8.488493e-001  -1.079552e+000  -1.193780e+000  
-8.501603e-002  -7.650453e-002  -6.156805e-002  -3.653054e-002  -0.000000e+000  -1.773763e-001  -3.299462e-001  -4.667279e-001  -5.931345e-001  -6.616056e-001  -7.286152e-001  -7.923471e-001  -1.004512e+000  -1.110280e+000  
-1.176213e-001  -1.119500e-001  -1.005694e-001  -7.614563e-002  -0.000000e+000  -2.277203e-001  -3.578361e-001  -4.716311e-001  -5.718347e-001  -6.254714e-001  -6.853717e-001  -7.437432e-001  -9.401210e-001  -1.038488e+000  
-1.546666e-001  -1.562349e-001  -1.597451e-001  -1.692454e-001  -1.996182e-001  -2.773405e-001  -3.627706e-001  -4.447980e-001  -5.173326e-001  -5.862764e-001  -6.469240e-001  -7.027958e-001  -8.863164e-001  -9.784005e-001  
-1.910996e-001  -1.981232e-001  -2.102759e-001  -2.307083e-001  -2.648142e-001  -3.155915e-001  -3.746248e-001  -4.350475e-001  -4.922160e-001  -5.573266e-001  -6.155851e-001  -6.688339e-001  -8.415066e-001  -9.282641e-001  
-2.228188e-001  -2.328527e-001  -2.488150e-001  -2.719116e-001  -3.032317e-001  -3.417347e-001  -3.857007e-001  -4.322658e-001  -4.789262e-001  -5.371225e-001  -5.914580e-001  -6.417291e-001  -8.051850e-001  -8.875281e-001  
-2.799449e-001  -2.895015e-001  -3.038505e-001  -3.229121e-001  -3.464466e-001  -3.733231e-001  -4.032730e-001  -4.354064e-001  -4.688106e-001  -5.128617e-001  -5.562013e-001  -5.977343e-001  -7.408582e-001  -8.145829e-001  

