Port monitor named: Port1_h1[4].prt

nx        = 82
ny        = 68
nz        = 26

nu        = 14
nv        = 70
iu        = 7
iv        = 7

idir      = 1
dcut      = -2.845000e-002
icut      = 7
type      = 1
frequency = 4.000000e+009

fcutoff   = 0.000000e+000
alpha     = 0.000000e+000
beta      = 1.489331e+002
accuracy  = 5.373075e-010

type          = QTEM
wave imp.     = 2.185051e+002
wave imp.sig. = 3.931009e-009
line imp.     = 7.997473e+001

ref. port     = 0

-1.752122e-003  -1.781916e-003  -1.805758e-003  -1.792575e-003  -1.707401e-003  -1.536235e-003  -1.298425e-003  -1.024399e-003  -7.397190e-004  -3.796164e-004  -4.969850e-005  2.429856e-004  1.041431e-003  1.383128e-003  
-3.305649e-003  -3.648158e-003  -4.115265e-003  -4.561543e-003  -4.643825e-003  -4.015490e-003  -3.110605e-003  -2.201246e-003  -1.389429e-003  -5.077728e-004  2.117944e-004  8.092089e-004  2.315062e-003  2.967289e-003  
-3.712223e-003  -4.262388e-003  -5.144988e-003  -6.318836e-003  -7.042838e-003  -5.531364e-003  -3.899955e-003  -2.552225e-003  -1.483804e-003  -4.088865e-004  4.407181e-004  1.139699e-003  2.914604e-003  3.695248e-003  
-3.705555e-003  -4.378788e-003  -5.743870e-003  -8.797343e-003  -1.301841e-002  -7.262686e-003  -4.246150e-003  -2.461613e-003  -1.245493e-003  -9.575205e-005  8.156094e-004  1.574967e-003  3.583331e-003  4.489545e-003  
-3.186072e-003  -3.434907e-003  -3.737863e-003  -3.759911e-003  -0.000000e+000  -3.924915e-003  -2.675789e-003  -1.545836e-003  -5.898413e-004  4.492146e-004  1.343107e-003  2.121959e-003  4.335940e-003  5.367896e-003  
-2.476608e-003  -2.411704e-003  -2.179966e-003  -1.499921e-003  -0.000000e+000  -1.063305e-003  -9.581042e-004  -4.215768e-004  2.477473e-004  1.143022e-003  1.993190e-003  2.774384e-003  5.183180e-003  6.344802e-003  
-1.828992e-003  -1.664273e-003  -1.344651e-003  -7.766632e-004  -0.000000e+000  -1.424966e-004  4.405846e-005  4.827434e-004  1.057057e-003  1.885829e-003  2.719381e-003  3.513595e-003  6.127815e-003  7.426706e-003  
-9.537885e-004  -8.132239e-004  -5.974828e-004  -3.089386e-004  -0.000000e+000  5.009316e-004  1.047558e-003  1.649494e-003  2.293759e-003  3.169861e-003  4.055258e-003  4.916439e-003  7.937120e-003  9.493909e-003  
-3.684995e-004  -3.073318e-004  -2.190659e-004  -1.099653e-004  -0.000000e+000  9.846690e-004  1.968062e-003  2.945916e-003  3.910585e-003  5.141097e-003  6.339036e-003  7.485387e-003  1.147306e-002  1.355430e-002  
-1.355101e-004  -1.124127e-004  -7.956067e-005  -3.969113e-005  -0.000000e+000  1.498726e-003  2.984547e-003  4.444327e-003  5.864557e-003  7.648628e-003  9.361555e-003  1.098440e-002  1.652544e-002  1.940082e-002  
-4.971216e-005  -4.118994e-005  -2.911575e-005  -1.450179e-005  -0.000000e+000  2.152309e-003  4.283632e-003  6.373131e-003  8.400286e-003  1.093738e-002  1.336310e-002  1.565231e-002  2.339071e-002  2.737327e-002  
-1.822727e-005  -1.509106e-005  -1.067168e-005  -5.309166e-006  -0.000000e+000  3.038063e-003  6.045454e-003  8.991793e-003  1.184747e-002  1.541643e-002  1.882249e-002  2.203040e-002  3.280791e-002  3.830596e-002  
-6.669949e-006  -5.536305e-006  -3.890887e-006  -1.953471e-006  -0.000000e+000  4.265033e-003  8.485914e-003  1.261905e-002  1.662187e-002  2.161892e-002  2.638018e-002  3.085605e-002  4.580178e-002  5.334143e-002  
-2.437870e-006  -2.012698e-006  -1.427733e-006  -7.042815e-007  -0.000000e+000  5.984988e-003  1.190604e-002  1.770012e-002  2.330601e-002  3.029364e-002  3.693729e-002  4.316671e-002  6.379182e-002  7.402848e-002  
-9.428902e-007  -7.804295e-007  -5.523374e-007  -2.751329e-007  -0.000000e+000  8.274078e-003  1.645582e-002  2.445443e-002  3.218198e-002  4.179313e-002  5.090241e-002  5.941173e-002  8.723206e-002  1.007134e-001  
-5.305055e-007  -4.632815e-007  -2.980335e-007  -1.537273e-007  -0.000000e+000  1.034951e-002  2.057838e-002  3.056808e-002  4.020466e-002  5.216239e-002  6.345806e-002  7.396793e-002  1.078666e-001  1.238867e-001  
-3.748752e-007  -2.642258e-007  -2.303413e-007  -1.257932e-007  -0.000000e+000  1.173204e-002  2.332359e-002  3.463675e-002  4.553935e-002  5.904774e-002  7.178114e-002  8.359798e-002  1.213761e-001  1.389406e-001  
-2.401445e-007  -2.506842e-007  -1.548188e-007  -3.763000e-008  -0.000000e+000  1.332169e-002  2.647856e-002  3.930955e-002  5.166022e-002  6.693551e-002  8.129689e-002  9.458329e-002  1.366014e-001  1.557557e-001  
-1.952151e-007  -1.643544e-007  -6.790241e-008  -1.105107e-007  -0.000000e+000  1.515224e-002  3.011019e-002  4.468399e-002  5.869245e-002  7.598087e-002  9.218475e-002  1.071195e-001  1.537326e-001  1.744815e-001  
-1.143982e-007  -7.304207e-008  -1.299567e-007  -1.899466e-009  -0.000000e+000  1.726733e-002  3.430372e-002  5.088425e-002  6.679500e-002  8.638099e-002  1.046704e-001  1.214519e-001  1.729974e-001  1.952905e-001  
-6.808225e-008  -6.952653e-008  -2.855878e-009  -4.690611e-008  -0.000000e+000  1.972503e-002  3.917359e-002  5.807679e-002  7.618055e-002  9.839816e-002  1.190537e-001  1.379046e-001  1.946873e-001  2.183978e-001  
-5.026221e-008  -3.919253e-008  -2.010304e-008  -4.384661e-009  -0.000000e+000  2.460472e-002  4.883523e-002  7.232900e-002  9.474636e-002  1.221022e-001  1.473251e-001  1.701118e-001  2.361901e-001  2.619112e-001  
-1.891238e-008  -1.525492e-008  -1.744891e-008  -2.096014e-009  -0.000000e+000  3.549973e-002  7.036172e-002  1.039736e-001  1.357719e-001  1.740633e-001  2.086865e-001  2.392139e-001  3.195164e-001  3.452937e-001  
-7.333545e-009  7.316664e-009  -9.446405e-009  2.256925e-009  -0.000000e+000  5.458302e-002  1.079371e-001  1.588978e-001  2.064233e-001  2.623830e-001  3.113163e-001  3.526522e-001  4.417552e-001  4.584149e-001  
6.126721e-010  -1.373426e-008  5.083911e-009  -1.083837e-008  -0.000000e+000  8.821599e-002  1.738201e-001  2.543845e-001  3.278264e-001  4.112194e-001  4.802238e-001  5.343811e-001  6.070573e-001  5.941793e-001  
1.715308e-009  8.809201e-009  8.524547e-011  5.970914e-009  -0.000000e+000  1.532510e-001  3.002335e-001  4.352666e-001  5.537695e-001  6.801255e-001  7.747382e-001  8.390356e-001  8.231874e-001  7.414307e-001  
6.862981e-010  -3.686099e-009  2.362231e-009  5.461504e-011  -0.000000e+000  2.946607e-001  5.720975e-001  8.170149e-001  1.017897e+000  1.206984e+000  1.319428e+000  1.368298e+000  1.083519e+000  8.689787e-001  
3.919435e-009  -7.275931e-009  3.463586e-010  -3.083350e-009  -0.000000e+000  6.250155e-001  1.200126e+000  1.679473e+000  2.027945e+000  2.269119e+000  2.310181e+000  2.224149e+000  1.315981e+000  9.091117e-001  
-2.062888e-008  1.173355e-008  -1.057550e-008  -1.989224e-008  -0.000000e+000  1.173642e+000  2.248994e+000  3.115290e+000  3.659695e+000  3.806326e+000  3.508996e+000  3.034601e+000  1.368506e+000  8.375684e-001  
1.247430e-009  1.182548e-008  -2.480520e-008  1.299971e-009  -0.000000e+000  1.656230e+000  3.206566e+000  4.485101e+000  5.244992e+000  5.160919e+000  4.401758e+000  3.496743e+000  1.341252e+000  7.627536e-001  
4.427399e-009  2.047770e-008  -2.713579e-008  6.673392e-008  -0.000000e+000  2.310187e+000  4.606352e+000  6.702440e+000  8.023352e+000  7.197878e+000  5.455126e+000  3.826754e+000  1.232661e+000  6.516730e-001  
6.132834e-009  -7.729002e-008  9.958460e-008  -6.531157e-008  -0.000000e+000  2.972709e+000  6.302520e+000  1.013780e+001  1.354827e+001  1.012129e+001  6.404789e+000  3.790213e+000  1.022965e+000  5.057809e-001  
-1.897614e-008  9.290773e-008  -9.107017e-008  3.428001e-008  -0.000000e+000  3.061503e+000  7.171362e+000  1.416651e+001  2.723351e+001  1.330972e+001  6.344779e+000  3.065539e+000  7.063123e-001  3.306563e-001  
-2.187406e-008  -7.418015e-008  1.039514e-007  -3.154048e-008  -0.000000e+000  1.693946e+000  3.958827e+000  7.542165e+000  -0.000000e+000  6.374068e+000  3.312911e+000  1.577863e+000  3.428474e-001  1.566150e-001  
5.210752e-008  -9.581108e-009  -9.285508e-008  5.273720e-010  -0.000000e+000  4.329376e-009  6.710475e-008  9.137051e-010  -0.000000e+000  -1.112856e-009  -1.550403e-008  -9.686595e-008  8.679257e-008  1.610572e-008  
-2.685808e-008  -1.717393e-008  7.858590e-008  2.189116e-008  -0.000000e+000  -1.693946e+000  -3.958828e+000  -7.542165e+000  -0.000000e+000  -6.374068e+000  -3.312911e+000  -1.577863e+000  -3.428475e-001  -1.566150e-001  
3.385496e-009  5.115688e-008  -3.041856e-008  -1.296114e-008  -0.000000e+000  -3.061503e+000  -7.171362e+000  -1.416651e+001  -2.723351e+001  -1.330972e+001  -6.344778e+000  -3.065539e+000  -7.063123e-001  -3.306563e-001  
1.220457e-008  -5.246578e-008  5.596793e-009  -1.763675e-008  -0.000000e+000  -2.972709e+000  -6.302520e+000  -1.013780e+001  -1.354827e+001  -1.012129e+001  -6.404789e+000  -3.790213e+000  -1.022965e+000  -5.057809e-001  
-2.489748e-008  3.881302e-008  1.899244e-008  6.419632e-009  -0.000000e+000  -2.310187e+000  -4.606352e+000  -6.702440e+000  -8.023353e+000  -7.197878e+000  -5.455126e+000  -3.826754e+000  -1.232661e+000  -6.516730e-001  
1.988642e-008  -5.165697e-008  -4.760782e-009  1.869939e-008  -0.000000e+000  -1.656230e+000  -3.206566e+000  -4.485101e+000  -5.244992e+000  -5.160919e+000  -4.401758e+000  -3.496743e+000  -1.341252e+000  -7.627536e-001  
-1.136793e-008  5.532289e-008  -6.299816e-009  -5.172510e-009  -0.000000e+000  -1.173642e+000  -2.248994e+000  -3.115290e+000  -3.659695e+000  -3.806326e+000  -3.508996e+000  -3.034601e+000  -1.368506e+000  -8.375685e-001  
3.828952e-009  -1.397221e-008  1.765899e-008  -4.383031e-009  -0.000000e+000  -6.250155e-001  -1.200126e+000  -1.679473e+000  -2.027945e+000  -2.269119e+000  -2.310181e+000  -2.224149e+000  -1.315981e+000  -9.091118e-001  
-1.258214e-009  9.226596e-009  -1.176241e-008  8.885179e-009  -0.000000e+000  -2.946607e-001  -5.720975e-001  -8.170148e-001  -1.017897e+000  -1.206984e+000  -1.319428e+000  -1.368298e+000  -1.083519e+000  -8.689787e-001  
2.390767e-009  2.137265e-009  1.855108e-009  -1.129587e-009  -0.000000e+000  -1.532510e-001  -3.002335e-001  -4.352666e-001  -5.537694e-001  -6.801255e-001  -7.747382e-001  -8.390356e-001  -8.231874e-001  -7.414307e-001  
2.482653e-009  -4.693758e-009  1.373342e-009  -6.730260e-009  -0.000000e+000  -8.821597e-002  -1.738202e-001  -2.543845e-001  -3.278264e-001  -4.112194e-001  -4.802238e-001  -5.343811e-001  -6.070573e-001  -5.941793e-001  
7.468531e-009  7.013690e-009  -6.813158e-009  2.591794e-009  -0.000000e+000  -5.458302e-002  -1.079371e-001  -1.588979e-001  -2.064233e-001  -2.623830e-001  -3.113163e-001  -3.526522e-001  -4.417552e-001  -4.584149e-001  
1.402508e-008  1.091517e-008  1.144882e-008  6.412018e-009  -0.000000e+000  -3.549974e-002  -7.036172e-002  -1.039736e-001  -1.357719e-001  -1.740633e-001  -2.086865e-001  -2.392139e-001  -3.195164e-001  -3.452937e-001  
4.474060e-008  3.224304e-008  4.219371e-008  5.049462e-009  -0.000000e+000  -2.460474e-002  -4.883521e-002  -7.232902e-002  -9.474636e-002  -1.221022e-001  -1.473251e-001  -1.701118e-001  -2.361901e-001  -2.619112e-001  
7.755259e-008  9.416267e-008  7.402724e-009  4.660811e-008  -0.000000e+000  -1.972501e-002  -3.917359e-002  -5.807678e-002  -7.618058e-002  -9.839816e-002  -1.190537e-001  -1.379046e-001  -1.946873e-001  -2.183978e-001  
1.088050e-007  1.090036e-007  6.578320e-008  5.901766e-008  -0.000000e+000  -1.726727e-002  -3.430379e-002  -5.088425e-002  -6.679497e-002  -8.638097e-002  -1.046704e-001  -1.214519e-001  -1.729975e-001  -1.952905e-001  
2.050982e-007  1.176634e-007  1.316562e-007  3.707419e-008  -0.000000e+000  -1.515232e-002  -3.011013e-002  -4.468397e-002  -5.869251e-002  -7.598090e-002  -9.218474e-002  -1.071195e-001  -1.537326e-001  -1.744815e-001  
2.521052e-007  2.428931e-007  1.561362e-007  4.545259e-008  -0.000000e+000  -1.332164e-002  -2.647863e-002  -3.930952e-002  -5.166025e-002  -6.693550e-002  -8.129693e-002  -9.458329e-002  -1.366014e-001  -1.557557e-001  
3.692354e-007  2.828854e-007  1.995308e-007  1.387114e-007  -0.000000e+000  -1.173202e-002  -2.332359e-002  -3.463677e-002  -4.553931e-002  -5.904777e-002  -7.178111e-002  -8.359800e-002  -1.213761e-001  -1.389406e-001  
5.089537e-007  4.316652e-007  3.010598e-007  1.320201e-007  -0.000000e+000  -1.034954e-002  -2.057832e-002  -3.056810e-002  -4.020461e-002  -5.216238e-002  -6.345808e-002  -7.396792e-002  -1.078666e-001  -1.238867e-001  
9.577328e-007  7.857779e-007  5.559660e-007  2.766684e-007  -0.000000e+000  -8.274073e-003  -1.645583e-002  -2.445442e-002  -3.218198e-002  -4.179312e-002  -5.090241e-002  -5.941172e-002  -8.723206e-002  -1.007134e-001  
2.426310e-006  2.023276e-006  1.406664e-006  7.154197e-007  -0.000000e+000  -5.984991e-003  -1.190604e-002  -1.770013e-002  -2.330601e-002  -3.029364e-002  -3.693728e-002  -4.316671e-002  -6.379182e-002  -7.402848e-002  
6.675348e-006  5.523366e-006  3.921378e-006  1.941449e-006  -0.000000e+000  -4.265033e-003  -8.485906e-003  -1.261905e-002  -1.662188e-002  -2.161892e-002  -2.638018e-002  -3.085604e-002  -4.580178e-002  -5.334143e-002  
1.822351e-005  1.508756e-005  1.067487e-005  5.307794e-006  -0.000000e+000  -3.038058e-003  -6.045439e-003  -8.991798e-003  -1.184745e-002  -1.541644e-002  -1.882250e-002  -2.203041e-002  -3.280791e-002  -3.830596e-002  
4.971074e-005  4.119743e-005  2.911368e-005  1.450945e-005  -0.000000e+000  -2.152314e-003  -4.283651e-003  -6.373128e-003  -8.400309e-003  -1.093737e-002  -1.336310e-002  -1.565231e-002  -2.339071e-002  -2.737327e-002  
1.355047e-004  1.124187e-004  7.956247e-005  3.970176e-005  -0.000000e+000  -1.498719e-003  -2.984547e-003  -4.444325e-003  -5.864571e-003  -7.648642e-003  -9.361562e-003  -1.098440e-002  -1.652544e-002  -1.940082e-002  
3.685075e-004  3.073360e-004  2.190494e-004  1.099615e-004  -0.000000e+000  -9.846689e-004  -1.968058e-003  -2.945916e-003  -3.910560e-003  -5.141084e-003  -6.339027e-003  -7.485386e-003  -1.147306e-002  -1.355430e-002  
9.537827e-004  8.132209e-004  5.974653e-004  3.089339e-004  -0.000000e+000  -5.009361e-004  -1.047555e-003  -1.649511e-003  -2.293766e-003  -3.169862e-003  -4.055258e-003  -4.916438e-003  -7.937116e-003  -9.493909e-003  
1.829030e-003  1.664224e-003  1.344731e-003  7.766266e-004  -0.000000e+000  1.425157e-004  -4.410094e-005  -4.827212e-004  -1.057027e-003  -1.885850e-003  -2.719360e-003  -3.513599e-003  -6.127818e-003  -7.426694e-003  
2.476586e-003  2.411808e-003  2.179913e-003  1.499977e-003  -0.000000e+000  1.063288e-003  9.581761e-004  4.215832e-004  -2.478342e-004  -1.143025e-003  -1.993226e-003  -2.774371e-003  -5.183178e-003  -6.344810e-003  
3.186107e-003  3.434818e-003  3.737868e-003  3.759929e-003  -0.000000e+000  3.924928e-003  2.675676e-003  1.545904e-003  5.898831e-004  -4.491776e-004  -1.343085e-003  -2.121973e-003  -4.335945e-003  -5.367909e-003  
3.705510e-003  4.378846e-003  5.743881e-003  8.797245e-003  1.301841e-002  7.262686e-003  4.246231e-003  2.461580e-003  1.245477e-003  9.574222e-005  -8.156047e-004  -1.574931e-003  -3.583324e-003  -4.489535e-003  
3.712254e-003  4.262324e-003  5.144965e-003  6.318904e-003  7.042807e-003  5.531361e-003  3.899954e-003  2.552134e-003  1.483883e-003  4.089193e-004  -4.407261e-004  -1.139707e-003  -2.914601e-003  -3.695229e-003  
3.305662e-003  3.648193e-003  4.115287e-003  4.561498e-003  4.643897e-003  4.015463e-003  3.110655e-003  2.201290e-003  1.389414e-003  5.077253e-004  -2.117875e-004  -8.092273e-004  -2.315061e-003  -2.967296e-003  
1.752119e-003  1.781914e-003  1.805753e-003  1.792576e-003  1.707403e-003  1.536233e-003  1.298421e-003  1.024405e-003  7.397092e-004  3.796245e-004  4.969934e-005  -2.429829e-004  -1.041428e-003  -1.383124e-003  
-0.000000e+000  -0.000000e+000  -0.000000e+000  -0.000000e+000  -0.000000e+000  -0.000000e+000  -0.000000e+000  -0.000000e+000  -0.000000e+000  -0.000000e+000  -0.000000e+000  -0.000000e+000  -0.000000e+000  -0.000000e+000  

-1.101869e-003  -1.664524e-003  -2.233709e-003  -2.796808e-003  -3.324008e-003  -3.787563e-003  -4.171770e-003  -4.464279e-003  -4.691347e-003  -4.791536e-003  -4.748116e-003  -4.310041e-003  -1.872500e-003  -0.000000e+000  
-1.015500e-003  -1.631570e-003  -2.397640e-003  -3.318388e-003  -4.283141e-003  -5.081196e-003  -5.652515e-003  -6.007235e-003  -6.207867e-003  -6.201350e-003  -6.019475e-003  -5.200653e-003  -2.191283e-003  -0.000000e+000  
-6.158600e-004  -1.091572e-003  -1.900022e-003  -3.291717e-003  -5.175549e-003  -6.339878e-003  -6.927460e-003  -7.164714e-003  -7.199750e-003  -7.034292e-003  -6.729227e-003  -5.667295e-003  -2.360045e-003  -0.000000e+000  
3.871558e-005  -4.066327e-005  -5.075842e-004  -2.484407e-003  -7.218254e-003  -8.555506e-003  -8.795531e-003  -8.684704e-003  -8.416202e-003  -8.028518e-003  -7.570649e-003  -6.224732e-003  -2.564074e-003  -0.000000e+000  
8.463260e-004  1.609830e-003  3.219898e-003  7.246911e-003  -1.523904e-002  -1.257783e-002  -1.126517e-002  -1.043693e-002  -9.746497e-003  -9.121361e-003  -8.507014e-003  -6.866982e-003  -2.803744e-003  -0.000000e+000  
1.134207e-003  1.951814e-003  3.191873e-003  4.985872e-003  -1.672926e-002  -1.444126e-002  -1.298103e-002  -1.192763e-002  -1.103123e-002  -1.025596e-002  -9.516942e-003  -7.600985e-003  -3.084256e-003  -0.000000e+000  
1.031939e-003  1.629022e-003  2.294267e-003  2.869346e-003  -1.567452e-002  -1.489531e-002  -1.399059e-002  -1.310330e-002  -1.222549e-002  -1.139614e-002  -1.057484e-002  -8.418483e-003  -3.404283e-003  -0.000000e+000  
8.090159e-004  1.203722e-003  1.549951e-003  1.766300e-003  -1.588033e-002  -1.552376e-002  -1.493953e-002  -1.421863e-002  -1.341234e-002  -1.257447e-002  -1.169637e-002  -9.325841e-003  -3.766751e-003  -0.000000e+000  
3.563687e-004  5.110288e-004  6.267091e-004  6.874717e-004  -1.872637e-002  -1.850322e-002  -1.807182e-002  -1.745166e-002  -1.669928e-002  -1.583380e-002  -1.483544e-002  -1.196996e-002  -4.848084e-003  -0.000000e+000  
1.332264e-004  1.892328e-004  2.292603e-004  2.494327e-004  -2.435279e-002  -2.410608e-002  -2.361695e-002  -2.289301e-002  -2.200505e-002  -2.096000e-002  -1.971259e-002  -1.604160e-002  -6.523625e-003  -0.000000e+000  
4.904932e-005  6.952235e-005  8.400263e-005  9.124609e-005  -3.272439e-002  -3.240390e-002  -3.176662e-002  -3.081930e-002  -2.965652e-002  -2.828334e-002  -2.663178e-002  -2.174034e-002  -8.856810e-003  -0.000000e+000  
1.799722e-005  2.552845e-005  3.075901e-005  3.344350e-005  -4.464262e-002  -4.420827e-002  -4.334414e-002  -4.205883e-002  -4.047943e-002  -3.861195e-002  -3.636366e-002  -2.969853e-002  -1.209498e-002  -0.000000e+000  
6.571354e-006  9.424969e-006  1.122224e-005  1.228095e-005  -6.136277e-002  -6.076491e-002  -5.957532e-002  -5.780632e-002  -5.562814e-002  -5.304953e-002  -4.994725e-002  -4.075698e-002  -1.656598e-002  -0.000000e+000  
2.439502e-006  3.432998e-006  4.160518e-006  4.495632e-006  -8.469433e-002  -8.386439e-002  -8.221329e-002  -7.975844e-002  -7.672861e-002  -7.313524e-002  -6.881873e-002  -5.605172e-002  -2.270031e-002  -0.000000e+000  
8.912623e-007  1.300748e-006  1.525840e-006  1.687790e-006  -1.172126e-001  -1.160519e-001  -1.137436e-001  -1.103133e-001  -1.060661e-001  -1.010172e-001  -9.496595e-002  -7.711264e-002  -3.105011e-002  -0.000000e+000  
3.710363e-007  5.703363e-007  6.384113e-007  7.243060e-007  -1.563999e-001  -1.548279e-001  -1.517028e-001  -1.470616e-001  -1.412946e-001  -1.344205e-001  -1.262054e-001  -1.020475e-001  -4.077108e-002  -0.000000e+000  
2.818078e-007  3.556533e-007  4.487875e-007  5.040759e-007  -1.763257e-001  -1.745376e-001  -1.709836e-001  -1.657078e-001  -1.591398e-001  -1.513001e-001  -1.419462e-001  -1.144906e-001  -4.553864e-002  -0.000000e+000  
1.390715e-007  3.087993e-007  3.115288e-007  3.248204e-007  -1.988241e-001  -1.967869e-001  -1.927388e-001  -1.867326e-001  -1.792397e-001  -1.702827e-001  -1.596148e-001  -1.283698e-001  -5.079745e-002  -0.000000e+000  
1.503371e-007  1.848062e-007  1.600278e-007  2.689658e-007  -2.242581e-001  -2.219323e-001  -2.173124e-001  -2.104613e-001  -2.018953e-001  -1.916381e-001  -1.794476e-001  -1.438296e-001  -5.657748e-002  -0.000000e+000  
1.099767e-007  6.150383e-008  2.111708e-007  1.140413e-007  -2.529625e-001  -2.503015e-001  -2.450180e-001  -2.371876e-001  -2.273732e-001  -2.155997e-001  -2.016402e-001  -1.609689e-001  -6.288438e-002  -0.000000e+000  
5.684689e-008  1.320950e-007  4.801836e-008  1.096362e-007  -2.854945e-001  -2.824409e-001  -2.763808e-001  -2.674057e-001  -2.561263e-001  -2.425682e-001  -2.265369e-001  -1.799817e-001  -6.974972e-002  -0.000000e+000  
5.816211e-008  4.695868e-008  1.024072e-007  4.369216e-008  -3.224296e-001  -3.189130e-001  -3.119377e-001  -3.016164e-001  -2.886059e-001  -2.729334e-001  -2.544605e-001  -2.010174e-001  -7.717622e-002  -0.000000e+000  
2.387823e-008  -1.195917e-008  5.356312e-008  2.774784e-008  -4.318313e-001  -4.268474e-001  -4.169766e-001  -4.024083e-001  -3.838990e-001  -3.614805e-001  -3.352910e-001  -2.603289e-001  -9.722574e-002  -0.000000e+000  
1.070176e-008  -4.788563e-009  -5.846858e-010  1.906138e-008  -6.094323e-001  -6.016988e-001  -5.864234e-001  -5.639783e-001  -5.351487e-001  -4.999975e-001  -4.595262e-001  -3.456837e-001  -1.231384e-001  -0.000000e+000  
-4.031379e-008  5.326110e-008  -4.141405e-008  2.736542e-008  -8.740031e-001  -8.612369e-001  -8.361302e-001  -7.995001e-001  -7.518857e-001  -6.935443e-001  -6.278127e-001  -4.475550e-001  -1.479868e-001  -0.000000e+000  
9.637142e-009  -1.230530e-008  1.388353e-008  -1.411338e-008  -1.284417e+000  -1.261475e+000  -1.216670e+000  -1.152045e+000  -1.067219e+000  -9.635031e-001  -8.504753e-001  -5.519625e-001  -1.616514e-001  -0.000000e+000  
-1.503848e-008  1.807105e-008  -6.493179e-009  8.709196e-009  -1.961871e+000  -1.915548e+000  -1.826043e+000  -1.699262e+000  -1.532524e+000  -1.332485e+000  -1.126217e+000  -6.135919e-001  -1.436447e-001  -0.000000e+000  
5.774702e-011  -3.117656e-009  1.544587e-009  8.984720e-009  -3.189405e+000  -3.080912e+000  -2.873789e+000  -2.587135e+000  -2.214220e+000  -1.788735e+000  -1.391965e+000  -5.135319e-001  -5.952556e-002  -0.000000e+000  
3.389730e-008  -2.608104e-008  1.190810e-008  -1.186211e-009  -5.323077e+000  -5.061046e+000  -4.558946e+000  -3.868294e+000  -2.980653e+000  -2.055478e+000  -1.332795e+000  -7.689727e-002  1.008321e-001  -0.000000e+000  
-6.824593e-009  2.058472e-009  2.357735e-008  -2.864477e-008  -6.928233e+000  -6.541497e+000  -5.773596e+000  -4.672656e+000  -3.223792e+000  -1.843205e+000  -9.308072e-001  2.876516e-001  1.922074e-001  -0.000000e+000  
-2.013101e-008  4.834891e-008  -9.444724e-009  -2.689457e-008  -9.157246e+000  -8.637472e+000  -7.525917e+000  -5.765629e+000  -3.249255e+000  -1.179434e+000  -1.049719e-001  7.715605e-001  2.935573e-001  -0.000000e+000  
-4.034770e-008  1.081377e-007  -1.275748e-007  6.481989e-008  -1.222507e+001  -1.169252e+001  -1.033401e+001  -7.591372e+000  -2.551045e+000  4.551906e-001  1.437830e+000  1.364511e+000  3.966999e-001  -0.000000e+000  
6.178536e-008  -1.083365e-007  7.410115e-008  -2.257727e-008  -1.602466e+001  -1.594589e+001  -1.523494e+001  -1.198647e+001  6.242574e-001  3.946819e+000  3.893020e+000  1.986975e+000  4.867991e-001  -0.000000e+000  
-7.523295e-008  1.167159e-007  -7.933844e-008  2.343917e-008  -1.991306e+001  -2.115291e+001  -2.406817e+001  -3.008766e+001  1.877394e+001  1.058018e+001  7.002922e+000  2.521873e+000  5.526609e-001  -0.000000e+000  
-2.670408e-008  -4.837901e-008  4.654535e-008  -8.613350e-009  -2.154130e+001  -2.332549e+001  -2.749775e+001  -3.545252e+001  2.152046e+001  1.278644e+001  8.251119e+000  2.734641e+000  5.774735e-001  -0.000000e+000  
3.052979e-008  2.859307e-008  -4.002744e-008  -7.855465e-009  -2.154130e+001  -2.332549e+001  -2.749775e+001  -3.545252e+001  2.152046e+001  1.278644e+001  8.251119e+000  2.734641e+000  5.774735e-001  -0.000000e+000  
2.155047e-008  -6.028273e-008  1.259238e-008  1.435074e-008  -1.991306e+001  -2.115291e+001  -2.406817e+001  -3.008766e+001  1.877394e+001  1.058018e+001  7.002922e+000  2.521873e+000  5.526609e-001  -0.000000e+000  
-3.705087e-008  3.953346e-008  -8.731533e-009  -3.079474e-009  -1.602466e+001  -1.594589e+001  -1.523494e+001  -1.198647e+001  6.242574e-001  3.946819e+000  3.893020e+000  1.986975e+000  4.867991e-001  -0.000000e+000  
4.202766e-008  -3.150426e-008  1.972889e-008  -2.676631e-008  -1.222507e+001  -1.169252e+001  -1.033401e+001  -7.591372e+000  -2.551045e+000  4.551906e-001  1.437830e+000  1.364511e+000  3.966999e-001  -0.000000e+000  
-3.808387e-008  -6.721663e-009  3.563188e-008  -1.782838e-008  -9.157246e+000  -8.637472e+000  -7.525917e+000  -5.765629e+000  -3.249255e+000  -1.179434e+000  -1.049719e-001  7.715605e-001  2.935573e-001  -0.000000e+000  
5.191646e-008  -6.565054e-008  6.128816e-009  7.896256e-009  -6.928233e+000  -6.541497e+000  -5.773596e+000  -4.672656e+000  -3.223792e+000  -1.843205e+000  -9.308072e-001  2.876516e-001  1.922074e-001  -0.000000e+000  
-3.206217e-008  1.182281e-008  4.676032e-009  8.735998e-010  -5.323077e+000  -5.061046e+000  -4.558946e+000  -3.868294e+000  -2.980653e+000  -2.055478e+000  -1.332795e+000  -7.689727e-002  1.008321e-001  -0.000000e+000  
2.181641e-008  -8.389582e-008  7.156892e-008  -1.360337e-008  -3.189405e+000  -3.080912e+000  -2.873789e+000  -2.587135e+000  -2.214220e+000  -1.788735e+000  -1.391965e+000  -5.135319e-001  -5.952556e-002  -0.000000e+000  
-1.445894e-008  -1.085952e-008  -1.701289e-010  2.013108e-008  -1.961871e+000  -1.915548e+000  -1.826043e+000  -1.699262e+000  -1.532524e+000  -1.332485e+000  -1.126217e+000  -6.135919e-001  -1.436447e-001  -0.000000e+000  
-1.355475e-008  -9.807407e-009  1.025903e-008  1.583704e-008  -1.284417e+000  -1.261475e+000  -1.216670e+000  -1.152045e+000  -1.067219e+000  -9.635031e-001  -8.504753e-001  -5.519625e-001  -1.616513e-001  -0.000000e+000  
1.154712e-008  -3.092685e-008  3.854383e-008  -9.826007e-009  -8.740031e-001  -8.612369e-001  -8.361303e-001  -7.995000e-001  -7.518858e-001  -6.935443e-001  -6.278127e-001  -4.475550e-001  -1.479868e-001  -0.000000e+000  
1.324182e-008  1.727496e-008  6.016710e-009  2.011722e-010  -6.094323e-001  -6.016987e-001  -5.864234e-001  -5.639782e-001  -5.351487e-001  -4.999975e-001  -4.595262e-001  -3.456837e-001  -1.231384e-001  -0.000000e+000  
2.442845e-008  1.598092e-008  2.405629e-008  2.522609e-008  -4.318313e-001  -4.268474e-001  -4.169766e-001  -4.024083e-001  -3.838990e-001  -3.614805e-001  -3.352910e-001  -2.603289e-001  -9.722574e-002  -0.000000e+000  
6.298424e-008  -1.288807e-008  1.378117e-007  4.369005e-008  -3.224296e-001  -3.189131e-001  -3.119376e-001  -3.016165e-001  -2.886059e-001  -2.729333e-001  -2.544605e-001  -2.010174e-001  -7.717621e-002  -0.000000e+000  
4.275642e-008  9.736077e-008  8.965020e-008  1.092064e-007  -2.854944e-001  -2.824410e-001  -2.763807e-001  -2.674057e-001  -2.561264e-001  -2.425682e-001  -2.265369e-001  -1.799817e-001  -6.974972e-002  -0.000000e+000  
4.338134e-008  1.533265e-007  9.980948e-008  1.923146e-007  -2.529625e-001  -2.503014e-001  -2.450181e-001  -2.371876e-001  -2.273732e-001  -2.155997e-001  -2.016402e-001  -1.609689e-001  -6.288438e-002  -0.000000e+000  
1.550436e-007  1.375561e-007  2.213943e-007  2.460031e-007  -2.242581e-001  -2.219324e-001  -2.173124e-001  -2.104612e-001  -2.018953e-001  -1.916382e-001  -1.794476e-001  -1.438296e-001  -5.657748e-002  -0.000000e+000  
1.687030e-007  2.501232e-007  3.646214e-007  3.126542e-007  -1.988241e-001  -1.967868e-001  -1.927390e-001  -1.867325e-001  -1.792398e-001  -1.702827e-001  -1.596149e-001  -1.283698e-001  -5.079745e-002  -0.000000e+000  
2.806464e-007  3.597831e-007  4.463635e-007  5.098023e-007  -1.763258e-001  -1.745375e-001  -1.709837e-001  -1.657078e-001  -1.591398e-001  -1.513001e-001  -1.419462e-001  -1.144906e-001  -4.553864e-002  -0.000000e+000  
3.826786e-007  5.305614e-007  6.673857e-007  7.000224e-007  -1.563999e-001  -1.548279e-001  -1.517027e-001  -1.470617e-001  -1.412945e-001  -1.344205e-001  -1.262054e-001  -1.020475e-001  -4.077108e-002  -0.000000e+000  
9.322258e-007  1.266329e-006  1.561294e-006  1.668748e-006  -1.172126e-001  -1.160519e-001  -1.137437e-001  -1.103133e-001  -1.060661e-001  -1.010172e-001  -9.496594e-002  -7.711265e-002  -3.105011e-002  -0.000000e+000  
2.402399e-006  3.509539e-006  4.082704e-006  4.519364e-006  -8.469432e-002  -8.386437e-002  -8.221332e-002  -7.975845e-002  -7.672862e-002  -7.313523e-002  -6.881871e-002  -5.605172e-002  -2.270031e-002  -0.000000e+000  
6.598782e-006  9.349058e-006  1.129398e-005  1.225870e-005  -6.136276e-002  -6.076493e-002  -5.957532e-002  -5.780629e-002  -5.562815e-002  -5.304954e-002  -4.994725e-002  -4.075697e-002  -1.656598e-002  -0.000000e+000  
1.802360e-005  2.542904e-005  3.084668e-005  3.341606e-005  -4.464263e-002  -4.420832e-002  -4.334407e-002  -4.205890e-002  -4.047936e-002  -3.861196e-002  -3.636366e-002  -2.969853e-002  -1.209498e-002  -0.000000e+000  
4.904444e-005  6.945642e-005  8.405615e-005  9.124801e-005  -3.272438e-002  -3.240390e-002  -3.176662e-002  -3.081928e-002  -2.965654e-002  -2.828333e-002  -2.663176e-002  -2.174034e-002  -8.856811e-003  -0.000000e+000  
1.331814e-004  1.891814e-004  2.292829e-004  2.494756e-004  -2.435280e-002  -2.410605e-002  -2.361696e-002  -2.289295e-002  -2.200508e-002  -2.096001e-002  -1.971259e-002  -1.604160e-002  -6.523626e-003  -0.000000e+000  
3.563375e-004  5.110500e-004  6.266868e-004  6.874998e-004  -1.872638e-002  -1.850321e-002  -1.807182e-002  -1.745169e-002  -1.669927e-002  -1.583380e-002  -1.483543e-002  -1.196996e-002  -4.848085e-003  -0.000000e+000  
8.089760e-004  1.203788e-003  1.549890e-003  1.766313e-003  -1.588033e-002  -1.552377e-002  -1.493946e-002  -1.421868e-002  -1.341234e-002  -1.257447e-002  -1.169636e-002  -9.325841e-003  -3.766750e-003  -0.000000e+000  
1.032008e-003  1.628926e-003  2.294352e-003  2.869307e-003  -1.567455e-002  -1.489525e-002  -1.399061e-002  -1.310337e-002  -1.222544e-002  -1.139619e-002  -1.057480e-002  -8.418483e-003  -3.404284e-003  -0.000000e+000  
1.134117e-003  1.951917e-003  3.191820e-003  4.985911e-003  -1.672927e-002  -1.444131e-002  -1.298097e-002  -1.192757e-002  -1.103126e-002  -1.025597e-002  -9.516956e-003  -7.600983e-003  -3.084256e-003  -0.000000e+000  
8.463932e-004  1.609813e-003  3.219830e-003  7.246956e-003  -1.523906e-002  -1.257772e-002  -1.126534e-002  -1.043683e-002  -9.746528e-003  -9.121355e-003  -8.506994e-003  -6.866982e-003  -2.803742e-003  -0.000000e+000  
3.865430e-005  -4.062148e-005  -5.075163e-004  -2.484468e-003  -7.218277e-003  -8.555500e-003  -8.795554e-003  -8.684634e-003  -8.416238e-003  -8.028526e-003  -7.570660e-003  -6.224725e-003  -2.564072e-003  -0.000000e+000  
-6.158020e-004  -1.091582e-003  -1.900068e-003  -3.291655e-003  -5.175607e-003  -6.339875e-003  -6.927370e-003  -7.164860e-003  -7.199741e-003  -7.034260e-003  -6.729238e-003  -5.667290e-003  -2.360047e-003  -0.000000e+000  
-1.015469e-003  -1.631564e-003  -2.397602e-003  -3.318470e-003  -4.283074e-003  -5.081290e-003  -5.652418e-003  -6.007308e-003  -6.207825e-003  -6.201372e-003  -6.019461e-003  -5.200653e-003  -2.191283e-003  -0.000000e+000  
-1.101841e-003  -1.664503e-003  -2.233698e-003  -2.796897e-003  -3.323927e-003  -3.787642e-003  -4.171719e-003  -4.464279e-003  -4.691370e-003  -4.791532e-003  -4.748110e-003  -4.310042e-003  -1.872500e-003  -0.000000e+000  

0.000000e+000  0.000000e+000  0.000000e+000  0.000000e+000  0.000000e+000  0.000000e+000  0.000000e+000  0.000000e+000  0.000000e+000  0.000000e+000  0.000000e+000  0.000000e+000  0.000000e+000  0.000000e+000  
0.000000e+000  0.000000e+000  0.000000e+000  0.000000e+000  0.000000e+000  0.000000e+000  0.000000e+000  0.000000e+000  0.000000e+000  0.000000e+000  0.000000e+000  0.000000e+000  0.000000e+000  0.000000e+000  
0.000000e+000  0.000000e+000  0.000000e+000  0.000000e+000  0.000000e+000  0.000000e+000  0.000000e+000  0.000000e+000  0.000000e+000  0.000000e+000  0.000000e+000  0.000000e+000  0.000000e+000  0.000000e+000  
0.000000e+000  0.000000e+000  0.000000e+000  0.000000e+000  0.000000e+000  0.000000e+000  0.000000e+000  0.000000e+000  0.000000e+000  0.000000e+000  0.000000e+000  0.000000e+000  0.000000e+000  0.000000e+000  
0.000000e+000  0.000000e+000  0.000000e+000  0.000000e+000  0.000000e+000  0.000000e+000  0.000000e+000  0.000000e+000  0.000000e+000  0.000000e+000  0.000000e+000  0.000000e+000  0.000000e+000  0.000000e+000  
0.000000e+000  0.000000e+000  0.000000e+000  0.000000e+000  0.000000e+000  0.000000e+000  0.000000e+000  0.000000e+000  0.000000e+000  0.000000e+000  0.000000e+000  0.000000e+000  0.000000e+000  0.000000e+000  
0.000000e+000  0.000000e+000  0.000000e+000  0.000000e+000  0.000000e+000  0.000000e+000  0.000000e+000  0.000000e+000  0.000000e+000  0.000000e+000  0.000000e+000  0.000000e+000  0.000000e+000  0.000000e+000  
0.000000e+000  0.000000e+000  0.000000e+000  0.000000e+000  0.000000e+000  0.000000e+000  0.000000e+000  0.000000e+000  0.000000e+000  0.000000e+000  0.000000e+000  0.000000e+000  0.000000e+000  0.000000e+000  
0.000000e+000  0.000000e+000  0.000000e+000  0.000000e+000  0.000000e+000  0.000000e+000  0.000000e+000  0.000000e+000  0.000000e+000  0.000000e+000  0.000000e+000  0.000000e+000  0.000000e+000  0.000000e+000  
0.000000e+000  0.000000e+000  0.000000e+000  0.000000e+000  0.000000e+000  0.000000e+000  0.000000e+000  0.000000e+000  0.000000e+000  0.000000e+000  0.000000e+000  0.000000e+000  0.000000e+000  0.000000e+000  
0.000000e+000  0.000000e+000  0.000000e+000  0.000000e+000  0.000000e+000  0.000000e+000  0.000000e+000  0.000000e+000  0.000000e+000  0.000000e+000  0.000000e+000  0.000000e+000  0.000000e+000  0.000000e+000  
0.000000e+000  0.000000e+000  0.000000e+000  0.000000e+000  0.000000e+000  0.000000e+000  0.000000e+000  0.000000e+000  0.000000e+000  0.000000e+000  0.000000e+000  0.000000e+000  0.000000e+000  0.000000e+000  
0.000000e+000  0.000000e+000  0.000000e+000  0.000000e+000  0.000000e+000  0.000000e+000  0.000000e+000  0.000000e+000  0.000000e+000  0.000000e+000  0.000000e+000  0.000000e+000  0.000000e+000  0.000000e+000  
0.000000e+000  0.000000e+000  0.000000e+000  0.000000e+000  0.000000e+000  0.000000e+000  0.000000e+000  0.000000e+000  0.000000e+000  0.000000e+000  0.000000e+000  0.000000e+000  0.000000e+000  0.000000e+000  
0.000000e+000  0.000000e+000  0.000000e+000  0.000000e+000  0.000000e+000  0.000000e+000  0.000000e+000  0.000000e+000  0.000000e+000  0.000000e+000  0.000000e+000  0.000000e+000  0.000000e+000  0.000000e+000  
0.000000e+000  0.000000e+000  0.000000e+000  0.000000e+000  0.000000e+000  0.000000e+000  0.000000e+000  0.000000e+000  0.000000e+000  0.000000e+000  0.000000e+000  0.000000e+000  0.000000e+000  0.000000e+000  
0.000000e+000  0.000000e+000  0.000000e+000  0.000000e+000  0.000000e+000  0.000000e+000  0.000000e+000  0.000000e+000  0.000000e+000  0.000000e+000  0.000000e+000  0.000000e+000  0.000000e+000  0.000000e+000  
0.000000e+000  0.000000e+000  0.000000e+000  0.000000e+000  0.000000e+000  0.000000e+000  0.000000e+000  0.000000e+000  0.000000e+000  0.000000e+000  0.000000e+000  0.000000e+000  0.000000e+000  0.000000e+000  
0.000000e+000  0.000000e+000  0.000000e+000  0.000000e+000  0.000000e+000  0.000000e+000  0.000000e+000  0.000000e+000  0.000000e+000  0.000000e+000  0.000000e+000  0.000000e+000  0.000000e+000  0.000000e+000  
0.000000e+000  0.000000e+000  0.000000e+000  0.000000e+000  0.000000e+000  0.000000e+000  0.000000e+000  0.000000e+000  0.000000e+000  0.000000e+000  0.000000e+000  0.000000e+000  0.000000e+000  0.000000e+000  
0.000000e+000  0.000000e+000  0.000000e+000  0.000000e+000  0.000000e+000  0.000000e+000  0.000000e+000  0.000000e+000  0.000000e+000  0.000000e+000  0.000000e+000  0.000000e+000  0.000000e+000  0.000000e+000  
0.000000e+000  0.000000e+000  0.000000e+000  0.000000e+000  0.000000e+000  0.000000e+000  0.000000e+000  0.000000e+000  0.000000e+000  0.000000e+000  0.000000e+000  0.000000e+000  0.000000e+000  0.000000e+000  
0.000000e+000  0.000000e+000  0.000000e+000  0.000000e+000  0.000000e+000  0.000000e+000  0.000000e+000  0.000000e+000  0.000000e+000  0.000000e+000  0.000000e+000  0.000000e+000  0.000000e+000  0.000000e+000  
0.000000e+000  0.000000e+000  0.000000e+000  0.000000e+000  0.000000e+000  0.000000e+000  0.000000e+000  0.000000e+000  0.000000e+000  0.000000e+000  0.000000e+000  0.000000e+000  0.000000e+000  0.000000e+000  
0.000000e+000  0.000000e+000  0.000000e+000  0.000000e+000  0.000000e+000  0.000000e+000  0.000000e+000  0.000000e+000  0.000000e+000  0.000000e+000  0.000000e+000  0.000000e+000  0.000000e+000  0.000000e+000  
0.000000e+000  0.000000e+000  0.000000e+000  0.000000e+000  0.000000e+000  0.000000e+000  0.000000e+000  0.000000e+000  0.000000e+000  0.000000e+000  0.000000e+000  0.000000e+000  0.000000e+000  0.000000e+000  
0.000000e+000  0.000000e+000  0.000000e+000  0.000000e+000  0.000000e+000  0.000000e+000  0.000000e+000  0.000000e+000  0.000000e+000  0.000000e+000  0.000000e+000  0.000000e+000  0.000000e+000  0.000000e+000  
0.000000e+000  0.000000e+000  0.000000e+000  0.000000e+000  0.000000e+000  0.000000e+000  0.000000e+000  0.000000e+000  0.000000e+000  0.000000e+000  0.000000e+000  0.000000e+000  0.000000e+000  0.000000e+000  
0.000000e+000  0.000000e+000  0.000000e+000  0.000000e+000  0.000000e+000  0.000000e+000  0.000000e+000  0.000000e+000  0.000000e+000  0.000000e+000  0.000000e+000  0.000000e+000  0.000000e+000  0.000000e+000  
0.000000e+000  0.000000e+000  0.000000e+000  0.000000e+000  0.000000e+000  0.000000e+000  0.000000e+000  0.000000e+000  0.000000e+000  0.000000e+000  0.000000e+000  0.000000e+000  0.000000e+000  0.000000e+000  
0.000000e+000  0.000000e+000  0.000000e+000  0.000000e+000  0.000000e+000  0.000000e+000  0.000000e+000  0.000000e+000  0.000000e+000  0.000000e+000  0.000000e+000  0.000000e+000  0.000000e+000  0.000000e+000  
0.000000e+000  0.000000e+000  0.000000e+000  0.000000e+000  0.000000e+000  0.000000e+000  0.000000e+000  0.000000e+000  0.000000e+000  0.000000e+000  0.000000e+000  0.000000e+000  0.000000e+000  0.000000e+000  
0.000000e+000  0.000000e+000  0.000000e+000  0.000000e+000  0.000000e+000  0.000000e+000  0.000000e+000  0.000000e+000  0.000000e+000  0.000000e+000  0.000000e+000  0.000000e+000  0.000000e+000  0.000000e+000  
0.000000e+000  0.000000e+000  0.000000e+000  0.000000e+000  0.000000e+000  0.000000e+000  0.000000e+000  0.000000e+000  0.000000e+000  0.000000e+000  0.000000e+000  0.000000e+000  0.000000e+000  0.000000e+000  
0.000000e+000  0.000000e+000  0.000000e+000  0.000000e+000  0.000000e+000  0.000000e+000  0.000000e+000  0.000000e+000  0.000000e+000  0.000000e+000  0.000000e+000  0.000000e+000  0.000000e+000  0.000000e+000  
0.000000e+000  0.000000e+000  0.000000e+000  0.000000e+000  0.000000e+000  0.000000e+000  0.000000e+000  0.000000e+000  0.000000e+000  0.000000e+000  0.000000e+000  0.000000e+000  0.000000e+000  0.000000e+000  
0.000000e+000  0.000000e+000  0.000000e+000  0.000000e+000  0.000000e+000  0.000000e+000  0.000000e+000  0.000000e+000  0.000000e+000  0.000000e+000  0.000000e+000  0.000000e+000  0.000000e+000  0.000000e+000  
0.000000e+000  0.000000e+000  0.000000e+000  0.000000e+000  0.000000e+000  0.000000e+000  0.000000e+000  0.000000e+000  0.000000e+000  0.000000e+000  0.000000e+000  0.000000e+000  0.000000e+000  0.000000e+000  
0.000000e+000  0.000000e+000  0.000000e+000  0.000000e+000  0.000000e+000  0.000000e+000  0.000000e+000  0.000000e+000  0.000000e+000  0.000000e+000  0.000000e+000  0.000000e+000  0.000000e+000  0.000000e+000  
0.000000e+000  0.000000e+000  0.000000e+000  0.000000e+000  0.000000e+000  0.000000e+000  0.000000e+000  0.000000e+000  0.000000e+000  0.000000e+000  0.000000e+000  0.000000e+000  0.000000e+000  0.000000e+000  
0.000000e+000  0.000000e+000  0.000000e+000  0.000000e+000  0.000000e+000  0.000000e+000  0.000000e+000  0.000000e+000  0.000000e+000  0.000000e+000  0.000000e+000  0.000000e+000  0.000000e+000  0.000000e+000  
0.000000e+000  0.000000e+000  0.000000e+000  0.000000e+000  0.000000e+000  0.000000e+000  0.000000e+000  0.000000e+000  0.000000e+000  0.000000e+000  0.000000e+000  0.000000e+000  0.000000e+000  0.000000e+000  
0.000000e+000  0.000000e+000  0.000000e+000  0.000000e+000  0.000000e+000  0.000000e+000  0.000000e+000  0.000000e+000  0.000000e+000  0.000000e+000  0.000000e+000  0.000000e+000  0.000000e+000  0.000000e+000  
0.000000e+000  0.000000e+000  0.000000e+000  0.000000e+000  0.000000e+000  0.000000e+000  0.000000e+000  0.000000e+000  0.000000e+000  0.000000e+000  0.000000e+000  0.000000e+000  0.000000e+000  0.000000e+000  
0.000000e+000  0.000000e+000  0.000000e+000  0.000000e+000  0.000000e+000  0.000000e+000  0.000000e+000  0.000000e+000  0.000000e+000  0.000000e+000  0.000000e+000  0.000000e+000  0.000000e+000  0.000000e+000  
0.000000e+000  0.000000e+000  0.000000e+000  0.000000e+000  0.000000e+000  0.000000e+000  0.000000e+000  0.000000e+000  0.000000e+000  0.000000e+000  0.000000e+000  0.000000e+000  0.000000e+000  0.000000e+000  
0.000000e+000  0.000000e+000  0.000000e+000  0.000000e+000  0.000000e+000  0.000000e+000  0.000000e+000  0.000000e+000  0.000000e+000  0.000000e+000  0.000000e+000  0.000000e+000  0.000000e+000  0.000000e+000  
0.000000e+000  0.000000e+000  0.000000e+000  0.000000e+000  0.000000e+000  0.000000e+000  0.000000e+000  0.000000e+000  0.000000e+000  0.000000e+000  0.000000e+000  0.000000e+000  0.000000e+000  0.000000e+000  
0.000000e+000  0.000000e+000  0.000000e+000  0.000000e+000  0.000000e+000  0.000000e+000  0.000000e+000  0.000000e+000  0.000000e+000  0.000000e+000  0.000000e+000  0.000000e+000  0.000000e+000  0.000000e+000  
0.000000e+000  0.000000e+000  0.000000e+000  0.000000e+000  0.000000e+000  0.000000e+000  0.000000e+000  0.000000e+000  0.000000e+000  0.000000e+000  0.000000e+000  0.000000e+000  0.000000e+000  0.000000e+000  
0.000000e+000  0.000000e+000  0.000000e+000  0.000000e+000  0.000000e+000  0.000000e+000  0.000000e+000  0.000000e+000  0.000000e+000  0.000000e+000  0.000000e+000  0.000000e+000  0.000000e+000  0.000000e+000  
0.000000e+000  0.000000e+000  0.000000e+000  0.000000e+000  0.000000e+000  0.000000e+000  0.000000e+000  0.000000e+000  0.000000e+000  0.000000e+000  0.000000e+000  0.000000e+000  0.000000e+000  0.000000e+000  
0.000000e+000  0.000000e+000  0.000000e+000  0.000000e+000  0.000000e+000  0.000000e+000  0.000000e+000  0.000000e+000  0.000000e+000  0.000000e+000  0.000000e+000  0.000000e+000  0.000000e+000  0.000000e+000  
0.000000e+000  0.000000e+000  0.000000e+000  0.000000e+000  0.000000e+000  0.000000e+000  0.000000e+000  0.000000e+000  0.000000e+000  0.000000e+000  0.000000e+000  0.000000e+000  0.000000e+000  0.000000e+000  
0.000000e+000  0.000000e+000  0.000000e+000  0.000000e+000  0.000000e+000  0.000000e+000  0.000000e+000  0.000000e+000  0.000000e+000  0.000000e+000  0.000000e+000  0.000000e+000  0.000000e+000  0.000000e+000  
0.000000e+000  0.000000e+000  0.000000e+000  0.000000e+000  0.000000e+000  0.000000e+000  0.000000e+000  0.000000e+000  0.000000e+000  0.000000e+000  0.000000e+000  0.000000e+000  0.000000e+000  0.000000e+000  
0.000000e+000  0.000000e+000  0.000000e+000  0.000000e+000  0.000000e+000  0.000000e+000  0.000000e+000  0.000000e+000  0.000000e+000  0.000000e+000  0.000000e+000  0.000000e+000  0.000000e+000  0.000000e+000  
0.000000e+000  0.000000e+000  0.000000e+000  0.000000e+000  0.000000e+000  0.000000e+000  0.000000e+000  0.000000e+000  0.000000e+000  0.000000e+000  0.000000e+000  0.000000e+000  0.000000e+000  0.000000e+000  
0.000000e+000  0.000000e+000  0.000000e+000  0.000000e+000  0.000000e+000  0.000000e+000  0.000000e+000  0.000000e+000  0.000000e+000  0.000000e+000  0.000000e+000  0.000000e+000  0.000000e+000  0.000000e+000  
0.000000e+000  0.000000e+000  0.000000e+000  0.000000e+000  0.000000e+000  0.000000e+000  0.000000e+000  0.000000e+000  0.000000e+000  0.000000e+000  0.000000e+000  0.000000e+000  0.000000e+000  0.000000e+000  
0.000000e+000  0.000000e+000  0.000000e+000  0.000000e+000  0.000000e+000  0.000000e+000  0.000000e+000  0.000000e+000  0.000000e+000  0.000000e+000  0.000000e+000  0.000000e+000  0.000000e+000  0.000000e+000  
0.000000e+000  0.000000e+000  0.000000e+000  0.000000e+000  0.000000e+000  0.000000e+000  0.000000e+000  0.000000e+000  0.000000e+000  0.000000e+000  0.000000e+000  0.000000e+000  0.000000e+000  0.000000e+000  
0.000000e+000  0.000000e+000  0.000000e+000  0.000000e+000  0.000000e+000  0.000000e+000  0.000000e+000  0.000000e+000  0.000000e+000  0.000000e+000  0.000000e+000  0.000000e+000  0.000000e+000  0.000000e+000  
0.000000e+000  0.000000e+000  0.000000e+000  0.000000e+000  0.000000e+000  0.000000e+000  0.000000e+000  0.000000e+000  0.000000e+000  0.000000e+000  0.000000e+000  0.000000e+000  0.000000e+000  0.000000e+000  
0.000000e+000  0.000000e+000  0.000000e+000  0.000000e+000  0.000000e+000  0.000000e+000  0.000000e+000  0.000000e+000  0.000000e+000  0.000000e+000  0.000000e+000  0.000000e+000  0.000000e+000  0.000000e+000  
0.000000e+000  0.000000e+000  0.000000e+000  0.000000e+000  0.000000e+000  0.000000e+000  0.000000e+000  0.000000e+000  0.000000e+000  0.000000e+000  0.000000e+000  0.000000e+000  0.000000e+000  0.000000e+000  
0.000000e+000  0.000000e+000  0.000000e+000  0.000000e+000  0.000000e+000  0.000000e+000  0.000000e+000  0.000000e+000  0.000000e+000  0.000000e+000  0.000000e+000  0.000000e+000  0.000000e+000  0.000000e+000  
0.000000e+000  0.000000e+000  0.000000e+000  0.000000e+000  0.000000e+000  0.000000e+000  0.000000e+000  0.000000e+000  0.000000e+000  0.000000e+000  0.000000e+000  0.000000e+000  0.000000e+000  0.000000e+000  
0.000000e+000  0.000000e+000  0.000000e+000  0.000000e+000  0.000000e+000  0.000000e+000  0.000000e+000  0.000000e+000  0.000000e+000  0.000000e+000  0.000000e+000  0.000000e+000  0.000000e+000  0.000000e+000  
0.000000e+000  0.000000e+000  0.000000e+000  0.000000e+000  0.000000e+000  0.000000e+000  0.000000e+000  0.000000e+000  0.000000e+000  0.000000e+000  0.000000e+000  0.000000e+000  0.000000e+000  0.000000e+000  

0.000000e+000  0.000000e+000  0.000000e+000  0.000000e+000  0.000000e+000  0.000000e+000  0.000000e+000  0.000000e+000  0.000000e+000  0.000000e+000  0.000000e+000  0.000000e+000  0.000000e+000  0.000000e+000  
0.000000e+000  0.000000e+000  0.000000e+000  0.000000e+000  0.000000e+000  0.000000e+000  0.000000e+000  0.000000e+000  0.000000e+000  0.000000e+000  0.000000e+000  0.000000e+000  0.000000e+000  0.000000e+000  
0.000000e+000  0.000000e+000  0.000000e+000  0.000000e+000  0.000000e+000  0.000000e+000  0.000000e+000  0.000000e+000  0.000000e+000  0.000000e+000  0.000000e+000  0.000000e+000  0.000000e+000  0.000000e+000  
0.000000e+000  0.000000e+000  0.000000e+000  0.000000e+000  0.000000e+000  0.000000e+000  0.000000e+000  0.000000e+000  0.000000e+000  0.000000e+000  0.000000e+000  0.000000e+000  0.000000e+000  0.000000e+000  
0.000000e+000  0.000000e+000  0.000000e+000  0.000000e+000  0.000000e+000  0.000000e+000  0.000000e+000  0.000000e+000  0.000000e+000  0.000000e+000  0.000000e+000  0.000000e+000  0.000000e+000  0.000000e+000  
0.000000e+000  0.000000e+000  0.000000e+000  0.000000e+000  0.000000e+000  0.000000e+000  0.000000e+000  0.000000e+000  0.000000e+000  0.000000e+000  0.000000e+000  0.000000e+000  0.000000e+000  0.000000e+000  
0.000000e+000  0.000000e+000  0.000000e+000  0.000000e+000  0.000000e+000  0.000000e+000  0.000000e+000  0.000000e+000  0.000000e+000  0.000000e+000  0.000000e+000  0.000000e+000  0.000000e+000  0.000000e+000  
0.000000e+000  0.000000e+000  0.000000e+000  0.000000e+000  0.000000e+000  0.000000e+000  0.000000e+000  0.000000e+000  0.000000e+000  0.000000e+000  0.000000e+000  0.000000e+000  0.000000e+000  0.000000e+000  
0.000000e+000  0.000000e+000  0.000000e+000  0.000000e+000  0.000000e+000  0.000000e+000  0.000000e+000  0.000000e+000  0.000000e+000  0.000000e+000  0.000000e+000  0.000000e+000  0.000000e+000  0.000000e+000  
0.000000e+000  0.000000e+000  0.000000e+000  0.000000e+000  0.000000e+000  0.000000e+000  0.000000e+000  0.000000e+000  0.000000e+000  0.000000e+000  0.000000e+000  0.000000e+000  0.000000e+000  0.000000e+000  
0.000000e+000  0.000000e+000  0.000000e+000  0.000000e+000  0.000000e+000  0.000000e+000  0.000000e+000  0.000000e+000  0.000000e+000  0.000000e+000  0.000000e+000  0.000000e+000  0.000000e+000  0.000000e+000  
0.000000e+000  0.000000e+000  0.000000e+000  0.000000e+000  0.000000e+000  0.000000e+000  0.000000e+000  0.000000e+000  0.000000e+000  0.000000e+000  0.000000e+000  0.000000e+000  0.000000e+000  0.000000e+000  
0.000000e+000  0.000000e+000  0.000000e+000  0.000000e+000  0.000000e+000  0.000000e+000  0.000000e+000  0.000000e+000  0.000000e+000  0.000000e+000  0.000000e+000  0.000000e+000  0.000000e+000  0.000000e+000  
0.000000e+000  0.000000e+000  0.000000e+000  0.000000e+000  0.000000e+000  0.000000e+000  0.000000e+000  0.000000e+000  0.000000e+000  0.000000e+000  0.000000e+000  0.000000e+000  0.000000e+000  0.000000e+000  
0.000000e+000  0.000000e+000  0.000000e+000  0.000000e+000  0.000000e+000  0.000000e+000  0.000000e+000  0.000000e+000  0.000000e+000  0.000000e+000  0.000000e+000  0.000000e+000  0.000000e+000  0.000000e+000  
0.000000e+000  0.000000e+000  0.000000e+000  0.000000e+000  0.000000e+000  0.000000e+000  0.000000e+000  0.000000e+000  0.000000e+000  0.000000e+000  0.000000e+000  0.000000e+000  0.000000e+000  0.000000e+000  
0.000000e+000  0.000000e+000  0.000000e+000  0.000000e+000  0.000000e+000  0.000000e+000  0.000000e+000  0.000000e+000  0.000000e+000  0.000000e+000  0.000000e+000  0.000000e+000  0.000000e+000  0.000000e+000  
0.000000e+000  0.000000e+000  0.000000e+000  0.000000e+000  0.000000e+000  0.000000e+000  0.000000e+000  0.000000e+000  0.000000e+000  0.000000e+000  0.000000e+000  0.000000e+000  0.000000e+000  0.000000e+000  
0.000000e+000  0.000000e+000  0.000000e+000  0.000000e+000  0.000000e+000  0.000000e+000  0.000000e+000  0.000000e+000  0.000000e+000  0.000000e+000  0.000000e+000  0.000000e+000  0.000000e+000  0.000000e+000  
0.000000e+000  0.000000e+000  0.000000e+000  0.000000e+000  0.000000e+000  0.000000e+000  0.000000e+000  0.000000e+000  0.000000e+000  0.000000e+000  0.000000e+000  0.000000e+000  0.000000e+000  0.000000e+000  
0.000000e+000  0.000000e+000  0.000000e+000  0.000000e+000  0.000000e+000  0.000000e+000  0.000000e+000  0.000000e+000  0.000000e+000  0.000000e+000  0.000000e+000  0.000000e+000  0.000000e+000  0.000000e+000  
0.000000e+000  0.000000e+000  0.000000e+000  0.000000e+000  0.000000e+000  0.000000e+000  0.000000e+000  0.000000e+000  0.000000e+000  0.000000e+000  0.000000e+000  0.000000e+000  0.000000e+000  0.000000e+000  
0.000000e+000  0.000000e+000  0.000000e+000  0.000000e+000  0.000000e+000  0.000000e+000  0.000000e+000  0.000000e+000  0.000000e+000  0.000000e+000  0.000000e+000  0.000000e+000  0.000000e+000  0.000000e+000  
0.000000e+000  0.000000e+000  0.000000e+000  0.000000e+000  0.000000e+000  0.000000e+000  0.000000e+000  0.000000e+000  0.000000e+000  0.000000e+000  0.000000e+000  0.000000e+000  0.000000e+000  0.000000e+000  
0.000000e+000  0.000000e+000  0.000000e+000  0.000000e+000  0.000000e+000  0.000000e+000  0.000000e+000  0.000000e+000  0.000000e+000  0.000000e+000  0.000000e+000  0.000000e+000  0.000000e+000  0.000000e+000  
0.000000e+000  0.000000e+000  0.000000e+000  0.000000e+000  0.000000e+000  0.000000e+000  0.000000e+000  0.000000e+000  0.000000e+000  0.000000e+000  0.000000e+000  0.000000e+000  0.000000e+000  0.000000e+000  
0.000000e+000  0.000000e+000  0.000000e+000  0.000000e+000  0.000000e+000  0.000000e+000  0.000000e+000  0.000000e+000  0.000000e+000  0.000000e+000  0.000000e+000  0.000000e+000  0.000000e+000  0.000000e+000  
0.000000e+000  0.000000e+000  0.000000e+000  0.000000e+000  0.000000e+000  0.000000e+000  0.000000e+000  0.000000e+000  0.000000e+000  0.000000e+000  0.000000e+000  0.000000e+000  0.000000e+000  0.000000e+000  
0.000000e+000  0.000000e+000  0.000000e+000  0.000000e+000  0.000000e+000  0.000000e+000  0.000000e+000  0.000000e+000  0.000000e+000  0.000000e+000  0.000000e+000  0.000000e+000  0.000000e+000  0.000000e+000  
0.000000e+000  0.000000e+000  0.000000e+000  0.000000e+000  0.000000e+000  0.000000e+000  0.000000e+000  0.000000e+000  0.000000e+000  0.000000e+000  0.000000e+000  0.000000e+000  0.000000e+000  0.000000e+000  
0.000000e+000  0.000000e+000  0.000000e+000  0.000000e+000  0.000000e+000  0.000000e+000  0.000000e+000  0.000000e+000  0.000000e+000  0.000000e+000  0.000000e+000  0.000000e+000  0.000000e+000  0.000000e+000  
0.000000e+000  0.000000e+000  0.000000e+000  0.000000e+000  0.000000e+000  0.000000e+000  0.000000e+000  0.000000e+000  0.000000e+000  0.000000e+000  0.000000e+000  0.000000e+000  0.000000e+000  0.000000e+000  
0.000000e+000  0.000000e+000  0.000000e+000  0.000000e+000  0.000000e+000  0.000000e+000  0.000000e+000  0.000000e+000  0.000000e+000  0.000000e+000  0.000000e+000  0.000000e+000  0.000000e+000  0.000000e+000  
0.000000e+000  0.000000e+000  0.000000e+000  0.000000e+000  0.000000e+000  0.000000e+000  0.000000e+000  0.000000e+000  0.000000e+000  0.000000e+000  0.000000e+000  0.000000e+000  0.000000e+000  0.000000e+000  
0.000000e+000  0.000000e+000  0.000000e+000  0.000000e+000  0.000000e+000  0.000000e+000  0.000000e+000  0.000000e+000  0.000000e+000  0.000000e+000  0.000000e+000  0.000000e+000  0.000000e+000  0.000000e+000  
0.000000e+000  0.000000e+000  0.000000e+000  0.000000e+000  0.000000e+000  0.000000e+000  0.000000e+000  0.000000e+000  0.000000e+000  0.000000e+000  0.000000e+000  0.000000e+000  0.000000e+000  0.000000e+000  
0.000000e+000  0.000000e+000  0.000000e+000  0.000000e+000  0.000000e+000  0.000000e+000  0.000000e+000  0.000000e+000  0.000000e+000  0.000000e+000  0.000000e+000  0.000000e+000  0.000000e+000  0.000000e+000  
0.000000e+000  0.000000e+000  0.000000e+000  0.000000e+000  0.000000e+000  0.000000e+000  0.000000e+000  0.000000e+000  0.000000e+000  0.000000e+000  0.000000e+000  0.000000e+000  0.000000e+000  0.000000e+000  
0.000000e+000  0.000000e+000  0.000000e+000  0.000000e+000  0.000000e+000  0.000000e+000  0.000000e+000  0.000000e+000  0.000000e+000  0.000000e+000  0.000000e+000  0.000000e+000  0.000000e+000  0.000000e+000  
0.000000e+000  0.000000e+000  0.000000e+000  0.000000e+000  0.000000e+000  0.000000e+000  0.000000e+000  0.000000e+000  0.000000e+000  0.000000e+000  0.000000e+000  0.000000e+000  0.000000e+000  0.000000e+000  
0.000000e+000  0.000000e+000  0.000000e+000  0.000000e+000  0.000000e+000  0.000000e+000  0.000000e+000  0.000000e+000  0.000000e+000  0.000000e+000  0.000000e+000  0.000000e+000  0.000000e+000  0.000000e+000  
0.000000e+000  0.000000e+000  0.000000e+000  0.000000e+000  0.000000e+000  0.000000e+000  0.000000e+000  0.000000e+000  0.000000e+000  0.000000e+000  0.000000e+000  0.000000e+000  0.000000e+000  0.000000e+000  
0.000000e+000  0.000000e+000  0.000000e+000  0.000000e+000  0.000000e+000  0.000000e+000  0.000000e+000  0.000000e+000  0.000000e+000  0.000000e+000  0.000000e+000  0.000000e+000  0.000000e+000  0.000000e+000  
0.000000e+000  0.000000e+000  0.000000e+000  0.000000e+000  0.000000e+000  0.000000e+000  0.000000e+000  0.000000e+000  0.000000e+000  0.000000e+000  0.000000e+000  0.000000e+000  0.000000e+000  0.000000e+000  
0.000000e+000  0.000000e+000  0.000000e+000  0.000000e+000  0.000000e+000  0.000000e+000  0.000000e+000  0.000000e+000  0.000000e+000  0.000000e+000  0.000000e+000  0.000000e+000  0.000000e+000  0.000000e+000  
0.000000e+000  0.000000e+000  0.000000e+000  0.000000e+000  0.000000e+000  0.000000e+000  0.000000e+000  0.000000e+000  0.000000e+000  0.000000e+000  0.000000e+000  0.000000e+000  0.000000e+000  0.000000e+000  
0.000000e+000  0.000000e+000  0.000000e+000  0.000000e+000  0.000000e+000  0.000000e+000  0.000000e+000  0.000000e+000  0.000000e+000  0.000000e+000  0.000000e+000  0.000000e+000  0.000000e+000  0.000000e+000  
0.000000e+000  0.000000e+000  0.000000e+000  0.000000e+000  0.000000e+000  0.000000e+000  0.000000e+000  0.000000e+000  0.000000e+000  0.000000e+000  0.000000e+000  0.000000e+000  0.000000e+000  0.000000e+000  
0.000000e+000  0.000000e+000  0.000000e+000  0.000000e+000  0.000000e+000  0.000000e+000  0.000000e+000  0.000000e+000  0.000000e+000  0.000000e+000  0.000000e+000  0.000000e+000  0.000000e+000  0.000000e+000  
0.000000e+000  0.000000e+000  0.000000e+000  0.000000e+000  0.000000e+000  0.000000e+000  0.000000e+000  0.000000e+000  0.000000e+000  0.000000e+000  0.000000e+000  0.000000e+000  0.000000e+000  0.000000e+000  
0.000000e+000  0.000000e+000  0.000000e+000  0.000000e+000  0.000000e+000  0.000000e+000  0.000000e+000  0.000000e+000  0.000000e+000  0.000000e+000  0.000000e+000  0.000000e+000  0.000000e+000  0.000000e+000  
0.000000e+000  0.000000e+000  0.000000e+000  0.000000e+000  0.000000e+000  0.000000e+000  0.000000e+000  0.000000e+000  0.000000e+000  0.000000e+000  0.000000e+000  0.000000e+000  0.000000e+000  0.000000e+000  
0.000000e+000  0.000000e+000  0.000000e+000  0.000000e+000  0.000000e+000  0.000000e+000  0.000000e+000  0.000000e+000  0.000000e+000  0.000000e+000  0.000000e+000  0.000000e+000  0.000000e+000  0.000000e+000  
0.000000e+000  0.000000e+000  0.000000e+000  0.000000e+000  0.000000e+000  0.000000e+000  0.000000e+000  0.000000e+000  0.000000e+000  0.000000e+000  0.000000e+000  0.000000e+000  0.000000e+000  0.000000e+000  
0.000000e+000  0.000000e+000  0.000000e+000  0.000000e+000  0.000000e+000  0.000000e+000  0.000000e+000  0.000000e+000  0.000000e+000  0.000000e+000  0.000000e+000  0.000000e+000  0.000000e+000  0.000000e+000  
0.000000e+000  0.000000e+000  0.000000e+000  0.000000e+000  0.000000e+000  0.000000e+000  0.000000e+000  0.000000e+000  0.000000e+000  0.000000e+000  0.000000e+000  0.000000e+000  0.000000e+000  0.000000e+000  
0.000000e+000  0.000000e+000  0.000000e+000  0.000000e+000  0.000000e+000  0.000000e+000  0.000000e+000  0.000000e+000  0.000000e+000  0.000000e+000  0.000000e+000  0.000000e+000  0.000000e+000  0.000000e+000  
0.000000e+000  0.000000e+000  0.000000e+000  0.000000e+000  0.000000e+000  0.000000e+000  0.000000e+000  0.000000e+000  0.000000e+000  0.000000e+000  0.000000e+000  0.000000e+000  0.000000e+000  0.000000e+000  
0.000000e+000  0.000000e+000  0.000000e+000  0.000000e+000  0.000000e+000  0.000000e+000  0.000000e+000  0.000000e+000  0.000000e+000  0.000000e+000  0.000000e+000  0.000000e+000  0.000000e+000  0.000000e+000  
0.000000e+000  0.000000e+000  0.000000e+000  0.000000e+000  0.000000e+000  0.000000e+000  0.000000e+000  0.000000e+000  0.000000e+000  0.000000e+000  0.000000e+000  0.000000e+000  0.000000e+000  0.000000e+000  
0.000000e+000  0.000000e+000  0.000000e+000  0.000000e+000  0.000000e+000  0.000000e+000  0.000000e+000  0.000000e+000  0.000000e+000  0.000000e+000  0.000000e+000  0.000000e+000  0.000000e+000  0.000000e+000  
0.000000e+000  0.000000e+000  0.000000e+000  0.000000e+000  0.000000e+000  0.000000e+000  0.000000e+000  0.000000e+000  0.000000e+000  0.000000e+000  0.000000e+000  0.000000e+000  0.000000e+000  0.000000e+000  
0.000000e+000  0.000000e+000  0.000000e+000  0.000000e+000  0.000000e+000  0.000000e+000  0.000000e+000  0.000000e+000  0.000000e+000  0.000000e+000  0.000000e+000  0.000000e+000  0.000000e+000  0.000000e+000  
0.000000e+000  0.000000e+000  0.000000e+000  0.000000e+000  0.000000e+000  0.000000e+000  0.000000e+000  0.000000e+000  0.000000e+000  0.000000e+000  0.000000e+000  0.000000e+000  0.000000e+000  0.000000e+000  
0.000000e+000  0.000000e+000  0.000000e+000  0.000000e+000  0.000000e+000  0.000000e+000  0.000000e+000  0.000000e+000  0.000000e+000  0.000000e+000  0.000000e+000  0.000000e+000  0.000000e+000  0.000000e+000  
0.000000e+000  0.000000e+000  0.000000e+000  0.000000e+000  0.000000e+000  0.000000e+000  0.000000e+000  0.000000e+000  0.000000e+000  0.000000e+000  0.000000e+000  0.000000e+000  0.000000e+000  0.000000e+000  
0.000000e+000  0.000000e+000  0.000000e+000  0.000000e+000  0.000000e+000  0.000000e+000  0.000000e+000  0.000000e+000  0.000000e+000  0.000000e+000  0.000000e+000  0.000000e+000  0.000000e+000  0.000000e+000  
0.000000e+000  0.000000e+000  0.000000e+000  0.000000e+000  0.000000e+000  0.000000e+000  0.000000e+000  0.000000e+000  0.000000e+000  0.000000e+000  0.000000e+000  0.000000e+000  0.000000e+000  0.000000e+000  
0.000000e+000  0.000000e+000  0.000000e+000  0.000000e+000  0.000000e+000  0.000000e+000  0.000000e+000  0.000000e+000  0.000000e+000  0.000000e+000  0.000000e+000  0.000000e+000  0.000000e+000  0.000000e+000  
0.000000e+000  0.000000e+000  0.000000e+000  0.000000e+000  0.000000e+000  0.000000e+000  0.000000e+000  0.000000e+000  0.000000e+000  0.000000e+000  0.000000e+000  0.000000e+000  0.000000e+000  0.000000e+000  

0.000000e+000  0.000000e+000  0.000000e+000  0.000000e+000  0.000000e+000  0.000000e+000  0.000000e+000  0.000000e+000  0.000000e+000  0.000000e+000  0.000000e+000  0.000000e+000  0.000000e+000  0.000000e+000  
0.000000e+000  0.000000e+000  0.000000e+000  0.000000e+000  0.000000e+000  0.000000e+000  0.000000e+000  0.000000e+000  0.000000e+000  0.000000e+000  0.000000e+000  0.000000e+000  0.000000e+000  0.000000e+000  
0.000000e+000  0.000000e+000  0.000000e+000  0.000000e+000  0.000000e+000  0.000000e+000  0.000000e+000  0.000000e+000  0.000000e+000  0.000000e+000  0.000000e+000  0.000000e+000  0.000000e+000  0.000000e+000  
0.000000e+000  0.000000e+000  0.000000e+000  0.000000e+000  0.000000e+000  0.000000e+000  0.000000e+000  0.000000e+000  0.000000e+000  0.000000e+000  0.000000e+000  0.000000e+000  0.000000e+000  0.000000e+000  
0.000000e+000  0.000000e+000  0.000000e+000  0.000000e+000  0.000000e+000  0.000000e+000  0.000000e+000  0.000000e+000  0.000000e+000  0.000000e+000  0.000000e+000  0.000000e+000  0.000000e+000  0.000000e+000  
0.000000e+000  0.000000e+000  0.000000e+000  0.000000e+000  0.000000e+000  0.000000e+000  0.000000e+000  0.000000e+000  0.000000e+000  0.000000e+000  0.000000e+000  0.000000e+000  0.000000e+000  0.000000e+000  
0.000000e+000  0.000000e+000  0.000000e+000  0.000000e+000  0.000000e+000  0.000000e+000  0.000000e+000  0.000000e+000  0.000000e+000  0.000000e+000  0.000000e+000  0.000000e+000  0.000000e+000  0.000000e+000  
0.000000e+000  0.000000e+000  0.000000e+000  0.000000e+000  0.000000e+000  0.000000e+000  0.000000e+000  0.000000e+000  0.000000e+000  0.000000e+000  0.000000e+000  0.000000e+000  0.000000e+000  0.000000e+000  
0.000000e+000  0.000000e+000  0.000000e+000  0.000000e+000  0.000000e+000  0.000000e+000  0.000000e+000  0.000000e+000  0.000000e+000  0.000000e+000  0.000000e+000  0.000000e+000  0.000000e+000  0.000000e+000  
0.000000e+000  0.000000e+000  0.000000e+000  0.000000e+000  0.000000e+000  0.000000e+000  0.000000e+000  0.000000e+000  0.000000e+000  0.000000e+000  0.000000e+000  0.000000e+000  0.000000e+000  0.000000e+000  
0.000000e+000  0.000000e+000  0.000000e+000  0.000000e+000  0.000000e+000  0.000000e+000  0.000000e+000  0.000000e+000  0.000000e+000  0.000000e+000  0.000000e+000  0.000000e+000  0.000000e+000  0.000000e+000  
0.000000e+000  0.000000e+000  0.000000e+000  0.000000e+000  0.000000e+000  0.000000e+000  0.000000e+000  0.000000e+000  0.000000e+000  0.000000e+000  0.000000e+000  0.000000e+000  0.000000e+000  0.000000e+000  
0.000000e+000  0.000000e+000  0.000000e+000  0.000000e+000  0.000000e+000  0.000000e+000  0.000000e+000  0.000000e+000  0.000000e+000  0.000000e+000  0.000000e+000  0.000000e+000  0.000000e+000  0.000000e+000  
0.000000e+000  0.000000e+000  0.000000e+000  0.000000e+000  0.000000e+000  0.000000e+000  0.000000e+000  0.000000e+000  0.000000e+000  0.000000e+000  0.000000e+000  0.000000e+000  0.000000e+000  0.000000e+000  
0.000000e+000  0.000000e+000  0.000000e+000  0.000000e+000  0.000000e+000  0.000000e+000  0.000000e+000  0.000000e+000  0.000000e+000  0.000000e+000  0.000000e+000  0.000000e+000  0.000000e+000  0.000000e+000  
0.000000e+000  0.000000e+000  0.000000e+000  0.000000e+000  0.000000e+000  0.000000e+000  0.000000e+000  0.000000e+000  0.000000e+000  0.000000e+000  0.000000e+000  0.000000e+000  0.000000e+000  0.000000e+000  
0.000000e+000  0.000000e+000  0.000000e+000  0.000000e+000  0.000000e+000  0.000000e+000  0.000000e+000  0.000000e+000  0.000000e+000  0.000000e+000  0.000000e+000  0.000000e+000  0.000000e+000  0.000000e+000  
0.000000e+000  0.000000e+000  0.000000e+000  0.000000e+000  0.000000e+000  0.000000e+000  0.000000e+000  0.000000e+000  0.000000e+000  0.000000e+000  0.000000e+000  0.000000e+000  0.000000e+000  0.000000e+000  
0.000000e+000  0.000000e+000  0.000000e+000  0.000000e+000  0.000000e+000  0.000000e+000  0.000000e+000  0.000000e+000  0.000000e+000  0.000000e+000  0.000000e+000  0.000000e+000  0.000000e+000  0.000000e+000  
0.000000e+000  0.000000e+000  0.000000e+000  0.000000e+000  0.000000e+000  0.000000e+000  0.000000e+000  0.000000e+000  0.000000e+000  0.000000e+000  0.000000e+000  0.000000e+000  0.000000e+000  0.000000e+000  
0.000000e+000  0.000000e+000  0.000000e+000  0.000000e+000  0.000000e+000  0.000000e+000  0.000000e+000  0.000000e+000  0.000000e+000  0.000000e+000  0.000000e+000  0.000000e+000  0.000000e+000  0.000000e+000  
0.000000e+000  0.000000e+000  0.000000e+000  0.000000e+000  0.000000e+000  0.000000e+000  0.000000e+000  0.000000e+000  0.000000e+000  0.000000e+000  0.000000e+000  0.000000e+000  0.000000e+000  0.000000e+000  
0.000000e+000  0.000000e+000  0.000000e+000  0.000000e+000  0.000000e+000  0.000000e+000  0.000000e+000  0.000000e+000  0.000000e+000  0.000000e+000  0.000000e+000  0.000000e+000  0.000000e+000  0.000000e+000  
0.000000e+000  0.000000e+000  0.000000e+000  0.000000e+000  0.000000e+000  0.000000e+000  0.000000e+000  0.000000e+000  0.000000e+000  0.000000e+000  0.000000e+000  0.000000e+000  0.000000e+000  0.000000e+000  
0.000000e+000  0.000000e+000  0.000000e+000  0.000000e+000  0.000000e+000  0.000000e+000  0.000000e+000  0.000000e+000  0.000000e+000  0.000000e+000  0.000000e+000  0.000000e+000  0.000000e+000  0.000000e+000  
0.000000e+000  0.000000e+000  0.000000e+000  0.000000e+000  0.000000e+000  0.000000e+000  0.000000e+000  0.000000e+000  0.000000e+000  0.000000e+000  0.000000e+000  0.000000e+000  0.000000e+000  0.000000e+000  
0.000000e+000  0.000000e+000  0.000000e+000  0.000000e+000  0.000000e+000  0.000000e+000  0.000000e+000  0.000000e+000  0.000000e+000  0.000000e+000  0.000000e+000  0.000000e+000  0.000000e+000  0.000000e+000  
0.000000e+000  0.000000e+000  0.000000e+000  0.000000e+000  0.000000e+000  0.000000e+000  0.000000e+000  0.000000e+000  0.000000e+000  0.000000e+000  0.000000e+000  0.000000e+000  0.000000e+000  0.000000e+000  
0.000000e+000  0.000000e+000  0.000000e+000  0.000000e+000  0.000000e+000  0.000000e+000  0.000000e+000  0.000000e+000  0.000000e+000  0.000000e+000  0.000000e+000  0.000000e+000  0.000000e+000  0.000000e+000  
0.000000e+000  0.000000e+000  0.000000e+000  0.000000e+000  0.000000e+000  0.000000e+000  0.000000e+000  0.000000e+000  0.000000e+000  0.000000e+000  0.000000e+000  0.000000e+000  0.000000e+000  0.000000e+000  
0.000000e+000  0.000000e+000  0.000000e+000  0.000000e+000  0.000000e+000  0.000000e+000  0.000000e+000  0.000000e+000  0.000000e+000  0.000000e+000  0.000000e+000  0.000000e+000  0.000000e+000  0.000000e+000  
0.000000e+000  0.000000e+000  0.000000e+000  0.000000e+000  0.000000e+000  0.000000e+000  0.000000e+000  0.000000e+000  0.000000e+000  0.000000e+000  0.000000e+000  0.000000e+000  0.000000e+000  0.000000e+000  
0.000000e+000  0.000000e+000  0.000000e+000  0.000000e+000  0.000000e+000  0.000000e+000  0.000000e+000  0.000000e+000  0.000000e+000  0.000000e+000  0.000000e+000  0.000000e+000  0.000000e+000  0.000000e+000  
0.000000e+000  0.000000e+000  0.000000e+000  0.000000e+000  0.000000e+000  0.000000e+000  0.000000e+000  0.000000e+000  0.000000e+000  0.000000e+000  0.000000e+000  0.000000e+000  0.000000e+000  0.000000e+000  
0.000000e+000  0.000000e+000  0.000000e+000  0.000000e+000  0.000000e+000  0.000000e+000  0.000000e+000  0.000000e+000  0.000000e+000  0.000000e+000  0.000000e+000  0.000000e+000  0.000000e+000  0.000000e+000  
0.000000e+000  0.000000e+000  0.000000e+000  0.000000e+000  0.000000e+000  0.000000e+000  0.000000e+000  0.000000e+000  0.000000e+000  0.000000e+000  0.000000e+000  0.000000e+000  0.000000e+000  0.000000e+000  
0.000000e+000  0.000000e+000  0.000000e+000  0.000000e+000  0.000000e+000  0.000000e+000  0.000000e+000  0.000000e+000  0.000000e+000  0.000000e+000  0.000000e+000  0.000000e+000  0.000000e+000  0.000000e+000  
0.000000e+000  0.000000e+000  0.000000e+000  0.000000e+000  0.000000e+000  0.000000e+000  0.000000e+000  0.000000e+000  0.000000e+000  0.000000e+000  0.000000e+000  0.000000e+000  0.000000e+000  0.000000e+000  
0.000000e+000  0.000000e+000  0.000000e+000  0.000000e+000  0.000000e+000  0.000000e+000  0.000000e+000  0.000000e+000  0.000000e+000  0.000000e+000  0.000000e+000  0.000000e+000  0.000000e+000  0.000000e+000  
0.000000e+000  0.000000e+000  0.000000e+000  0.000000e+000  0.000000e+000  0.000000e+000  0.000000e+000  0.000000e+000  0.000000e+000  0.000000e+000  0.000000e+000  0.000000e+000  0.000000e+000  0.000000e+000  
0.000000e+000  0.000000e+000  0.000000e+000  0.000000e+000  0.000000e+000  0.000000e+000  0.000000e+000  0.000000e+000  0.000000e+000  0.000000e+000  0.000000e+000  0.000000e+000  0.000000e+000  0.000000e+000  
0.000000e+000  0.000000e+000  0.000000e+000  0.000000e+000  0.000000e+000  0.000000e+000  0.000000e+000  0.000000e+000  0.000000e+000  0.000000e+000  0.000000e+000  0.000000e+000  0.000000e+000  0.000000e+000  
0.000000e+000  0.000000e+000  0.000000e+000  0.000000e+000  0.000000e+000  0.000000e+000  0.000000e+000  0.000000e+000  0.000000e+000  0.000000e+000  0.000000e+000  0.000000e+000  0.000000e+000  0.000000e+000  
0.000000e+000  0.000000e+000  0.000000e+000  0.000000e+000  0.000000e+000  0.000000e+000  0.000000e+000  0.000000e+000  0.000000e+000  0.000000e+000  0.000000e+000  0.000000e+000  0.000000e+000  0.000000e+000  
0.000000e+000  0.000000e+000  0.000000e+000  0.000000e+000  0.000000e+000  0.000000e+000  0.000000e+000  0.000000e+000  0.000000e+000  0.000000e+000  0.000000e+000  0.000000e+000  0.000000e+000  0.000000e+000  
0.000000e+000  0.000000e+000  0.000000e+000  0.000000e+000  0.000000e+000  0.000000e+000  0.000000e+000  0.000000e+000  0.000000e+000  0.000000e+000  0.000000e+000  0.000000e+000  0.000000e+000  0.000000e+000  
0.000000e+000  0.000000e+000  0.000000e+000  0.000000e+000  0.000000e+000  0.000000e+000  0.000000e+000  0.000000e+000  0.000000e+000  0.000000e+000  0.000000e+000  0.000000e+000  0.000000e+000  0.000000e+000  
0.000000e+000  0.000000e+000  0.000000e+000  0.000000e+000  0.000000e+000  0.000000e+000  0.000000e+000  0.000000e+000  0.000000e+000  0.000000e+000  0.000000e+000  0.000000e+000  0.000000e+000  0.000000e+000  
0.000000e+000  0.000000e+000  0.000000e+000  0.000000e+000  0.000000e+000  0.000000e+000  0.000000e+000  0.000000e+000  0.000000e+000  0.000000e+000  0.000000e+000  0.000000e+000  0.000000e+000  0.000000e+000  
0.000000e+000  0.000000e+000  0.000000e+000  0.000000e+000  0.000000e+000  0.000000e+000  0.000000e+000  0.000000e+000  0.000000e+000  0.000000e+000  0.000000e+000  0.000000e+000  0.000000e+000  0.000000e+000  
0.000000e+000  0.000000e+000  0.000000e+000  0.000000e+000  0.000000e+000  0.000000e+000  0.000000e+000  0.000000e+000  0.000000e+000  0.000000e+000  0.000000e+000  0.000000e+000  0.000000e+000  0.000000e+000  
0.000000e+000  0.000000e+000  0.000000e+000  0.000000e+000  0.000000e+000  0.000000e+000  0.000000e+000  0.000000e+000  0.000000e+000  0.000000e+000  0.000000e+000  0.000000e+000  0.000000e+000  0.000000e+000  
0.000000e+000  0.000000e+000  0.000000e+000  0.000000e+000  0.000000e+000  0.000000e+000  0.000000e+000  0.000000e+000  0.000000e+000  0.000000e+000  0.000000e+000  0.000000e+000  0.000000e+000  0.000000e+000  
0.000000e+000  0.000000e+000  0.000000e+000  0.000000e+000  0.000000e+000  0.000000e+000  0.000000e+000  0.000000e+000  0.000000e+000  0.000000e+000  0.000000e+000  0.000000e+000  0.000000e+000  0.000000e+000  
0.000000e+000  0.000000e+000  0.000000e+000  0.000000e+000  0.000000e+000  0.000000e+000  0.000000e+000  0.000000e+000  0.000000e+000  0.000000e+000  0.000000e+000  0.000000e+000  0.000000e+000  0.000000e+000  
0.000000e+000  0.000000e+000  0.000000e+000  0.000000e+000  0.000000e+000  0.000000e+000  0.000000e+000  0.000000e+000  0.000000e+000  0.000000e+000  0.000000e+000  0.000000e+000  0.000000e+000  0.000000e+000  
0.000000e+000  0.000000e+000  0.000000e+000  0.000000e+000  0.000000e+000  0.000000e+000  0.000000e+000  0.000000e+000  0.000000e+000  0.000000e+000  0.000000e+000  0.000000e+000  0.000000e+000  0.000000e+000  
0.000000e+000  0.000000e+000  0.000000e+000  0.000000e+000  0.000000e+000  0.000000e+000  0.000000e+000  0.000000e+000  0.000000e+000  0.000000e+000  0.000000e+000  0.000000e+000  0.000000e+000  0.000000e+000  
0.000000e+000  0.000000e+000  0.000000e+000  0.000000e+000  0.000000e+000  0.000000e+000  0.000000e+000  0.000000e+000  0.000000e+000  0.000000e+000  0.000000e+000  0.000000e+000  0.000000e+000  0.000000e+000  
0.000000e+000  0.000000e+000  0.000000e+000  0.000000e+000  0.000000e+000  0.000000e+000  0.000000e+000  0.000000e+000  0.000000e+000  0.000000e+000  0.000000e+000  0.000000e+000  0.000000e+000  0.000000e+000  
0.000000e+000  0.000000e+000  0.000000e+000  0.000000e+000  0.000000e+000  0.000000e+000  0.000000e+000  0.000000e+000  0.000000e+000  0.000000e+000  0.000000e+000  0.000000e+000  0.000000e+000  0.000000e+000  
0.000000e+000  0.000000e+000  0.000000e+000  0.000000e+000  0.000000e+000  0.000000e+000  0.000000e+000  0.000000e+000  0.000000e+000  0.000000e+000  0.000000e+000  0.000000e+000  0.000000e+000  0.000000e+000  
0.000000e+000  0.000000e+000  0.000000e+000  0.000000e+000  0.000000e+000  0.000000e+000  0.000000e+000  0.000000e+000  0.000000e+000  0.000000e+000  0.000000e+000  0.000000e+000  0.000000e+000  0.000000e+000  
0.000000e+000  0.000000e+000  0.000000e+000  0.000000e+000  0.000000e+000  0.000000e+000  0.000000e+000  0.000000e+000  0.000000e+000  0.000000e+000  0.000000e+000  0.000000e+000  0.000000e+000  0.000000e+000  
0.000000e+000  0.000000e+000  0.000000e+000  0.000000e+000  0.000000e+000  0.000000e+000  0.000000e+000  0.000000e+000  0.000000e+000  0.000000e+000  0.000000e+000  0.000000e+000  0.000000e+000  0.000000e+000  
0.000000e+000  0.000000e+000  0.000000e+000  0.000000e+000  0.000000e+000  0.000000e+000  0.000000e+000  0.000000e+000  0.000000e+000  0.000000e+000  0.000000e+000  0.000000e+000  0.000000e+000  0.000000e+000  
0.000000e+000  0.000000e+000  0.000000e+000  0.000000e+000  0.000000e+000  0.000000e+000  0.000000e+000  0.000000e+000  0.000000e+000  0.000000e+000  0.000000e+000  0.000000e+000  0.000000e+000  0.000000e+000  
0.000000e+000  0.000000e+000  0.000000e+000  0.000000e+000  0.000000e+000  0.000000e+000  0.000000e+000  0.000000e+000  0.000000e+000  0.000000e+000  0.000000e+000  0.000000e+000  0.000000e+000  0.000000e+000  
0.000000e+000  0.000000e+000  0.000000e+000  0.000000e+000  0.000000e+000  0.000000e+000  0.000000e+000  0.000000e+000  0.000000e+000  0.000000e+000  0.000000e+000  0.000000e+000  0.000000e+000  0.000000e+000  
0.000000e+000  0.000000e+000  0.000000e+000  0.000000e+000  0.000000e+000  0.000000e+000  0.000000e+000  0.000000e+000  0.000000e+000  0.000000e+000  0.000000e+000  0.000000e+000  0.000000e+000  0.000000e+000  

-1.818458e-004  -2.743016e-004  -3.672259e-004  -4.582957e-004  -5.423908e-004  -6.149252e-004  -6.733388e-004  -7.160250e-004  -7.469448e-004  -7.570242e-004  -7.451355e-004  -6.659122e-004  -2.860286e-004  -0.000000e+000  
-3.494170e-004  -5.428508e-004  -7.602790e-004  -9.994733e-004  -1.236179e-003  -1.430331e-003  -1.569940e-003  -1.656260e-003  -1.703304e-003  -1.699305e-003  -1.651275e-003  -1.435918e-003  -6.074084e-004  -0.000000e+000  
-3.943358e-004  -6.219094e-004  -8.965690e-004  -1.233174e-003  -1.600403e-003  -1.870472e-003  -2.043127e-003  -2.135536e-003  -2.171020e-003  -2.148439e-003  -2.077302e-003  -1.790451e-003  -7.539111e-004  -0.000000e+000  
-3.952508e-004  -6.305383e-004  -9.404896e-004  -1.418166e-003  -2.121494e-003  -2.475389e-003  -2.653998e-003  -2.722644e-003  -2.707278e-003  -2.652507e-003  -2.550696e-003  -2.177678e-003  -9.124681e-004  -0.000000e+000  
-3.405257e-004  -5.253415e-004  -7.269638e-004  -9.302324e-004  -3.121333e-003  -3.286231e-003  -3.366061e-003  -3.355376e-003  -3.294194e-003  -3.216071e-003  -3.079993e-003  -2.605772e-003  -1.086441e-003  -0.000000e+000  
-2.649473e-004  -3.947289e-004  -5.122240e-004  -5.931783e-004  -4.120373e-003  -4.144019e-003  -4.134079e-003  -4.067174e-003  -3.974762e-003  -3.853777e-003  -3.674049e-003  -3.081153e-003  -1.278498e-003  -0.000000e+000  
-1.957482e-004  -2.853070e-004  -3.577271e-004  -3.995911e-004  -5.070698e-003  -5.048236e-003  -4.987429e-003  -4.876487e-003  -4.737659e-003  -4.564932e-003  -4.334147e-003  -3.606119e-003  -1.489765e-003  -0.000000e+000  
-1.021112e-004  -1.458659e-004  -1.780215e-004  -1.946522e-004  -6.751377e-003  -6.695060e-003  -6.580730e-003  -6.406811e-003  -6.186768e-003  -5.919599e-003  -5.591927e-003  -4.604985e-003  -1.890948e-003  -0.000000e+000  
-3.945472e-005  -5.598950e-005  -6.777655e-005  -7.369331e-005  -9.801273e-003  -9.712422e-003  -9.535242e-003  -9.270918e-003  -8.927574e-003  -8.508148e-003  -8.009327e-003  -6.539949e-003  -2.668618e-003  -0.000000e+000  
-1.450969e-005  -2.055786e-005  -2.483711e-005  -2.697254e-005  -1.401892e-002  -1.389026e-002  -1.363407e-002  -1.325257e-002  -1.275107e-002  -1.213495e-002  -1.140776e-002  -9.279499e-003  -3.772577e-003  -0.000000e+000  
-5.322531e-006  -7.538978e-006  -9.104770e-006  -9.885649e-006  -1.964498e-002  -1.946441e-002  -1.910491e-002  -1.856972e-002  -1.786116e-002  -1.698728e-002  -1.595897e-002  -1.295729e-002  -5.255987e-003  -0.000000e+000  
-1.951976e-006  -2.763676e-006  -3.337692e-006  -3.622824e-006  -2.724823e-002  -2.699795e-002  -2.649968e-002  -2.575796e-002  -2.476989e-002  -2.354713e-002  -2.211144e-002  -1.792823e-002  -7.258920e-003  -0.000000e+000  
-7.137961e-007  -1.011812e-006  -1.221371e-006  -1.326909e-006  -3.759168e-002  -3.724672e-002  -3.655996e-002  -3.553773e-002  -3.416728e-002  -3.246538e-002  -3.047141e-002  -2.467207e-002  -9.968894e-003  -0.000000e+000  
-2.611134e-007  -3.692401e-007  -4.455704e-007  -4.831402e-007  -5.171139e-002  -5.123701e-002  -5.029265e-002  -4.888710e-002  -4.698941e-002  -4.462361e-002  -4.185850e-002  -3.383309e-002  -1.363391e-002  -0.000000e+000  
-1.024036e-007  -1.438953e-007  -1.735263e-007  -1.877671e-007  -6.985088e-002  -6.920953e-002  -6.793286e-002  -6.603291e-002  -6.344775e-002  -6.021106e-002  -5.643834e-002  -4.551529e-002  -1.827644e-002  -0.000000e+000  
-5.711738e-008  -7.980488e-008  -9.764214e-008  -1.038360e-007  -8.562456e-002  -8.483699e-002  -8.326938e-002  -8.093669e-002  -7.774235e-002  -7.372871e-002  -6.906108e-002  -5.557611e-002  -2.223996e-002  -0.000000e+000  
-4.022983e-008  -5.323439e-008  -6.915899e-008  -7.252275e-008  -9.590088e-002  -9.501767e-002  -9.325976e-002  -9.064405e-002  -8.704871e-002  -8.252183e-002  -7.726438e-002  -6.209498e-002  -2.479568e-002  -0.000000e+000  
-2.650114e-008  -3.912329e-008  -4.688948e-008  -5.074239e-008  -1.074278e-001  -1.064368e-001  -1.044645e-001  -1.015299e-001  -9.747950e-002  -9.236789e-002  -8.644017e-002  -6.936172e-002  -2.762884e-002  -0.000000e+000  
-1.989720e-008  -2.511416e-008  -3.232888e-008  -3.627647e-008  -1.203397e-001  -1.192275e-001  -1.170137e-001  -1.137202e-001  -1.091533e-001  -1.033751e-001  -9.668541e-002  -7.744325e-002  -3.075967e-002  -0.000000e+000  
-1.417373e-008  -1.347221e-008  -2.611858e-008  -2.336684e-008  -1.348001e-001  -1.335512e-001  -1.310657e-001  -1.273680e-001  -1.222141e-001  -1.156744e-001  -1.081169e-001  -8.641889e-002  -3.421151e-002  -0.000000e+000  
-6.556848e-009  -1.613052e-008  -1.364671e-008  -1.783184e-008  -1.510205e-001  -1.496176e-001  -1.468255e-001  -1.426719e-001  -1.368484e-001  -1.294349e-001  -1.208853e-001  -9.639003e-002  -3.801386e-002  -0.000000e+000  
-4.612740e-009  -6.844430e-009  -7.434890e-009  -7.915212e-009  -1.819598e-001  -1.802614e-001  -1.768813e-001  -1.718530e-001  -1.647281e-001  -1.556046e-001  -1.451207e-001  -1.151958e-001  -4.511514e-002  -0.000000e+000  
-2.216096e-009  -2.138612e-009  -3.804061e-009  -3.400441e-009  -2.437672e-001  -2.414726e-001  -2.369051e-001  -2.301079e-001  -2.202445e-001  -2.074504e-001  -1.928583e-001  -1.515377e-001  -5.844780e-002  -0.000000e+000  
-5.380867e-010  -9.131733e-010  -7.870340e-010  -1.299355e-009  -3.346125e-001  -3.314482e-001  -3.251425e-001  -3.157431e-001  -3.015298e-001  -2.826933e-001  -2.614474e-001  -2.020070e-001  -7.607509e-002  -0.000000e+000  
4.865770e-010  -8.661137e-010  -1.132296e-010  -1.327201e-009  -4.595715e-001  -4.553029e-001  -4.467673e-001  -4.339749e-001  -4.131565e-001  -3.845764e-001  -3.528385e-001  -2.655487e-001  -9.660900e-002  -0.000000e+000  
-1.328118e-010  3.083096e-010  3.445511e-010  5.973566e-010  -6.304072e-001  -6.250906e-001  -6.143410e-001  -5.979543e-001  -5.669900e-001  -5.218068e-001  -4.727448e-001  -3.411080e-001  -1.180533e-001  -0.000000e+000  
-4.517121e-010  -8.223929e-010  9.464769e-011  3.211365e-010  -8.573836e-001  -8.525769e-001  -8.423730e-001  -8.256858e-001  -7.793758e-001  -7.039650e-001  -6.248752e-001  -4.206260e-001  -1.354857e-001  -0.000000e+000  
1.317253e-010  3.238812e-010  2.265588e-011  9.708718e-011  -1.112334e+000  -1.115039e+000  -1.118307e+000  -1.118058e+000  -1.051528e+000  -9.200241e-001  -7.899926e-001  -4.753996e-001  -1.390735e-001  -0.000000e+000  
5.329428e-011  8.491531e-010  -7.213290e-010  -9.390839e-010  -1.251763e+000  -1.273857e+000  -1.313490e+000  -1.361171e+000  -1.278846e+000  -1.071531e+000  -8.833230e-001  -4.699757e-001  -1.267639e-001  -0.000000e+000  
6.998334e-011  2.521274e-009  -2.224860e-009  -5.160662e-010  -1.294407e+000  -1.335385e+000  -1.412014e+000  -1.511348e+000  -1.418847e+000  -1.146215e+000  -9.156126e-001  -4.477577e-001  -1.147628e-001  -0.000000e+000  
-2.407735e-010  -1.692610e-009  -1.564906e-011  -2.106136e-009  -1.266354e+000  -1.334933e+000  -1.469793e+000  -1.659082e+000  -1.553646e+000  -1.184302e+000  -9.047487e-001  -4.008310e-001  -9.755050e-002  -0.000000e+000  
1.164926e-009  -1.527542e-009  -4.292362e-010  7.880666e-011  -1.124043e+000  -1.223429e+000  -1.434734e+000  -1.772717e+000  -1.646130e+000  -1.139761e+000  -8.177561e-001  -3.252078e-001  -7.540425e-002  -0.000000e+000  
-2.112372e-009  3.999665e-011  -1.423965e-009  1.897626e-009  -8.260554e-001  -9.360183e-001  -1.199167e+000  -1.739810e+000  -1.581368e+000  -9.294320e-001  -6.151437e-001  -2.206609e-001  -4.915145e-002  -0.000000e+000  
5.274995e-010  1.270609e-009  4.488616e-009  -1.029783e-009  -4.115437e-001  -4.712329e-001  -6.087262e-001  -8.562888e-001  -7.872808e-001  -4.727948e-001  -3.087448e-001  -1.063031e-001  -2.325079e-002  -0.000000e+000  
6.220482e-010  -4.269112e-009  2.308317e-010  3.949348e-009  -3.527076e-009  3.127455e-010  -1.449026e-009  1.061303e-009  -1.220653e-009  -2.652108e-009  9.539519e-010  -7.324999e-011  -4.730804e-010  -0.000000e+000  
-0.000000e+000  -1.517329e-009  9.119557e-010  -0.000000e+000  4.115437e-001  4.712329e-001  6.087262e-001  8.562888e-001  7.872808e-001  4.727948e-001  3.087448e-001  1.063031e-001  2.325079e-002  -0.000000e+000  
-2.221076e-009  3.989525e-010  4.126593e-010  -1.141398e-009  8.260554e-001  9.360183e-001  1.199167e+000  1.739810e+000  1.581368e+000  9.294320e-001  6.151437e-001  2.206609e-001  4.915145e-002  -0.000000e+000  
-3.886156e-010  -1.767242e-010  5.396967e-010  -1.134883e-009  1.124043e+000  1.223429e+000  1.434734e+000  1.772717e+000  1.646130e+000  1.139761e+000  8.177561e-001  3.252078e-001  7.540425e-002  -0.000000e+000  
8.343584e-010  -2.092228e-009  1.056595e-009  1.301644e-009  1.266354e+000  1.334933e+000  1.469793e+000  1.659082e+000  1.553646e+000  1.184302e+000  9.047487e-001  4.008310e-001  9.755050e-002  -0.000000e+000  
-4.216806e-010  1.134113e-009  2.612207e-010  -2.574841e-010  1.294407e+000  1.335385e+000  1.412014e+000  1.511348e+000  1.418847e+000  1.146215e+000  9.156126e-001  4.477577e-001  1.147628e-001  -0.000000e+000  
-6.871834e-010  -9.757442e-010  -4.456659e-010  1.286901e-009  1.251763e+000  1.273857e+000  1.313490e+000  1.361171e+000  1.278846e+000  1.071531e+000  8.833230e-001  4.699757e-001  1.267639e-001  -0.000000e+000  
6.014928e-010  -9.644854e-010  1.715791e-009  3.562409e-011  1.112334e+000  1.115039e+000  1.118307e+000  1.118058e+000  1.051528e+000  9.200241e-001  7.899926e-001  4.753996e-001  1.390735e-001  -0.000000e+000  
7.272784e-010  5.228679e-010  -0.000000e+000  -1.857475e-010  8.573836e-001  8.525769e-001  8.423730e-001  8.256858e-001  7.793758e-001  7.039650e-001  6.248752e-001  4.206260e-001  1.354857e-001  -0.000000e+000  
1.106223e-010  3.393180e-010  2.785318e-010  -0.000000e+000  6.304072e-001  6.250906e-001  6.143410e-001  5.979543e-001  5.669900e-001  5.218068e-001  4.727448e-001  3.411080e-001  1.180533e-001  -0.000000e+000  
7.925459e-010  -1.866113e-010  6.101902e-010  -3.803366e-010  4.595715e-001  4.553029e-001  4.467673e-001  4.339749e-001  4.131565e-001  3.845764e-001  3.528385e-001  2.655487e-001  9.660900e-002  -0.000000e+000  
5.407197e-010  7.602760e-010  7.097866e-010  8.293922e-010  3.346125e-001  3.314482e-001  3.251425e-001  3.157431e-001  3.015298e-001  2.826933e-001  2.614474e-001  2.020070e-001  7.607509e-002  -0.000000e+000  
1.802956e-009  2.648041e-009  2.549985e-009  3.082489e-009  2.437672e-001  2.414726e-001  2.369051e-001  2.301079e-001  2.202445e-001  2.074504e-001  1.928583e-001  1.515377e-001  5.844780e-002  -0.000000e+000  
4.390012e-009  6.454273e-009  8.495731e-009  9.670988e-009  1.819598e-001  1.802614e-001  1.768813e-001  1.718530e-001  1.647281e-001  1.556046e-001  1.451207e-001  1.151958e-001  4.511514e-002  -0.000000e+000  
8.809386e-009  1.393020e-008  1.534851e-008  1.760532e-008  1.510205e-001  1.496176e-001  1.468255e-001  1.426718e-001  1.368484e-001  1.294349e-001  1.208853e-001  9.639003e-002  3.801386e-002  -0.000000e+000  
1.141985e-008  2.056755e-008  2.147643e-008  2.422279e-008  1.348001e-001  1.335512e-001  1.310657e-001  1.273680e-001  1.222141e-001  1.156744e-001  1.081169e-001  8.641889e-002  3.421151e-002  -0.000000e+000  
2.129302e-008  2.399964e-008  3.341251e-008  3.454856e-008  1.203398e-001  1.192275e-001  1.170137e-001  1.137202e-001  1.091533e-001  1.033751e-001  9.668541e-002  7.744325e-002  3.075967e-002  -0.000000e+000  
2.646659e-008  4.002718e-008  4.605573e-008  5.068817e-008  1.074278e-001  1.064368e-001  1.044645e-001  1.015299e-001  9.747951e-002  9.236789e-002  8.644017e-002  6.936172e-002  2.762884e-002  -0.000000e+000  
3.859368e-008  5.807682e-008  6.488124e-008  7.325670e-008  9.590088e-002  9.501767e-002  9.325977e-002  9.064405e-002  8.704871e-002  8.252183e-002  7.726438e-002  6.209498e-002  2.479568e-002  -0.000000e+000  
5.844158e-008  7.741080e-008  1.000285e-007  1.033316e-007  8.562455e-002  8.483699e-002  8.326938e-002  8.093669e-002  7.774235e-002  7.372872e-002  6.906108e-002  5.557611e-002  2.223996e-002  -0.000000e+000  
1.026287e-007  1.441759e-007  1.736606e-007  1.880905e-007  6.985088e-002  6.920953e-002  6.793286e-002  6.603291e-002  6.344776e-002  6.021106e-002  5.643834e-002  4.551529e-002  1.827644e-002  -0.000000e+000  
2.594446e-007  3.686558e-007  4.445656e-007  4.831454e-007  5.171139e-002  5.123701e-002  5.029265e-002  4.888710e-002  4.698941e-002  4.462361e-002  4.185850e-002  3.383309e-002  1.363391e-002  -0.000000e+000  
7.145411e-007  1.011787e-006  1.222885e-006  1.327796e-006  3.759168e-002  3.724672e-002  3.655996e-002  3.553773e-002  3.416728e-002  3.246538e-002  3.047141e-002  2.467208e-002  9.968894e-003  -0.000000e+000  
1.951254e-006  2.763582e-006  3.337320e-006  3.623178e-006  2.724823e-002  2.699795e-002  2.649968e-002  2.575796e-002  2.476989e-002  2.354713e-002  2.211144e-002  1.792823e-002  7.258919e-003  -0.000000e+000  
5.322561e-006  7.538539e-006  9.104914e-006  9.885331e-006  1.964498e-002  1.946441e-002  1.910491e-002  1.856972e-002  1.786116e-002  1.698728e-002  1.595897e-002  1.295729e-002  5.255987e-003  -0.000000e+000  
1.450886e-005  2.055720e-005  2.483719e-005  2.697310e-005  1.401892e-002  1.389026e-002  1.363407e-002  1.325257e-002  1.275107e-002  1.213495e-002  1.140777e-002  9.279499e-003  3.772577e-003  -0.000000e+000  
3.945556e-005  5.599056e-005  6.777526e-005  7.369207e-005  9.801272e-003  9.712421e-003  9.535241e-003  9.270918e-003  8.927573e-003  8.508148e-003  8.009327e-003  6.539949e-003  2.668619e-003  -0.000000e+000  
1.021110e-004  1.458661e-004  1.780210e-004  1.946515e-004  6.751377e-003  6.695061e-003  6.580730e-003  6.406811e-003  6.186768e-003  5.919600e-003  5.591929e-003  4.604985e-003  1.890949e-003  -0.000000e+000  
1.957513e-004  2.853039e-004  3.577310e-004  3.995905e-004  5.070700e-003  5.048234e-003  4.987429e-003  4.876486e-003  4.737660e-003  4.564933e-003  4.334145e-003  3.606119e-003  1.489765e-003  -0.000000e+000  
2.649449e-004  3.947320e-004  5.122226e-004  5.931794e-004  4.120373e-003  4.144019e-003  4.134083e-003  4.067175e-003  3.974761e-003  3.853775e-003  3.674049e-003  3.081153e-003  1.278498e-003  -0.000000e+000  
3.405267e-004  5.253419e-004  7.269620e-004  9.302328e-004  3.121335e-003  3.286229e-003  3.366061e-003  3.355373e-003  3.294195e-003  3.216071e-003  3.079991e-003  2.605772e-003  1.086442e-003  -0.000000e+000  
3.952481e-004  6.305424e-004  9.404889e-004  1.418169e-003  2.121490e-003  2.475389e-003  2.653998e-003  2.722642e-003  2.707280e-003  2.652505e-003  2.550696e-003  2.177677e-003  9.124687e-004  -0.000000e+000  
3.943380e-004  6.219104e-004  8.965695e-004  1.233174e-003  1.600405e-003  1.870469e-003  2.043125e-003  2.135538e-003  2.171019e-003  2.148441e-003  2.077300e-003  1.790451e-003  7.539119e-004  -0.000000e+000  
3.494192e-004  5.428505e-004  7.602821e-004  9.994724e-004  1.236179e-003  1.430329e-003  1.569942e-003  1.656259e-003  1.703306e-003  1.699304e-003  1.651274e-003  1.435918e-003  6.074088e-004  -0.000000e+000  
1.818454e-004  2.743002e-004  3.672258e-004  4.582945e-004  5.423909e-004  6.149253e-004  6.733388e-004  7.160258e-004  7.469446e-004  7.570239e-004  7.451351e-004  6.659116e-004  2.860288e-004  -0.000000e+000  
-0.000000e+000  -0.000000e+000  -0.000000e+000  -0.000000e+000  -0.000000e+000  -0.000000e+000  -0.000000e+000  -0.000000e+000  -0.000000e+000  -0.000000e+000  -0.000000e+000  -0.000000e+000  -0.000000e+000  -0.000000e+000  

